#
# There is insufficient memory for the Java Runtime Environment to continue.
# Native memory allocation (malloc) failed to allocate 215856 bytes for Chunk::new
# Possible reasons:
#   The system is out of physical RAM or swap space
#   In 32 bit mode, the process size limit was hit
# Possible solutions:
#   Reduce memory load on the system
#   Increase physical memory or swap space
#   Check if swap backing store is full
#   Use 64 bit Java on a 64 bit OS
#   Decrease Java heap size (-Xmx/-Xms)
#   Decrease number of Java threads
#   Decrease Java thread stack sizes (-Xss)
#   Set larger code cache with -XX:ReservedCodeCacheSize=
# This output file may be truncated or incomplete.
#
#  Out of Memory Error (allocation.cpp:390), pid=8844, tid=0x000000000000205c
#
# JRE version: Java(TM) SE Runtime Environment (8.0_101-b13) (build 1.8.0_101-b13)
# Java VM: Java HotSpot(TM) 64-Bit Server VM (25.101-b13 mixed mode windows-amd64 compressed oops)
# Failed to write core dump. Minidumps are not enabled by default on client versions of Windows
#

---------------  T H R E A D  ---------------

Current thread (0x0000000055217000):  JavaThread "C2 CompilerThread0" daemon [_thread_in_native, id=8284, stack(0x0000000056820000,0x0000000056920000)]

Stack: [0x0000000056820000,0x0000000056920000]
[error occurred during error reporting (printing stack bounds), id 0xc0000005]

Native frames: (J=compiled Java code, j=interpreted, Vv=VM code, C=native code)


Current CompileTask:
C2:   2550 1165       4       com.android.dx.ssa.back.FirstFitLocalCombiningAllocator$1::visitNonMoveInsn (6 bytes)


---------------  P R O C E S S  ---------------

Java Threads: ( => current thread )
  0x0000000056b88800 JavaThread "Service Thread" daemon [_thread_blocked, id=3808, stack(0x0000000057120000,0x0000000057220000)]
  0x0000000056af0800 JavaThread "C1 CompilerThread2" daemon [_thread_blocked, id=3168, stack(0x0000000056ef0000,0x0000000056ff0000)]
  0x000000005521e800 JavaThread "C2 CompilerThread1" daemon [_thread_in_native, id=8644, stack(0x00000000569f0000,0x0000000056af0000)]
=>0x0000000055217000 JavaThread "C2 CompilerThread0" daemon [_thread_in_native, id=8284, stack(0x0000000056820000,0x0000000056920000)]
  0x0000000055212800 JavaThread "Attach Listener" daemon [_thread_blocked, id=4100, stack(0x0000000056630000,0x0000000056730000)]
  0x0000000055211800 JavaThread "Signal Dispatcher" daemon [_thread_blocked, id=5992, stack(0x0000000056510000,0x0000000056610000)]
  0x00000000551f9800 JavaThread "Finalizer" daemon [_thread_blocked, id=8504, stack(0x00000000563a0000,0x00000000564a0000)]
  0x00000000551b2800 JavaThread "Reference Handler" daemon [_thread_blocked, id=6812, stack(0x0000000056220000,0x0000000056320000)]
  0x00000000021a8000 JavaThread "main" [_thread_in_Java, id=9164, stack(0x00000000025c0000,0x00000000026c0000)]

Other Threads:
  0x00000000551aa800 VMThread [stack: 0x00000000560d0000,0x00000000561d0000] [id=2016]
  0x0000000056b8d000 WatcherThread [stack: 0x00000000573d0000,0x00000000574d0000] [id=1692]

VM state:not at safepoint (normal execution)

VM Mutex/Monitor currently owned by a thread: None

Heap:
 PSYoungGen      total 35840K, used 28277K [0x00000000eab00000, 0x00000000ed300000, 0x0000000100000000)
  eden space 30720K, 92% used [0x00000000eab00000,0x00000000ec69d6e8,0x00000000ec900000)
  from space 5120K, 0% used [0x00000000ece00000,0x00000000ece00000,0x00000000ed300000)
  to   space 5120K, 0% used [0x00000000ec900000,0x00000000ec900000,0x00000000ece00000)
 ParOldGen       total 81920K, used 0K [0x00000000c0000000, 0x00000000c5000000, 0x00000000eab00000)
  object space 81920K, 0% used [0x00000000c0000000,0x00000000c0000000,0x00000000c5000000)
 Metaspace       used 5591K, capacity 6960K, committed 7040K, reserved 1056768K
  class space    used 559K, capacity 616K, committed 640K, reserved 1048576K

Card table byte_map: [0x0000000011d50000,0x0000000011f60000] byte_map_base: 0x0000000011750000

Marking Bits: (ParMarkBitMap*) 0x000000005d72a6d0
 Begin Bits: [0x0000000012620000, 0x0000000013620000)
 End Bits:   [0x0000000013620000, 0x0000000014620000)

Polling page: 0x0000000000270000

CodeCache: size=245760Kb used=4851Kb max_used=4851Kb free=240908Kb
 bounds [0x0000000002990000, 0x0000000002e60000, 0x0000000011990000]
 total_blobs=1450 nmethods=1191 adapters=173
 compilation: enabled

Compilation events (10 events):
Event: 2.530 Thread 0x0000000056af0800 nmethod 1192 0x0000000002e4a0d0 code [0x0000000002e4a400, 0x0000000002e4b8e8]
Event: 2.533 Thread 0x0000000056af0800 1193       3       com.android.dx.rop.cst.CstKnownNull::equals (5 bytes)
Event: 2.534 Thread 0x0000000056af0800 nmethod 1193 0x0000000002e4c390 code [0x0000000002e4c4e0, 0x0000000002e4c730]
Event: 2.543 Thread 0x0000000056af0800 1197       3       com.android.dx.ssa.back.LivenessAnalyzer::coInterferePhis (128 bytes)
Event: 2.545 Thread 0x0000000056af0800 nmethod 1197 0x0000000002e4c7d0 code [0x0000000002e4ca60, 0x0000000002e4dcd8]
Event: 2.545 Thread 0x0000000056af0800 1198       1       java.util.TreeMap$Entry::getValue (5 bytes)
Event: 2.545 Thread 0x0000000056af0800 nmethod 1198 0x0000000002e4e6d0 code [0x0000000002e4e820, 0x0000000002e4e930]
Event: 2.545 Thread 0x0000000056af0800 1196       3       com.android.dx.ssa.PhiTypeResolver::equalsHandlesNulls (23 bytes)
Event: 2.546 Thread 0x0000000056af0800 nmethod 1196 0x0000000002e4e990 code [0x0000000002e4eb20, 0x0000000002e4ef68]
Event: 2.547 Thread 0x0000000056af0800 1199       3       com.android.dx.rop.code.Rops::opMarkLocal (69 bytes)

GC Heap History (0 events):
No events

Deoptimization events (9 events):
Event: 1.097 Thread 0x00000000021a8000 Uncommon trap: reason=unstable_if action=reinterpret pc=0x0000000002b79b60 method=java.util.HashMap.getNode(ILjava/lang/Object;)Ljava/util/HashMap$Node; @ 62
Event: 1.822 Thread 0x00000000021a8000 Uncommon trap: reason=class_check action=maybe_recompile pc=0x0000000002c85f80 method=com.android.dx.rop.type.Type.equals(Ljava/lang/Object;)Z @ 8
Event: 1.824 Thread 0x00000000021a8000 Uncommon trap: reason=class_check action=maybe_recompile pc=0x0000000002c85f80 method=com.android.dx.rop.type.Type.equals(Ljava/lang/Object;)Z @ 8
Event: 1.832 Thread 0x00000000021a8000 Uncommon trap: reason=unstable_if action=reinterpret pc=0x0000000002c84298 method=com.android.dx.ssa.SsaRenamer$BlockRenamer.addMapping(ILcom/android/dx/rop/code/RegisterSpec;)V @ 120
Event: 1.981 Thread 0x00000000021a8000 Uncommon trap: reason=unstable_if action=reinterpret pc=0x0000000002c50a54 method=com.android.dx.rop.code.LocalItem.hashCode()I @ 25
Event: 1.981 Thread 0x00000000021a8000 Uncommon trap: reason=unstable_if action=reinterpret pc=0x0000000002c1159c method=com.android.dx.rop.code.LocalItem.hashCode()I @ 25
Event: 1.986 Thread 0x00000000021a8000 Uncommon trap: reason=class_check action=maybe_recompile pc=0x0000000002c85f80 method=com.android.dx.rop.type.Type.equals(Ljava/lang/Object;)Z @ 8
Event: 1.989 Thread 0x00000000021a8000 Uncommon trap: reason=class_check action=maybe_recompile pc=0x0000000002c85f80 method=com.android.dx.rop.type.Type.equals(Ljava/lang/Object;)Z @ 8
Event: 2.137 Thread 0x00000000021a8000 Uncommon trap: reason=unstable_if action=reinterpret pc=0x0000000002c0ce24 method=java.util.BitSet.ensureCapacity(I)V @ 6

Internal exceptions (2 events):
Event: 0.063 Thread 0x00000000021a8000 Exception <a 'java/lang/NoSuchMethodError': Method sun.misc.Unsafe.defineClass(Ljava/lang/String;[BII)Ljava/lang/Class; name or signature does not match> (0x00000000eab07cc0) thrown at [C:\re\workspace\8-2-build-windows-amd64-cygwin\jdk8u101\7261\hotspot\sÈ>ÄÇ#°?
Event: 0.063 Thread 0x00000000021a8000 Exception <a 'java/lang/NoSuchMethodError': Method sun.misc.Unsafe.prefetchRead(Ljava/lang/Object;J)V name or signature does not match> (0x00000000eab07fa8) thrown at [C:\re\workspace\8-2-build-windows-amd64-cygwin\jdk8u101\7261\hotspot\src\share\vm\prims\

Events (10 events):
Event: 1.989 Thread 0x00000000021a8000 DEOPT UNPACKING pc=0x00000000029d582a sp=0x00000000026be358 mode 2
Event: 2.028 loading class com/android/dx/cf/attrib/AttExceptions
Event: 2.028 loading class com/android/dx/cf/attrib/AttExceptions done
Event: 2.137 Thread 0x00000000021a8000 Uncommon trap: trap_request=0xffffff65 fr.pc=0x0000000002c0ce24
Event: 2.137 Thread 0x00000000021a8000 DEOPT PACKING pc=0x0000000002c0ce24 sp=0x00000000026be9f0
Event: 2.137 Thread 0x00000000021a8000 DEOPT UNPACKING pc=0x00000000029d582a sp=0x00000000026be8c8 mode 2
Event: 2.414 Executing VM operation: ForceSafepoint
Event: 2.414 Executing VM operation: ForceSafepoint done
Event: 2.452 loading class com/android/dx/cf/attrib/AttEnclosingMethod
Event: 2.452 loading class com/android/dx/cf/attrib/AttEnclosingMethod done


Dynamic libraries:
0x000000013f850000 - 0x000000013f887000 	C:\Program Files\Java\jdk1.8.0_101\bin\java.exe
0x0000000077b10000 - 0x0000000077cba000 	C:\Windows\SYSTEM32\ntdll.dll
0x000007fee9ab0000 - 0x000007fee9ae3000 	C:\Program Files (x86)\AVG\Av\avghooka.dll
0x0000000077890000 - 0x00000000779af000 	C:\Windows\system32\kernel32.dll
0x000007fefcd60000 - 0x000007fefcdca000 	C:\Windows\system32\KERNELBASE.dll
0x000007fefd830000 - 0x000007fefd90b000 	C:\Windows\system32\ADVAPI32.dll
0x000007fefdc60000 - 0x000007fefdcff000 	C:\Windows\system32\msvcrt.dll
0x000007fefeac0000 - 0x000007fefeadf000 	C:\Windows\SYSTEM32\sechost.dll
0x000007fefd700000 - 0x000007fefd82d000 	C:\Windows\system32\RPCRT4.dll
0x0000000077790000 - 0x000000007788a000 	C:\Windows\system32\USER32.dll
0x000007fefd120000 - 0x000007fefd187000 	C:\Windows\system32\GDI32.dll
0x000007fefd190000 - 0x000007fefd19e000 	C:\Windows\system32\LPK.dll
0x000007fefd630000 - 0x000007fefd6fa000 	C:\Windows\system32\USP10.dll
0x000007fefb710000 - 0x000007fefb904000 	C:\Windows\WinSxS\amd64_microsoft.windows.common-controls_6595b64144ccf1df_6.0.7601.18837_none_fa3b1e3d17594757\COMCTL32.dll
0x000007fefd560000 - 0x000007fefd5d1000 	C:\Windows\system32\SHLWAPI.dll
0x000007fefea90000 - 0x000007fefeabe000 	C:\Windows\system32\IMM32.DLL
0x000007fefdb50000 - 0x000007fefdc59000 	C:\Windows\system32\MSCTF.dll
0x0000000058aa0000 - 0x0000000058b72000 	C:\Program Files\Java\jdk1.8.0_101\jre\bin\msvcr100.dll
0x000000005cf10000 - 0x000000005d7aa000 	C:\Program Files\Java\jdk1.8.0_101\jre\bin\server\jvm.dll
0x000007fee7d20000 - 0x000007fee7d29000 	C:\Windows\system32\WSOCK32.dll
0x000007fefd5e0000 - 0x000007fefd62d000 	C:\Windows\system32\WS2_32.dll
0x000007fefd470000 - 0x000007fefd478000 	C:\Windows\system32\NSI.dll
0x000007fef62d0000 - 0x000007fef630b000 	C:\Windows\system32\WINMM.dll
0x000007fefbda0000 - 0x000007fefbdac000 	C:\Windows\system32\VERSION.dll
0x0000000077ce0000 - 0x0000000077ce7000 	C:\Windows\system32\PSAPI.DLL
0x00000000647d0000 - 0x00000000647df000 	C:\Program Files\Java\jdk1.8.0_101\jre\bin\verify.dll
0x000000005cee0000 - 0x000000005cf09000 	C:\Program Files\Java\jdk1.8.0_101\jre\bin\java.dll
0x000000005da10000 - 0x000000005da26000 	C:\Program Files\Java\jdk1.8.0_101\jre\bin\zip.dll
0x000007fefdd00000 - 0x000007fefea89000 	C:\Windows\system32\SHELL32.dll
0x000007fefd260000 - 0x000007fefd463000 	C:\Windows\system32\ole32.dll
0x000007fefcc30000 - 0x000007fefcc3f000 	C:\Windows\system32\profapi.dll

VM Arguments:
jvm_args: -Djava.awt.headless=true -Xmx1024M -Dfile.encoding=windows-1252 -Duser.country=US -Duser.language=en -Duser.variant 
java_command: com.android.dx.command.Main --dex --force-jumbo --multi-dex --output C:\Users\Sleazy P Martini\Desktop\AndroidProgrammerTest\app\build\intermediates\transforms\dex\debug\folders\1000\10\com.android.support-support-core-utils-24.2.1_cc13ef204b70d0d0d605bcaf4a9825af2c475088 C:\Users\Sleazy P Martini\Desktop\AndroidProgrammerTest\app\build\intermediates\exploded-aar\com.android.support\support-core-utils\24.2.1\jars\classes.jar
java_class_path (initial): C:\Android\sdk\build-tools\21.1.2\lib\dx.jar
Launcher Type: SUN_STANDARD

Environment Variables:
JAVA_HOME=C:\Program Files\Java\jdk1.8.0_101
PATH=C:\Windows\Microsoft.NET\Framework64\v4.0.30319;C:\Program Files\Microsoft\Web Platform Installer\;C:\Program Files\Microsoft SQL Server\120\Tools\Binn\;C:\Program Files\Microsoft SQL Server\Client SDK\ODBC\110\Tools\Binn\;C:\Program Files (x86)\Microsoft SQL Server\120\Tools\Binn\;C:\Program Files\Microsoft SQL Server\120\DTS\Binn\;C:\Program Files (x86)\Microsoft SQL Server\120\Tools\Binn\ManagementStudio\;C:\Program Files (x86)\Microsoft SQL Server\120\DTS\Binn\;C:\Program Files\MongoDB\Server\3.2\bin;C:\Python27\;C:\Python27\Scripts\;C:\Program Files\emacs\bin\;C:\Program Files\nodejs\;C:\Program Files (x86)\Skype\Phone\;C:\Program Files\Microsoft DNX\Dnvm\;C:\Program Files\Microsoft SQL Server\130\Tools\Binn\;C:\Program Files\Git\cmd;C:\Program Files (x86)\Windows Kits\10\Windows Performance Toolkit\;C:\Users\Sleazy P Martini\.dnx\bin;C:\Users\Sleazy P Martini\AppData\Local\Pandoc\;C:\Users\Sleazy P Martini\AppData\Roaming\npm
USERNAME=Sleazy P Martini
OS=Windows_NT
PROCESSOR_IDENTIFIER=AMD64 Family 18 Model 1 Stepping 0, AuthenticAMD



---------------  S Y S T E M  ---------------

OS: Windows 7 , 64 bit Build 7601 (6.1.7601.23418)

CPU:total 4 (4 cores per cpu, 1 threads per core) family 18 model 1 stepping 0, cmov, cx8, fxsr, mmx, sse, sse2, sse3, popcnt, mmxext, 3dnowpref, lzcnt, sse4a, tsc, tscinvbit, tscinv

Memory: 4k page, physical 7842716k(1022040k free), swap 8889432k(5168k free)

vm_info: Java HotSpot(TM) 64-Bit Server VM (25.101-b13) for windows-amd64 JRE (1.8.0_101-b13), built on Jun 22 2016 01:21:29 by "java_re" with MS VC++ 10.0 (VS2010)

time: Fri Sep 16 16:07:45 2016
elapsed time: 2 seconds (0d 0h 0m 2s)

