#
# There is insufficient memory for the Java Runtime Environment to continue.
# Native memory allocation (malloc) failed to allocate 32744 bytes for ChunkPool::allocate
# Possible reasons:
#   The system is out of physical RAM or swap space
#   In 32 bit mode, the process size limit was hit
# Possible solutions:
#   Reduce memory load on the system
#   Increase physical memory or swap space
#   Check if swap backing store is full
#   Use 64 bit Java on a 64 bit OS
#   Decrease Java heap size (-Xmx/-Xms)
#   Decrease number of Java threads
#   Decrease Java thread stack sizes (-Xss)
#   Set larger code cache with -XX:ReservedCodeCacheSize=
# This output file may be truncated or incomplete.
#
#  Out of Memory Error (allocation.cpp:273), pid=9948, tid=0x0000000000000a14
#
# JRE version: Java(TM) SE Runtime Environment (8.0_101-b13) (build 1.8.0_101-b13)
# Java VM: Java HotSpot(TM) 64-Bit Server VM (25.101-b13 mixed mode windows-amd64 compressed oops)
# Failed to write core dump. Minidumps are not enabled by default on client versions of Windows
#

---------------  T H R E A D  ---------------

Current thread (0x00000000552dc800):  JavaThread "C1 CompilerThread2" daemon [_thread_in_native, id=2580, stack(0x0000000056db0000,0x0000000056eb0000)]

Stack: [0x0000000056db0000,0x0000000056eb0000]
[error occurred during error reporting (printing stack bounds), id 0xc0000005]

Native frames: (J=compiled Java code, j=interpreted, Vv=VM code, C=native code)


Current CompileTask:
C1:   2148  720   !   3       com.android.dx.cf.code.RopperMachine::run (1550 bytes)


---------------  P R O C E S S  ---------------

Java Threads: ( => current thread )
  0x00000000552de800 JavaThread "Service Thread" daemon [_thread_blocked, id=4752, stack(0x0000000056500000,0x0000000056600000)]
=>0x00000000552dc800 JavaThread "C1 CompilerThread2" daemon [_thread_in_native, id=2580, stack(0x0000000056db0000,0x0000000056eb0000)]
  0x00000000552db800 JavaThread "C2 CompilerThread1" daemon [_thread_blocked, id=7796, stack(0x0000000056bd0000,0x0000000056cd0000)]
  0x00000000552d7000 JavaThread "C2 CompilerThread0" daemon [_thread_blocked, id=8592, stack(0x0000000056a00000,0x0000000056b00000)]
  0x00000000552d2800 JavaThread "Attach Listener" daemon [_thread_blocked, id=6504, stack(0x00000000568e0000,0x00000000569e0000)]
  0x00000000552d1800 JavaThread "Signal Dispatcher" daemon [_thread_blocked, id=7356, stack(0x00000000566a0000,0x00000000567a0000)]
  0x00000000552b9800 JavaThread "Finalizer" daemon [_thread_blocked, id=7028, stack(0x0000000056230000,0x0000000056330000)]
  0x0000000055272800 JavaThread "Reference Handler" daemon [_thread_blocked, id=7040, stack(0x0000000056340000,0x0000000056440000)]
  0x0000000002308000 JavaThread "main" [_thread_in_Java, id=9984, stack(0x00000000025b0000,0x00000000026b0000)]

Other Threads:
  0x000000005526a800 VMThread [stack: 0x0000000056130000,0x0000000056230000] [id=3200]
  0x0000000056f11000 WatcherThread [stack: 0x00000000573c0000,0x00000000574c0000] [id=5468]

VM state:not at safepoint (normal execution)

VM Mutex/Monitor currently owned by a thread: None

Heap:
 PSYoungGen      total 35840K, used 11327K [0x00000000eab00000, 0x00000000ed300000, 0x0000000100000000)
  eden space 30720K, 36% used [0x00000000eab00000,0x00000000eb60fe78,0x00000000ec900000)
  from space 5120K, 0% used [0x00000000ece00000,0x00000000ece00000,0x00000000ed300000)
  to   space 5120K, 0% used [0x00000000ec900000,0x00000000ec900000,0x00000000ece00000)
 ParOldGen       total 81920K, used 0K [0x00000000c0000000, 0x00000000c5000000, 0x00000000eab00000)
  object space 81920K, 0% used [0x00000000c0000000,0x00000000c0000000,0x00000000c5000000)
 Metaspace       used 5252K, capacity 6640K, committed 6784K, reserved 1056768K
  class space    used 551K, capacity 616K, committed 640K, reserved 1048576K

Card table byte_map: [0x0000000011d40000,0x0000000011f50000] byte_map_base: 0x0000000011740000

Marking Bits: (ParMarkBitMap*) 0x00000000591ba6d0
 Begin Bits: [0x00000000126e0000, 0x00000000136e0000)
 End Bits:   [0x00000000136e0000, 0x00000000146e0000)

Polling page: 0x0000000000180000

CodeCache: size=245760Kb used=2921Kb max_used=2934Kb free=242838Kb
 bounds [0x0000000002980000, 0x0000000002c60000, 0x0000000011980000]
 total_blobs=980 nmethods=721 adapters=173
 compilation: enabled

Compilation events (10 events):
Event: 2.100 Thread 0x00000000552dc800  718       3       com.android.dx.cf.code.BaseMachine::getLocalTarget (151 bytes)
Event: 2.101 Thread 0x00000000552dc800 nmethod 718 0x0000000002c4e610 code [0x0000000002c4e8c0, 0x0000000002c4fa48]
Event: 2.103 Thread 0x00000000552dc800  719       3       com.android.dx.dex.code.OutputFinisher::hasLocalInfo (75 bytes)
Event: 2.104 Thread 0x00000000552dc800 nmethod 719 0x0000000002c50290 code [0x0000000002c504a0, 0x0000000002c51278]
Event: 2.105 Thread 0x00000000552dc800  723       3       com.android.dx.cf.code.BaseMachine::storeResults (90 bytes)
Event: 2.106 Thread 0x00000000552dc800 nmethod 723 0x0000000002c51710 code [0x0000000002c51900, 0x0000000002c52388]
Event: 2.106 Thread 0x00000000552dc800  721       3       com.android.dx.cf.code.RopperMachine::getSources (264 bytes)
Event: 2.111 Thread 0x00000000552dc800 nmethod 721 0x0000000002c52890 code [0x0000000002c52ea0, 0x0000000002c576d8]
Event: 2.111 Thread 0x00000000552dc800  720   !   3       com.android.dx.cf.code.RopperMachine::run (1550 bytes)
Event: 2.120 Thread 0x00000000552db800 nmethod 713 0x0000000002c5e190 code [0x0000000002c5e340, 0x0000000002c5eb98]

GC Heap History (0 events):
No events

Deoptimization events (0 events):
No events

Internal exceptions (2 events):
Event: 0.094 Thread 0x0000000002308000 Exception <a 'java/lang/NoSuchMethodError': Method sun.misc.Unsafe.defineClass(Ljava/lang/String;[BII)Ljava/lang/Class; name or signature does not match> (0x00000000eab07cc0) thrown at [C:\re\workspace\8-2-build-windows-amd64-cygwin\jdk8u101\7261\hotspot\s5íh’ ¸?
Event: 0.094 Thread 0x0000000002308000 Exception <a 'java/lang/NoSuchMethodError': Method sun.misc.Unsafe.prefetchRead(Ljava/lang/Object;J)V name or signature does not match> (0x00000000eab07fa8) thrown at [C:\re\workspace\8-2-build-windows-amd64-cygwin\jdk8u101\7261\hotspot\src\share\vm\prims\

Events (10 events):
Event: 1.488 loading class java/util/TreeMap$EntryIterator
Event: 1.488 loading class java/util/TreeMap$EntryIterator done
Event: 1.583 loading class com/android/dx/dex/file/MethodAnnotationStruct
Event: 1.583 loading class com/android/dx/dex/file/MethodAnnotationStruct done
Event: 1.589 loading class com/android/dx/ssa/PhiInsn$Operand
Event: 1.589 loading class com/android/dx/ssa/PhiInsn$Operand done
Event: 1.594 loading class com/android/dx/ssa/back/FirstFitLocalCombiningAllocator$Multiset
Event: 1.594 loading class com/android/dx/ssa/back/FirstFitLocalCombiningAllocator$Multiset done
Event: 2.091 loading class java/util/ArrayList$1
Event: 2.091 loading class java/util/ArrayList$1 done


Dynamic libraries:
0x000000013fe80000 - 0x000000013feb7000 	C:\Program Files\Java\jdk1.8.0_101\bin\java.exe
0x0000000077b10000 - 0x0000000077cba000 	C:\Windows\SYSTEM32\ntdll.dll
0x000007fee9ab0000 - 0x000007fee9ae3000 	C:\Program Files (x86)\AVG\Av\avghooka.dll
0x0000000077890000 - 0x00000000779af000 	C:\Windows\system32\kernel32.dll
0x000007fefcd60000 - 0x000007fefcdca000 	C:\Windows\system32\KERNELBASE.dll
0x000007fefd830000 - 0x000007fefd90b000 	C:\Windows\system32\ADVAPI32.dll
0x000007fefdc60000 - 0x000007fefdcff000 	C:\Windows\system32\msvcrt.dll
0x000007fefeac0000 - 0x000007fefeadf000 	C:\Windows\SYSTEM32\sechost.dll
0x000007fefd700000 - 0x000007fefd82d000 	C:\Windows\system32\RPCRT4.dll
0x0000000077790000 - 0x000000007788a000 	C:\Windows\system32\USER32.dll
0x000007fefd120000 - 0x000007fefd187000 	C:\Windows\system32\GDI32.dll
0x000007fefd190000 - 0x000007fefd19e000 	C:\Windows\system32\LPK.dll
0x000007fefd630000 - 0x000007fefd6fa000 	C:\Windows\system32\USP10.dll
0x000007fefb710000 - 0x000007fefb904000 	C:\Windows\WinSxS\amd64_microsoft.windows.common-controls_6595b64144ccf1df_6.0.7601.18837_none_fa3b1e3d17594757\COMCTL32.dll
0x000007fefd560000 - 0x000007fefd5d1000 	C:\Windows\system32\SHLWAPI.dll
0x000007fefea90000 - 0x000007fefeabe000 	C:\Windows\system32\IMM32.DLL
0x000007fefdb50000 - 0x000007fefdc59000 	C:\Windows\system32\MSCTF.dll
0x000000005c910000 - 0x000000005c9e2000 	C:\Program Files\Java\jdk1.8.0_101\jre\bin\msvcr100.dll
0x00000000589a0000 - 0x000000005923a000 	C:\Program Files\Java\jdk1.8.0_101\jre\bin\server\jvm.dll
0x000007fee7d20000 - 0x000007fee7d29000 	C:\Windows\system32\WSOCK32.dll
0x000007fefd5e0000 - 0x000007fefd62d000 	C:\Windows\system32\WS2_32.dll
0x000007fefd470000 - 0x000007fefd478000 	C:\Windows\system32\NSI.dll
0x000007fef62d0000 - 0x000007fef630b000 	C:\Windows\system32\WINMM.dll
0x000007fefbda0000 - 0x000007fefbdac000 	C:\Windows\system32\VERSION.dll
0x0000000077ce0000 - 0x0000000077ce7000 	C:\Windows\system32\PSAPI.DLL
0x0000000064450000 - 0x000000006445f000 	C:\Program Files\Java\jdk1.8.0_101\jre\bin\verify.dll
0x0000000063240000 - 0x0000000063269000 	C:\Program Files\Java\jdk1.8.0_101\jre\bin\java.dll
0x0000000063220000 - 0x0000000063236000 	C:\Program Files\Java\jdk1.8.0_101\jre\bin\zip.dll
0x000007fefdd00000 - 0x000007fefea89000 	C:\Windows\system32\SHELL32.dll
0x000007fefd260000 - 0x000007fefd463000 	C:\Windows\system32\ole32.dll
0x000007fefcc30000 - 0x000007fefcc3f000 	C:\Windows\system32\profapi.dll

VM Arguments:
jvm_args: -Djava.awt.headless=true -Xmx1024M -Dfile.encoding=windows-1252 -Duser.country=US -Duser.language=en -Duser.variant 
java_command: com.android.dx.command.Main --dex --force-jumbo --multi-dex --output C:\Users\Sleazy P Martini\Desktop\AndroidProgrammerTest\app\build\intermediates\transforms\dex\debug\folders\1000\10\com.android.support-support-compat-24.2.1_ae6b986da6aaef8b001c2716b07e15f54cfbb32c C:\Users\Sleazy P Martini\Desktop\AndroidProgrammerTest\app\build\intermediates\exploded-aar\com.android.support\support-compat\24.2.1\jars\classes.jar
java_class_path (initial): C:\Android\sdk\build-tools\21.1.2\lib\dx.jar
Launcher Type: SUN_STANDARD

Environment Variables:
JAVA_HOME=C:\Program Files\Java\jdk1.8.0_101
PATH=C:\Windows\Microsoft.NET\Framework64\v4.0.30319;C:\Program Files\Microsoft\Web Platform Installer\;C:\Program Files\Microsoft SQL Server\120\Tools\Binn\;C:\Program Files\Microsoft SQL Server\Client SDK\ODBC\110\Tools\Binn\;C:\Program Files (x86)\Microsoft SQL Server\120\Tools\Binn\;C:\Program Files\Microsoft SQL Server\120\DTS\Binn\;C:\Program Files (x86)\Microsoft SQL Server\120\Tools\Binn\ManagementStudio\;C:\Program Files (x86)\Microsoft SQL Server\120\DTS\Binn\;C:\Program Files\MongoDB\Server\3.2\bin;C:\Python27\;C:\Python27\Scripts\;C:\Program Files\emacs\bin\;C:\Program Files\nodejs\;C:\Program Files (x86)\Skype\Phone\;C:\Program Files\Microsoft DNX\Dnvm\;C:\Program Files\Microsoft SQL Server\130\Tools\Binn\;C:\Program Files\Git\cmd;C:\Program Files (x86)\Windows Kits\10\Windows Performance Toolkit\;C:\Users\Sleazy P Martini\.dnx\bin;C:\Users\Sleazy P Martini\AppData\Local\Pandoc\;C:\Users\Sleazy P Martini\AppData\Roaming\npm
USERNAME=Sleazy P Martini
OS=Windows_NT
PROCESSOR_IDENTIFIER=AMD64 Family 18 Model 1 Stepping 0, AuthenticAMD



---------------  S Y S T E M  ---------------

OS: Windows 7 , 64 bit Build 7601 (6.1.7601.23418)

CPU:total 4 (4 cores per cpu, 1 threads per core) family 18 model 1 stepping 0, cmov, cx8, fxsr, mmx, sse, sse2, sse3, popcnt, mmxext, 3dnowpref, lzcnt, sse4a, tsc, tscinvbit, tscinv

Memory: 4k page, physical 7842716k(755964k free), swap 8889432k(7960k free)

vm_info: Java HotSpot(TM) 64-Bit Server VM (25.101-b13) for windows-amd64 JRE (1.8.0_101-b13), built on Jun 22 2016 01:21:29 by "java_re" with MS VC++ 10.0 (VS2010)

time: Fri Sep 16 18:48:01 2016
elapsed time: 2 seconds (0d 0h 0m 2s)

