#
# There is insufficient memory for the Java Runtime Environment to continue.
# Native memory allocation (malloc) failed to allocate 32744 bytes for ChunkPool::allocate
# Possible reasons:
#   The system is out of physical RAM or swap space
#   In 32 bit mode, the process size limit was hit
# Possible solutions:
#   Reduce memory load on the system
#   Increase physical memory or swap space
#   Check if swap backing store is full
#   Use 64 bit Java on a 64 bit OS
#   Decrease Java heap size (-Xmx/-Xms)
#   Decrease number of Java threads
#   Decrease Java thread stack sizes (-Xss)
#   Set larger code cache with -XX:ReservedCodeCacheSize=
# This output file may be truncated or incomplete.
#
#  Out of Memory Error (allocation.cpp:273), pid=7524, tid=0x00000000000024a8
#
# JRE version: Java(TM) SE Runtime Environment (8.0_101-b13) (build 1.8.0_101-b13)
# Java VM: Java HotSpot(TM) 64-Bit Server VM (25.101-b13 mixed mode windows-amd64 compressed oops)
# Failed to write core dump. Minidumps are not enabled by default on client versions of Windows
#

---------------  T H R E A D  ---------------

Current thread (0x00000000552fe000):  JavaThread "C1 CompilerThread2" daemon [_thread_in_native, id=9384, stack(0x0000000057090000,0x0000000057190000)]

Stack: [0x0000000057090000,0x0000000057190000]
[error occurred during error reporting (printing stack bounds), id 0xc0000005]

Native frames: (J=compiled Java code, j=interpreted, Vv=VM code, C=native code)


Current CompileTask:
C1:    333   47  s!   3       sun.misc.URLClassPath::getLoader (197 bytes)


---------------  P R O C E S S  ---------------

Java Threads: ( => current thread )
  0x00000000552ff000 JavaThread "Service Thread" daemon [_thread_blocked, id=9256, stack(0x00000000571e0000,0x00000000572e0000)]
=>0x00000000552fe000 JavaThread "C1 CompilerThread2" daemon [_thread_in_native, id=9384, stack(0x0000000057090000,0x0000000057190000)]
  0x0000000056858800 JavaThread "C2 CompilerThread1" daemon [_thread_blocked, id=9280, stack(0x0000000056f40000,0x0000000057040000)]
  0x0000000056854000 JavaThread "C2 CompilerThread0" daemon [_thread_blocked, id=9248, stack(0x0000000012330000,0x0000000012430000)]
  0x0000000056850800 JavaThread "Attach Listener" daemon [_thread_blocked, id=9268, stack(0x0000000056dd0000,0x0000000056ed0000)]
  0x00000000552f3000 JavaThread "Signal Dispatcher" daemon [_thread_blocked, id=9232, stack(0x0000000056ca0000,0x0000000056da0000)]
  0x00000000552db800 JavaThread "Finalizer" daemon [_thread_blocked, id=9312, stack(0x0000000056750000,0x0000000056850000)]
  0x0000000055294000 JavaThread "Reference Handler" daemon [_thread_blocked, id=10132, stack(0x0000000056510000,0x0000000056610000)]
  0x00000000021d8000 JavaThread "main" [_thread_in_Java, id=10124, stack(0x0000000002550000,0x0000000002650000)]

Other Threads:
  0x000000005528c800 VMThread [stack: 0x00000000562d0000,0x00000000563d0000] [id=10160]
  0x00000000568d0800 WatcherThread [stack: 0x00000000573c0000,0x00000000574c0000] [id=9276]

VM state:not at safepoint (normal execution)

VM Mutex/Monitor currently owned by a thread: None

Heap:
 PSYoungGen      total 35840K, used 1843K [0x00000000eab00000, 0x00000000ed300000, 0x0000000100000000)
  eden space 30720K, 6% used [0x00000000eab00000,0x00000000eacccd50,0x00000000ec900000)
  from space 5120K, 0% used [0x00000000ece00000,0x00000000ece00000,0x00000000ed300000)
  to   space 5120K, 0% used [0x00000000ec900000,0x00000000ec900000,0x00000000ece00000)
 ParOldGen       total 81920K, used 0K [0x00000000c0000000, 0x00000000c5000000, 0x00000000eab00000)
  object space 81920K, 0% used [0x00000000c0000000,0x00000000c0000000,0x00000000c5000000)
 Metaspace       used 2926K, capacity 4656K, committed 4864K, reserved 1056768K
  class space    used 318K, capacity 424K, committed 512K, reserved 1048576K

Card table byte_map: [0x0000000011ce0000,0x0000000011ef0000] byte_map_base: 0x00000000116e0000

Marking Bits: (ParMarkBitMap*) 0x00000000591ba6d0
 Begin Bits: [0x0000000012700000, 0x0000000013700000)
 End Bits:   [0x0000000013700000, 0x0000000014700000)

Polling page: 0x0000000000350000

CodeCache: size=245760Kb used=1128Kb max_used=1128Kb free=244631Kb
 bounds [0x0000000002920000, 0x0000000002b90000, 0x0000000011920000]
 total_blobs=279 nmethods=45 adapters=148
 compilation: enabled

Compilation events (10 events):
Event: 0.324 Thread 0x00000000552fe000 nmethod 40 0x0000000002a38210 code [0x0000000002a38360, 0x0000000002a38470]
Event: 0.325 Thread 0x00000000552fe000   41       3       java.util.concurrent.ConcurrentHashMap::setTabAt (19 bytes)
Event: 0.325 Thread 0x00000000552fe000 nmethod 41 0x0000000002a384d0 code [0x0000000002a38620, 0x0000000002a38790]
Event: 0.325 Thread 0x00000000552fe000   43       1       java.net.URL::getProtocol (5 bytes)
Event: 0.325 Thread 0x00000000552fe000 nmethod 43 0x0000000002a38bd0 code [0x0000000002a38d20, 0x0000000002a38e30]
Event: 0.326 Thread 0x00000000552fe000   44       3       java.util.HashMap::getNode (148 bytes)
Event: 0.327 Thread 0x00000000552fe000 nmethod 44 0x0000000002a38e90 code [0x0000000002a39060, 0x0000000002a399e8]
Event: 0.329 Thread 0x00000000552fe000   45       3       java.lang.String::substring (79 bytes)
Event: 0.329 Thread 0x00000000552fe000 nmethod 45 0x0000000002a39cd0 code [0x0000000002a39e80, 0x0000000002a3a318]
Event: 0.330 Thread 0x00000000552fe000   47  s!   3       sun.misc.URLClassPath::getLoader (197 bytes)

GC Heap History (0 events):
No events

Deoptimization events (0 events):
No events

Internal exceptions (2 events):
Event: 0.149 Thread 0x00000000021d8000 Exception <a 'java/lang/NoSuchMethodError': Method sun.misc.Unsafe.defineClass(Ljava/lang/String;[BII)Ljava/lang/Class; name or signature does not match> (0x00000000eab07cc0) thrown at [C:\re\workspace\8-2-build-windows-amd64-cygwin\jdk8u101\7261\hotspot\s§	ÖA'#Ã?
Event: 0.150 Thread 0x00000000021d8000 Exception <a 'java/lang/NoSuchMethodError': Method sun.misc.Unsafe.prefetchRead(Ljava/lang/Object;J)V name or signature does not match> (0x00000000eab07fa8) thrown at [C:\re\workspace\8-2-build-windows-amd64-cygwin\jdk8u101\7261\hotspot\src\share\vm\prims\

Events (10 events):
Event: 0.323 loading class com/android/dx/command/DxConsole
Event: 0.323 loading class com/android/dx/command/DxConsole done
Event: 0.325 loading class com/android/dx/dex/DexOptions
Event: 0.325 loading class com/android/dx/dex/DexOptions done
Event: 0.326 loading class com/android/dx/dex/file/DexFile
Event: 0.326 loading class com/android/dx/dex/file/DexFile done
Event: 0.328 loading class com/android/dx/rop/cst/Constant
Event: 0.328 loading class com/android/dx/rop/cst/Constant done
Event: 0.330 loading class com/android/dx/util/ToHuman
Event: 0.330 loading class com/android/dx/util/ToHuman done


Dynamic libraries:
0x000000013fe80000 - 0x000000013feb7000 	C:\Program Files\Java\jdk1.8.0_101\bin\java.exe
0x0000000077b10000 - 0x0000000077cba000 	C:\Windows\SYSTEM32\ntdll.dll
0x000007fee9ab0000 - 0x000007fee9ae3000 	C:\Program Files (x86)\AVG\Av\avghooka.dll
0x0000000077890000 - 0x00000000779af000 	C:\Windows\system32\kernel32.dll
0x000007fefcd60000 - 0x000007fefcdca000 	C:\Windows\system32\KERNELBASE.dll
0x000007fefd830000 - 0x000007fefd90b000 	C:\Windows\system32\ADVAPI32.dll
0x000007fefdc60000 - 0x000007fefdcff000 	C:\Windows\system32\msvcrt.dll
0x000007fefeac0000 - 0x000007fefeadf000 	C:\Windows\SYSTEM32\sechost.dll
0x000007fefd700000 - 0x000007fefd82d000 	C:\Windows\system32\RPCRT4.dll
0x0000000077790000 - 0x000000007788a000 	C:\Windows\system32\USER32.dll
0x000007fefd120000 - 0x000007fefd187000 	C:\Windows\system32\GDI32.dll
0x000007fefd190000 - 0x000007fefd19e000 	C:\Windows\system32\LPK.dll
0x000007fefd630000 - 0x000007fefd6fa000 	C:\Windows\system32\USP10.dll
0x000007fefb710000 - 0x000007fefb904000 	C:\Windows\WinSxS\amd64_microsoft.windows.common-controls_6595b64144ccf1df_6.0.7601.18837_none_fa3b1e3d17594757\COMCTL32.dll
0x000007fefd560000 - 0x000007fefd5d1000 	C:\Windows\system32\SHLWAPI.dll
0x000007fefea90000 - 0x000007fefeabe000 	C:\Windows\system32\IMM32.DLL
0x000007fefdb50000 - 0x000007fefdc59000 	C:\Windows\system32\MSCTF.dll
0x000000005c910000 - 0x000000005c9e2000 	C:\Program Files\Java\jdk1.8.0_101\jre\bin\msvcr100.dll
0x00000000589a0000 - 0x000000005923a000 	C:\Program Files\Java\jdk1.8.0_101\jre\bin\server\jvm.dll
0x000007fee7d20000 - 0x000007fee7d29000 	C:\Windows\system32\WSOCK32.dll
0x000007fefd5e0000 - 0x000007fefd62d000 	C:\Windows\system32\WS2_32.dll
0x000007fefd470000 - 0x000007fefd478000 	C:\Windows\system32\NSI.dll
0x000007fef62d0000 - 0x000007fef630b000 	C:\Windows\system32\WINMM.dll
0x000007fefbda0000 - 0x000007fefbdac000 	C:\Windows\system32\VERSION.dll
0x0000000077ce0000 - 0x0000000077ce7000 	C:\Windows\system32\PSAPI.DLL
0x0000000064450000 - 0x000000006445f000 	C:\Program Files\Java\jdk1.8.0_101\jre\bin\verify.dll
0x0000000063240000 - 0x0000000063269000 	C:\Program Files\Java\jdk1.8.0_101\jre\bin\java.dll
0x0000000063220000 - 0x0000000063236000 	C:\Program Files\Java\jdk1.8.0_101\jre\bin\zip.dll
0x000007fefdd00000 - 0x000007fefea89000 	C:\Windows\system32\SHELL32.dll
0x000007fefd260000 - 0x000007fefd463000 	C:\Windows\system32\ole32.dll
0x000007fefcc30000 - 0x000007fefcc3f000 	C:\Windows\system32\profapi.dll

VM Arguments:
jvm_args: -Djava.awt.headless=true -Xmx1024M -Dfile.encoding=windows-1252 -Duser.country=US -Duser.language=en -Duser.variant 
java_command: com.android.dx.command.Main --dex --force-jumbo --multi-dex --output C:\Users\Sleazy P Martini\Desktop\AndroidProgrammerTest\app\build\intermediates\transforms\dex\debug\folders\1000\10\com.android.support-support-v4-24.2.1_24df60bfac34523b94cac387bf002badd292c98c C:\Users\Sleazy P Martini\Desktop\AndroidProgrammerTest\app\build\intermediates\exploded-aar\com.android.support\support-v4\24.2.1\jars\classes.jar
java_class_path (initial): C:\Android\sdk\build-tools\21.1.2\lib\dx.jar
Launcher Type: SUN_STANDARD

Environment Variables:
JAVA_HOME=C:\Program Files\Java\jdk1.8.0_101
PATH=C:\Windows\Microsoft.NET\Framework64\v4.0.30319;C:\Program Files\Microsoft\Web Platform Installer\;C:\Program Files\Microsoft SQL Server\120\Tools\Binn\;C:\Program Files\Microsoft SQL Server\Client SDK\ODBC\110\Tools\Binn\;C:\Program Files (x86)\Microsoft SQL Server\120\Tools\Binn\;C:\Program Files\Microsoft SQL Server\120\DTS\Binn\;C:\Program Files (x86)\Microsoft SQL Server\120\Tools\Binn\ManagementStudio\;C:\Program Files (x86)\Microsoft SQL Server\120\DTS\Binn\;C:\Program Files\MongoDB\Server\3.2\bin;C:\Python27\;C:\Python27\Scripts\;C:\Program Files\emacs\bin\;C:\Program Files\nodejs\;C:\Program Files (x86)\Skype\Phone\;C:\Program Files\Microsoft DNX\Dnvm\;C:\Program Files\Microsoft SQL Server\130\Tools\Binn\;C:\Program Files\Git\cmd;C:\Program Files (x86)\Windows Kits\10\Windows Performance Toolkit\;C:\Users\Sleazy P Martini\.dnx\bin;C:\Users\Sleazy P Martini\AppData\Local\Pandoc\;C:\Users\Sleazy P Martini\AppData\Roaming\npm
USERNAME=Sleazy P Martini
OS=Windows_NT
PROCESSOR_IDENTIFIER=AMD64 Family 18 Model 1 Stepping 0, AuthenticAMD



---------------  S Y S T E M  ---------------

OS: Windows 7 , 64 bit Build 7601 (6.1.7601.23418)

CPU:total 4 (4 cores per cpu, 1 threads per core) family 18 model 1 stepping 0, cmov, cx8, fxsr, mmx, sse, sse2, sse3, popcnt, mmxext, 3dnowpref, lzcnt, sse4a, tsc, tscinvbit, tscinv

Memory: 4k page, physical 7842716k(842116k free), swap 8889432k(5092k free)

vm_info: Java HotSpot(TM) 64-Bit Server VM (25.101-b13) for windows-amd64 JRE (1.8.0_101-b13), built on Jun 22 2016 01:21:29 by "java_re" with MS VC++ 10.0 (VS2010)

time: Fri Sep 16 18:48:22 2016
elapsed time: 0 seconds (0d 0h 0m 0s)

