#
# There is insufficient memory for the Java Runtime Environment to continue.
# Native memory allocation (malloc) failed to allocate 139024 bytes for Chunk::new
# Possible reasons:
#   The system is out of physical RAM or swap space
#   In 32 bit mode, the process size limit was hit
# Possible solutions:
#   Reduce memory load on the system
#   Increase physical memory or swap space
#   Check if swap backing store is full
#   Use 64 bit Java on a 64 bit OS
#   Decrease Java heap size (-Xmx/-Xms)
#   Decrease number of Java threads
#   Decrease Java thread stack sizes (-Xss)
#   Set larger code cache with -XX:ReservedCodeCacheSize=
# This output file may be truncated or incomplete.
#
#  Out of Memory Error (allocation.cpp:390), pid=3968, tid=0x0000000000000670
#
# JRE version: Java(TM) SE Runtime Environment (8.0_101-b13) (build 1.8.0_101-b13)
# Java VM: Java HotSpot(TM) 64-Bit Server VM (25.101-b13 mixed mode windows-amd64 compressed oops)
# Failed to write core dump. Minidumps are not enabled by default on client versions of Windows
#

---------------  T H R E A D  ---------------

Current thread (0x00000000566d8800):  JavaThread "C2 CompilerThread1" daemon [_thread_in_native, id=1648, stack(0x00000000570a0000,0x00000000571a0000)]

Stack: [0x00000000570a0000,0x00000000571a0000]
[error occurred during error reporting (printing stack bounds), id 0xc0000005]

Native frames: (J=compiled Java code, j=interpreted, Vv=VM code, C=native code)


Current CompileTask:
C2:   5937 1472       4       com.android.dx.ssa.SsaRenamer$BlockRenamer::process (191 bytes)


---------------  P R O C E S S  ---------------

Java Threads: ( => current thread )
  0x00000000566de000 JavaThread "Service Thread" daemon [_thread_blocked, id=9224, stack(0x00000000571b0000,0x00000000572b0000)]
  0x00000000566da800 JavaThread "C1 CompilerThread2" daemon [_thread_in_native, id=2412, stack(0x0000000056f70000,0x0000000057070000)]
=>0x00000000566d8800 JavaThread "C2 CompilerThread1" daemon [_thread_in_native, id=1648, stack(0x00000000570a0000,0x00000000571a0000)]
  0x0000000056684000 JavaThread "C2 CompilerThread0" daemon [_thread_in_native, id=10196, stack(0x0000000056e60000,0x0000000056f60000)]
  0x0000000055284800 JavaThread "Attach Listener" daemon [_thread_blocked, id=5280, stack(0x0000000056a80000,0x0000000056b80000)]
  0x0000000055283000 JavaThread "Signal Dispatcher" daemon [_thread_blocked, id=6592, stack(0x0000000056c70000,0x0000000056d70000)]
  0x0000000055269000 JavaThread "Finalizer" daemon [_thread_blocked, id=10164, stack(0x0000000056320000,0x0000000056420000)]
  0x0000000055222000 JavaThread "Reference Handler" daemon [_thread_blocked, id=10184, stack(0x0000000056580000,0x0000000056680000)]
  0x0000000002448000 JavaThread "main" [_thread_blocked, id=7100, stack(0x00000000025e0000,0x00000000026e0000)]

Other Threads:
  0x000000005521a800 VMThread [stack: 0x0000000056430000,0x0000000056530000] [id=5728]
  0x00000000566ec800 WatcherThread [stack: 0x0000000057360000,0x0000000057460000] [id=2144]

VM state:not at safepoint (normal execution)

VM Mutex/Monitor currently owned by a thread:  ([mutex/lock_event])
[0x0000000001dcccd0] Heap_lock - owner thread: 0x0000000002448000

Heap:
 PSYoungGen      total 35840K, used 5315K [0x00000000eab00000, 0x00000000ed300000, 0x0000000100000000)
  eden space 30720K, 0% used [0x00000000eab00000,0x00000000eab31f90,0x00000000ec900000)
  from space 5120K, 99% used [0x00000000ece00000,0x00000000ed2fed28,0x00000000ed300000)
  to   space 5120K, 0% used [0x00000000ec900000,0x00000000ec900000,0x00000000ece00000)
 ParOldGen       total 81920K, used 6672K [0x00000000c0000000, 0x00000000c5000000, 0x00000000eab00000)
  object space 81920K, 8% used [0x00000000c0000000,0x00000000c0684298,0x00000000c5000000)
 Metaspace       used 5861K, capacity 7024K, committed 7296K, reserved 1056768K
  class space    used 563K, capacity 616K, committed 640K, reserved 1048576K

Card table byte_map: [0x0000000011d70000,0x0000000011f80000] byte_map_base: 0x0000000011770000

Marking Bits: (ParMarkBitMap*) 0x00000000591ba6d0
 Begin Bits: [0x0000000012690000, 0x0000000013690000)
 End Bits:   [0x0000000013690000, 0x0000000014690000)

Polling page: 0x0000000000450000

CodeCache: size=245760Kb used=6057Kb max_used=6057Kb free=239702Kb
 bounds [0x00000000029b0000, 0x0000000002fa0000, 0x00000000119b0000]
 total_blobs=1740 nmethods=1476 adapters=178
 compilation: enabled

Compilation events (10 events):
Event: 5.785 Thread 0x00000000566da800 nmethod 1488 0x0000000002f98210 code [0x0000000002f98360, 0x0000000002f98470]
Event: 5.786 Thread 0x00000000566da800 1489       2       com.android.dx.ssa.SsaInsn::setResult (20 bytes)
Event: 5.786 Thread 0x00000000566da800 nmethod 1489 0x0000000002f93550 code [0x0000000002f936c0, 0x0000000002f938c8]
Event: 5.790 Thread 0x00000000566da800 1490       2       com.android.dx.ssa.back.SsaToRop$PhiVisitor::visitPhiInsn (67 bytes)
Event: 5.792 Thread 0x00000000566da800 nmethod 1490 0x0000000002f9ead0 code [0x0000000002f9ecc0, 0x0000000002f9f248]
Event: 5.795 Thread 0x00000000566da800 1491       2       com.android.dx.ssa.back.IdenticalBlockCombiner::replaceSucc (83 bytes)
Event: 5.796 Thread 0x00000000566da800 nmethod 1491 0x0000000002f9e2d0 code [0x0000000002f9e480, 0x0000000002f9e7d8]
Event: 5.810 Thread 0x00000000566da800 1494       2       com.android.dx.ssa.PhiInsn::updateSourcesToDefinitions (68 bytes)
Event: 5.933 Thread 0x00000000566da800 nmethod 1494 0x0000000002f9d9d0 code [0x0000000002f9db80, 0x0000000002f9df38]
Event: 5.933 Thread 0x00000000566da800 1495       2       com.android.dx.ssa.PhiTypeResolver::resolveResultType (308 bytes)

GC Heap History (4 events):
Event: 5.243 GC heap before
{Heap before GC invocations=1 (full 0):
 PSYoungGen      total 35840K, used 30720K [0x00000000eab00000, 0x00000000ed300000, 0x0000000100000000)
  eden space 30720K, 100% used [0x00000000eab00000,0x00000000ec900000,0x00000000ec900000)
  from space 5120K, 0% used [0x00000000ece00000,0x00000000ece00000,0x00000000ed300000)
  to   space 5120K, 0% used [0x00000000ec900000,0x00000000ec900000,0x00000000ece00000)
 ParOldGen       total 81920K, used 0K [0x00000000c0000000, 0x00000000c5000000, 0x00000000eab00000)
  object space 81920K, 0% used [0x00000000c0000000,0x00000000c0000000,0x00000000c5000000)
 Metaspace       used 5739K, capacity 6896K, committed 7040K, reserved 1056768K
  class space    used 562K, capacity 616K, committed 640K, reserved 1048576K
Event: 5.270 GC heap after
Heap after GC invocations=1 (full 0):
 PSYoungGen      total 35840K, used 5118K [0x00000000eab00000, 0x00000000ed300000, 0x0000000100000000)
  eden space 30720K, 0% used [0x00000000eab00000,0x00000000eab00000,0x00000000ec900000)
  from space 5120K, 99% used [0x00000000ec900000,0x00000000ecdffb48,0x00000000ece00000)
  to   space 5120K, 0% used [0x00000000ece00000,0x00000000ece00000,0x00000000ed300000)
 ParOldGen       total 81920K, used 1418K [0x00000000c0000000, 0x00000000c5000000, 0x00000000eab00000)
  object space 81920K, 1% used [0x00000000c0000000,0x00000000c0162820,0x00000000c5000000)
 Metaspace       used 5739K, capacity 6896K, committed 7040K, reserved 1056768K
  class space    used 562K, capacity 616K, committed 640K, reserved 1048576K
}
Event: 5.811 GC heap before
{Heap before GC invocations=2 (full 0):
 PSYoungGen      total 35840K, used 35838K [0x00000000eab00000, 0x00000000ed300000, 0x0000000100000000)
  eden space 30720K, 100% used [0x00000000eab00000,0x00000000ec900000,0x00000000ec900000)
  from space 5120K, 99% used [0x00000000ec900000,0x00000000ecdffb48,0x00000000ece00000)
  to   space 5120K, 0% used [0x00000000ece00000,0x00000000ece00000,0x00000000ed300000)
 ParOldGen       total 81920K, used 1418K [0x00000000c0000000, 0x00000000c5000000, 0x00000000eab00000)
  object space 81920K, 1% used [0x00000000c0000000,0x00000000c0162820,0x00000000c5000000)
 Metaspace       used 5859K, capacity 7024K, committed 7296K, reserved 1056768K
  class space    used 563K, capacity 616K, committed 640K, reserved 1048576K
Event: 5.933 GC heap after
Heap after GC invocations=2 (full 0):
 PSYoungGen      total 35840K, used 5115K [0x00000000eab00000, 0x00000000ed300000, 0x0000000100000000)
  eden space 30720K, 0% used [0x00000000eab00000,0x00000000eab00000,0x00000000ec900000)
  from space 5120K, 99% used [0x00000000ece00000,0x00000000ed2fed28,0x00000000ed300000)
  to   space 5120K, 0% used [0x00000000ec900000,0x00000000ec900000,0x00000000ece00000)
 ParOldGen       total 81920K, used 6672K [0x00000000c0000000, 0x00000000c5000000, 0x00000000eab00000)
  object space 81920K, 8% used [0x00000000c0000000,0x00000000c0684298,0x00000000c5000000)
 Metaspace       used 5859K, capacity 7024K, committed 7296K, reserved 1056768K
  class space    used 563K, capacity 616K, committed 640K, reserved 1048576K
}

Deoptimization events (8 events):
Event: 2.653 Thread 0x0000000002448000 Uncommon trap: reason=unstable_if action=reinterpret pc=0x0000000002beb5fc method=java.util.HashMap.getNode(ILjava/lang/Object;)Ljava/util/HashMap$Node; @ 129
Event: 4.481 Thread 0x0000000002448000 Uncommon trap: reason=class_check action=maybe_recompile pc=0x0000000002d23678 method=com.android.dx.ssa.NormalSsaInsn.accept(Lcom/android/dx/ssa/SsaInsn$Visitor;)V @ 9
Event: 4.481 Thread 0x0000000002448000 Uncommon trap: reason=class_check action=maybe_recompile pc=0x0000000002c34360 method=com.android.dx.ssa.NormalSsaInsn.accept(Lcom/android/dx/ssa/SsaInsn$Visitor;)V @ 9
Event: 4.481 Thread 0x0000000002448000 Uncommon trap: reason=class_check action=maybe_recompile pc=0x0000000002c34360 method=com.android.dx.ssa.NormalSsaInsn.accept(Lcom/android/dx/ssa/SsaInsn$Visitor;)V @ 9
Event: 4.481 Thread 0x0000000002448000 Uncommon trap: reason=class_check action=maybe_recompile pc=0x0000000002c34360 method=com.android.dx.ssa.NormalSsaInsn.accept(Lcom/android/dx/ssa/SsaInsn$Visitor;)V @ 9
Event: 4.642 Thread 0x0000000002448000 Uncommon trap: reason=null_check action=make_not_entrant pc=0x0000000002d23c8c method=com.android.dx.ssa.SsaRenamer.getLocalForNewReg(I)Lcom/android/dx/rop/code/LocalItem; @ 19
Event: 4.794 Thread 0x0000000002448000 Uncommon trap: reason=unstable_if action=reinterpret pc=0x0000000002d851f8 method=java.lang.String.<init>([CII)V @ 18
Event: 5.756 Thread 0x0000000002448000 Uncommon trap: reason=unstable_if action=reinterpret pc=0x0000000002ee32a0 method=com.android.dx.ssa.SCCP.simulateStmt(Lcom/android/dx/ssa/SsaInsn;)V @ 53

Internal exceptions (3 events):
Event: 0.114 Thread 0x0000000002448000 Exception <a 'java/lang/NoSuchMethodError': Method sun.misc.Unsafe.defineClass(Ljava/lang/String;[BII)Ljava/lang/Class; name or signature does not match> (0x00000000eab07cc0) thrown at [C:\re\workspace\8-2-build-windows-amd64-cygwin\jdk8u101\7261\hotspot\se(∆sQΩ?
Event: 0.115 Thread 0x0000000002448000 Exception <a 'java/lang/NoSuchMethodError': Method sun.misc.Unsafe.prefetchRead(Ljava/lang/Object;J)V name or signature does not match> (0x00000000eab07fa8) thrown at [C:\re\workspace\8-2-build-windows-amd64-cygwin\jdk8u101\7261\hotspot\src\share\vm\prims\X}ò∆¯ê@
Event: 4.642 Thread 0x0000000002448000 Implicit null exception at 0x0000000002d225fb to 0x0000000002d23c65

Events (10 events):
Event: 5.382 loading class com/android/dx/cf/code/BytecodeArray$ConstantParserVisitor done
Event: 5.389 loading class com/android/dx/cf/code/SwitchList
Event: 5.389 loading class com/android/dx/cf/code/SwitchList done
Event: 5.464 Thread 0x0000000002448000 DEOPT PACKING pc=0x0000000002cbd12a sp=0x00000000026de620
Event: 5.464 Thread 0x0000000002448000 DEOPT UNPACKING pc=0x00000000029f747f sp=0x00000000026de3e8 mode 0
Event: 5.756 Thread 0x0000000002448000 Uncommon trap: trap_request=0xffffff65 fr.pc=0x0000000002ee32a0
Event: 5.756 Thread 0x0000000002448000 DEOPT PACKING pc=0x0000000002ee32a0 sp=0x00000000026de6e0
Event: 5.756 Thread 0x0000000002448000 DEOPT UNPACKING pc=0x00000000029f582a sp=0x00000000026de6b8 mode 2
Event: 5.811 Executing VM operation: ParallelGCFailedAllocation
Event: 5.933 Executing VM operation: ParallelGCFailedAllocation done


Dynamic libraries:
0x000000013fe80000 - 0x000000013feb7000 	C:\Program Files\Java\jdk1.8.0_101\bin\java.exe
0x0000000077b10000 - 0x0000000077cba000 	C:\Windows\SYSTEM32\ntdll.dll
0x000007fee9ab0000 - 0x000007fee9ae3000 	C:\Program Files (x86)\AVG\Av\avghooka.dll
0x0000000077890000 - 0x00000000779af000 	C:\Windows\system32\kernel32.dll
0x000007fefcd60000 - 0x000007fefcdca000 	C:\Windows\system32\KERNELBASE.dll
0x000007fefd830000 - 0x000007fefd90b000 	C:\Windows\system32\ADVAPI32.dll
0x000007fefdc60000 - 0x000007fefdcff000 	C:\Windows\system32\msvcrt.dll
0x000007fefeac0000 - 0x000007fefeadf000 	C:\Windows\SYSTEM32\sechost.dll
0x000007fefd700000 - 0x000007fefd82d000 	C:\Windows\system32\RPCRT4.dll
0x0000000077790000 - 0x000000007788a000 	C:\Windows\system32\USER32.dll
0x000007fefd120000 - 0x000007fefd187000 	C:\Windows\system32\GDI32.dll
0x000007fefd190000 - 0x000007fefd19e000 	C:\Windows\system32\LPK.dll
0x000007fefd630000 - 0x000007fefd6fa000 	C:\Windows\system32\USP10.dll
0x000007fefb710000 - 0x000007fefb904000 	C:\Windows\WinSxS\amd64_microsoft.windows.common-controls_6595b64144ccf1df_6.0.7601.18837_none_fa3b1e3d17594757\COMCTL32.dll
0x000007fefd560000 - 0x000007fefd5d1000 	C:\Windows\system32\SHLWAPI.dll
0x000007fefea90000 - 0x000007fefeabe000 	C:\Windows\system32\IMM32.DLL
0x000007fefdb50000 - 0x000007fefdc59000 	C:\Windows\system32\MSCTF.dll
0x000000005c910000 - 0x000000005c9e2000 	C:\Program Files\Java\jdk1.8.0_101\jre\bin\msvcr100.dll
0x00000000589a0000 - 0x000000005923a000 	C:\Program Files\Java\jdk1.8.0_101\jre\bin\server\jvm.dll
0x000007fee7d20000 - 0x000007fee7d29000 	C:\Windows\system32\WSOCK32.dll
0x000007fefd5e0000 - 0x000007fefd62d000 	C:\Windows\system32\WS2_32.dll
0x000007fefd470000 - 0x000007fefd478000 	C:\Windows\system32\NSI.dll
0x000007fef62d0000 - 0x000007fef630b000 	C:\Windows\system32\WINMM.dll
0x000007fefbda0000 - 0x000007fefbdac000 	C:\Windows\system32\VERSION.dll
0x0000000077ce0000 - 0x0000000077ce7000 	C:\Windows\system32\PSAPI.DLL
0x0000000064450000 - 0x000000006445f000 	C:\Program Files\Java\jdk1.8.0_101\jre\bin\verify.dll
0x0000000063240000 - 0x0000000063269000 	C:\Program Files\Java\jdk1.8.0_101\jre\bin\java.dll
0x0000000063220000 - 0x0000000063236000 	C:\Program Files\Java\jdk1.8.0_101\jre\bin\zip.dll
0x000007fefdd00000 - 0x000007fefea89000 	C:\Windows\system32\SHELL32.dll
0x000007fefd260000 - 0x000007fefd463000 	C:\Windows\system32\ole32.dll
0x000007fefcc30000 - 0x000007fefcc3f000 	C:\Windows\system32\profapi.dll

VM Arguments:
jvm_args: -Djava.awt.headless=true -Xmx1024M -Dfile.encoding=windows-1252 -Duser.country=US -Duser.language=en -Duser.variant 
java_command: com.android.dx.command.Main --dex --force-jumbo --multi-dex --output C:\Users\Sleazy P Martini\Desktop\AndroidProgrammerTest\app\build\intermediates\transforms\dex\debug\folders\1000\10\gson-2.6.2_545325868db2ba7abd5ecfe87f9a3ebe9eb49820 C:\Users\Sleazy P Martini\.gradle\caches\modules-2\files-2.1\com.google.code.gson\gson\2.6.2\f1bc476cc167b18e66c297df599b2377131a8947\gson-2.6.2.jar
java_class_path (initial): C:\Android\sdk\build-tools\21.1.2\lib\dx.jar
Launcher Type: SUN_STANDARD

Environment Variables:
JAVA_HOME=C:\Program Files\Java\jdk1.8.0_101
PATH=C:\Windows\Microsoft.NET\Framework64\v4.0.30319;C:\Program Files\Microsoft\Web Platform Installer\;C:\Program Files\Microsoft SQL Server\120\Tools\Binn\;C:\Program Files\Microsoft SQL Server\Client SDK\ODBC\110\Tools\Binn\;C:\Program Files (x86)\Microsoft SQL Server\120\Tools\Binn\;C:\Program Files\Microsoft SQL Server\120\DTS\Binn\;C:\Program Files (x86)\Microsoft SQL Server\120\Tools\Binn\ManagementStudio\;C:\Program Files (x86)\Microsoft SQL Server\120\DTS\Binn\;C:\Program Files\MongoDB\Server\3.2\bin;C:\Python27\;C:\Python27\Scripts\;C:\Program Files\emacs\bin\;C:\Program Files\nodejs\;C:\Program Files (x86)\Skype\Phone\;C:\Program Files\Microsoft DNX\Dnvm\;C:\Program Files\Microsoft SQL Server\130\Tools\Binn\;C:\Program Files\Git\cmd;C:\Program Files (x86)\Windows Kits\10\Windows Performance Toolkit\;C:\Users\Sleazy P Martini\.dnx\bin;C:\Users\Sleazy P Martini\AppData\Local\Pandoc\;C:\Users\Sleazy P Martini\AppData\Roaming\npm
USERNAME=Sleazy P Martini
OS=Windows_NT
PROCESSOR_IDENTIFIER=AMD64 Family 18 Model 1 Stepping 0, AuthenticAMD



---------------  S Y S T E M  ---------------

OS: Windows 7 , 64 bit Build 7601 (6.1.7601.23418)

CPU:total 4 (4 cores per cpu, 1 threads per core) family 18 model 1 stepping 0, cmov, cx8, fxsr, mmx, sse, sse2, sse3, popcnt, mmxext, 3dnowpref, lzcnt, sse4a, tsc, tscinvbit, tscinv

Memory: 4k page, physical 7842716k(729884k free), swap 8889432k(5100k free)

vm_info: Java HotSpot(TM) 64-Bit Server VM (25.101-b13) for windows-amd64 JRE (1.8.0_101-b13), built on Jun 22 2016 01:21:29 by "java_re" with MS VC++ 10.0 (VS2010)

time: Fri Sep 16 18:48:12 2016
elapsed time: 5 seconds (0d 0h 0m 5s)

