#
# There is insufficient memory for the Java Runtime Environment to continue.
# Native memory allocation (malloc) failed to allocate 32744 bytes for ChunkPool::allocate
# Possible reasons:
#   The system is out of physical RAM or swap space
#   In 32 bit mode, the process size limit was hit
# Possible solutions:
#   Reduce memory load on the system
#   Increase physical memory or swap space
#   Check if swap backing store is full
#   Use 64 bit Java on a 64 bit OS
#   Decrease Java heap size (-Xmx/-Xms)
#   Decrease number of Java threads
#   Decrease Java thread stack sizes (-Xss)
#   Set larger code cache with -XX:ReservedCodeCacheSize=
# This output file may be truncated or incomplete.
#
#  Out of Memory Error (allocation.cpp:273), pid=9860, tid=0x0000000000000ed8
#
# JRE version: Java(TM) SE Runtime Environment (8.0_101-b13) (build 1.8.0_101-b13)
# Java VM: Java HotSpot(TM) 64-Bit Server VM (25.101-b13 mixed mode windows-amd64 compressed oops)
# Failed to write core dump. Minidumps are not enabled by default on client versions of Windows
#

---------------  T H R E A D  ---------------

Current thread (0x0000000056af9000):  JavaThread "C1 CompilerThread2" daemon [_thread_in_native, id=3800, stack(0x00000000571c0000,0x00000000572c0000)]

Stack: [0x00000000571c0000,0x00000000572c0000]
[error occurred during error reporting (printing stack bounds), id 0xc0000005]

Native frames: (J=compiled Java code, j=interpreted, Vv=VM code, C=native code)


Current CompileTask:
C1:   2145  733   !   3      
[error occurred during error reporting (printing current compile task), id 0xe0000001]


---------------  P R O C E S S  ---------------

Java Threads: ( => current thread )
  0x0000000056b02000 JavaThread "Service Thread" daemon [_thread_blocked, id=6980, stack(0x0000000057430000,0x0000000057530000)]
=>0x0000000056af9000 JavaThread "C1 CompilerThread2" daemon [_thread_in_native, id=3800, stack(0x00000000571c0000,0x00000000572c0000)]
  0x0000000056af7000 JavaThread "C2 CompilerThread1" daemon [_thread_blocked, id=2624, stack(0x0000000056f90000,0x0000000057090000)]
  0x00000000550e0800 JavaThread "C2 CompilerThread0" daemon [_thread_in_native, id=2192, stack(0x00000000569a0000,0x0000000056aa0000)]
  0x00000000550ee800 JavaThread "Attach Listener" daemon [_thread_blocked, id=5220, stack(0x0000000056650000,0x0000000056750000)]
  0x00000000550ed000 JavaThread "Signal Dispatcher" daemon [_thread_blocked, id=7368, stack(0x0000000056840000,0x0000000056940000)]
  0x00000000550c9800 JavaThread "Finalizer" daemon [_thread_blocked, id=5576, stack(0x0000000056550000,0x0000000056650000)]
  0x0000000055082800 JavaThread "Reference Handler" daemon [_thread_blocked, id=8976, stack(0x0000000056360000,0x0000000056460000)]
  0x0000000002228000 JavaThread "main" [_thread_in_Java, id=10068, stack(0x00000000023d0000,0x00000000024d0000)]

Other Threads:
  0x000000005507a800 VMThread [stack: 0x00000000561a0000,0x00000000562a0000] [id=5684]
  0x0000000056b0e800 WatcherThread [stack: 0x0000000057660000,0x0000000057760000] [id=4420]

VM state:not at safepoint (normal execution)

VM Mutex/Monitor currently owned by a thread: None

Heap:
 PSYoungGen      total 35840K, used 11345K [0x00000000eab00000, 0x00000000ed300000, 0x0000000100000000)
  eden space 30720K, 36% used [0x00000000eab00000,0x00000000eb6144a8,0x00000000ec900000)
  from space 5120K, 0% used [0x00000000ece00000,0x00000000ece00000,0x00000000ed300000)
  to   space 5120K, 0% used [0x00000000ec900000,0x00000000ec900000,0x00000000ece00000)
 ParOldGen       total 81920K, used 0K [0x00000000c0000000, 0x00000000c5000000, 0x00000000eab00000)
  object space 81920K, 0% used [0x00000000c0000000,0x00000000c0000000,0x00000000c5000000)
 Metaspace       used 5348K, capacity 6704K, committed 6784K, reserved 1056768K
  class space    used 554K, capacity 616K, committed 640K, reserved 1048576K

Card table byte_map: [0x0000000011b60000,0x0000000011d70000] byte_map_base: 0x0000000011560000

Marking Bits: (ParMarkBitMap*) 0x00000000591ba6d0
 Begin Bits: [0x00000000124f0000, 0x00000000134f0000)
 End Bits:   [0x00000000134f0000, 0x00000000144f0000)

Polling page: 0x0000000000450000

CodeCache: size=245760Kb used=3089Kb max_used=3089Kb free=242670Kb
 bounds [0x00000000027a0000, 0x0000000002ab0000, 0x00000000117a0000]
 total_blobs=989 nmethods=730 adapters=173
 compilation: enabled

Compilation events (10 events):
Event: 2.108 Thread 0x0000000056af9000  740       3       java.util.BitSet::set (58 bytes)
Event: 2.110 Thread 0x0000000056af9000 nmethod 740 0x0000000002a9b1d0 code [0x0000000002a9b3e0, 0x0000000002a9bdf8]
Event: 2.110 Thread 0x0000000056af9000  734       3       com.android.dx.cf.code.RopperMachine::getSources (264 bytes)
Event: 2.110 Thread 0x0000000056af7000 nmethod 728 0x0000000002a9f010 code [0x0000000002a9f160, 0x0000000002a9f258]
Event: 2.110 Thread 0x0000000056af7000  742       4       java.util.ArrayList::remove (69 bytes)
Event: 2.114 Thread 0x0000000056af7000 nmethod 742 0x0000000002a9d690 code [0x0000000002a9d7e0, 0x0000000002a9d978]
Event: 2.114 Thread 0x0000000056af9000 nmethod 734 0x0000000002aa0c10 code [0x0000000002aa1220, 0x0000000002aa5a58]
Event: 2.114 Thread 0x0000000056af9000  736       3       com.android.dx.cf.code.BaseMachine::storeResults (90 bytes)
Event: 2.116 Thread 0x0000000056af9000 nmethod 736 0x0000000002a9c510 code [0x0000000002a9c700, 0x0000000002a9d188]
Event: 2.116 Thread 0x0000000056af9000  733   !   3       com.android.dx.cf.code.RopperMachine::run (1550 bytes)

GC Heap History (0 events):
No events

Deoptimization events (2 events):
Event: 1.708 Thread 0x0000000002228000 Uncommon trap: reason=unstable_if action=reinterpret pc=0x00000000029d6bdc method=java.util.HashMap.getNode(ILjava/lang/Object;)Ljava/util/HashMap$Node; @ 62
Event: 2.095 Thread 0x0000000002228000 Uncommon trap: reason=unstable_if action=reinterpret pc=0x0000000002a3ba64 method=java.util.BitSet.ensureCapacity(I)V @ 6

Internal exceptions (2 events):
Event: 0.095 Thread 0x0000000002228000 Exception <a 'java/lang/NoSuchMethodError': Method sun.misc.Unsafe.defineClass(Ljava/lang/String;[BII)Ljava/lang/Class; name or signature does not match> (0x00000000eab07cc0) thrown at [C:\re\workspace\8-2-build-windows-amd64-cygwin\jdk8u101\7261\hotspot\s…‘¼?B¸?
Event: 0.095 Thread 0x0000000002228000 Exception <a 'java/lang/NoSuchMethodError': Method sun.misc.Unsafe.prefetchRead(Ljava/lang/Object;J)V name or signature does not match> (0x00000000eab07fa8) thrown at [C:\re\workspace\8-2-build-windows-amd64-cygwin\jdk8u101\7261\hotspot\src\share\vm\prims\

Events (10 events):
Event: 2.036 loading class com/android/dx/dex/file/ParameterAnnotationStruct done
Event: 2.037 loading class com/android/dx/dex/file/UniformListItem
Event: 2.037 loading class com/android/dx/dex/file/UniformListItem done
Event: 2.042 loading class com/android/dx/dex/file/AnnotationSetRefItem
Event: 2.042 loading class com/android/dx/dex/file/AnnotationSetRefItem done
Event: 2.044 Executing VM operation: ForceSafepoint
Event: 2.044 Executing VM operation: ForceSafepoint done
Event: 2.095 Thread 0x0000000002228000 Uncommon trap: trap_request=0xffffff65 fr.pc=0x0000000002a3ba64
Event: 2.095 Thread 0x0000000002228000 DEOPT PACKING pc=0x0000000002a3ba64 sp=0x00000000024cec80
Event: 2.095 Thread 0x0000000002228000 DEOPT UNPACKING pc=0x00000000027e582a sp=0x00000000024ceb68 mode 2


Dynamic libraries:
0x000000013fe80000 - 0x000000013feb7000 	C:\Program Files\Java\jdk1.8.0_101\bin\java.exe
0x0000000077b10000 - 0x0000000077cba000 	C:\Windows\SYSTEM32\ntdll.dll
0x000007fee9ab0000 - 0x000007fee9ae3000 	C:\Program Files (x86)\AVG\Av\avghooka.dll
0x0000000077890000 - 0x00000000779af000 	C:\Windows\system32\kernel32.dll
0x000007fefcd60000 - 0x000007fefcdca000 	C:\Windows\system32\KERNELBASE.dll
0x000007fefd830000 - 0x000007fefd90b000 	C:\Windows\system32\ADVAPI32.dll
0x000007fefdc60000 - 0x000007fefdcff000 	C:\Windows\system32\msvcrt.dll
0x000007fefeac0000 - 0x000007fefeadf000 	C:\Windows\SYSTEM32\sechost.dll
0x000007fefd700000 - 0x000007fefd82d000 	C:\Windows\system32\RPCRT4.dll
0x0000000077790000 - 0x000000007788a000 	C:\Windows\system32\USER32.dll
0x000007fefd120000 - 0x000007fefd187000 	C:\Windows\system32\GDI32.dll
0x000007fefd190000 - 0x000007fefd19e000 	C:\Windows\system32\LPK.dll
0x000007fefd630000 - 0x000007fefd6fa000 	C:\Windows\system32\USP10.dll
0x000007fefb710000 - 0x000007fefb904000 	C:\Windows\WinSxS\amd64_microsoft.windows.common-controls_6595b64144ccf1df_6.0.7601.18837_none_fa3b1e3d17594757\COMCTL32.dll
0x000007fefd560000 - 0x000007fefd5d1000 	C:\Windows\system32\SHLWAPI.dll
0x000007fefea90000 - 0x000007fefeabe000 	C:\Windows\system32\IMM32.DLL
0x000007fefdb50000 - 0x000007fefdc59000 	C:\Windows\system32\MSCTF.dll
0x000000005c910000 - 0x000000005c9e2000 	C:\Program Files\Java\jdk1.8.0_101\jre\bin\msvcr100.dll
0x00000000589a0000 - 0x000000005923a000 	C:\Program Files\Java\jdk1.8.0_101\jre\bin\server\jvm.dll
0x000007fee7d20000 - 0x000007fee7d29000 	C:\Windows\system32\WSOCK32.dll
0x000007fefd5e0000 - 0x000007fefd62d000 	C:\Windows\system32\WS2_32.dll
0x000007fefd470000 - 0x000007fefd478000 	C:\Windows\system32\NSI.dll
0x000007fef62d0000 - 0x000007fef630b000 	C:\Windows\system32\WINMM.dll
0x000007fefbda0000 - 0x000007fefbdac000 	C:\Windows\system32\VERSION.dll
0x0000000077ce0000 - 0x0000000077ce7000 	C:\Windows\system32\PSAPI.DLL
0x0000000064450000 - 0x000000006445f000 	C:\Program Files\Java\jdk1.8.0_101\jre\bin\verify.dll
0x0000000063240000 - 0x0000000063269000 	C:\Program Files\Java\jdk1.8.0_101\jre\bin\java.dll
0x0000000063220000 - 0x0000000063236000 	C:\Program Files\Java\jdk1.8.0_101\jre\bin\zip.dll
0x000007fefdd00000 - 0x000007fefea89000 	C:\Windows\system32\SHELL32.dll
0x000007fefd260000 - 0x000007fefd463000 	C:\Windows\system32\ole32.dll
0x000007fefcc30000 - 0x000007fefcc3f000 	C:\Windows\system32\profapi.dll

VM Arguments:
jvm_args: -Djava.awt.headless=true -Xmx1024M -Dfile.encoding=windows-1252 -Duser.country=US -Duser.language=en -Duser.variant 
java_command: com.android.dx.command.Main --dex --force-jumbo --multi-dex --output C:\Users\Sleazy P Martini\Desktop\AndroidProgrammerTest\app\build\intermediates\transforms\dex\debug\folders\1000\10\com.android.support-support-media-compat-24.2.1_df7e4de7955c353d450cf315030eee9d272a7d14 C:\Users\Sleazy P Martini\Desktop\AndroidProgrammerTest\app\build\intermediates\exploded-aar\com.android.support\support-media-compat\24.2.1\jars\classes.jar
java_class_path (initial): C:\Android\sdk\build-tools\21.1.2\lib\dx.jar
Launcher Type: SUN_STANDARD

Environment Variables:
JAVA_HOME=C:\Program Files\Java\jdk1.8.0_101
PATH=C:\Windows\Microsoft.NET\Framework64\v4.0.30319;C:\Program Files\Microsoft\Web Platform Installer\;C:\Program Files\Microsoft SQL Server\120\Tools\Binn\;C:\Program Files\Microsoft SQL Server\Client SDK\ODBC\110\Tools\Binn\;C:\Program Files (x86)\Microsoft SQL Server\120\Tools\Binn\;C:\Program Files\Microsoft SQL Server\120\DTS\Binn\;C:\Program Files (x86)\Microsoft SQL Server\120\Tools\Binn\ManagementStudio\;C:\Program Files (x86)\Microsoft SQL Server\120\DTS\Binn\;C:\Program Files\MongoDB\Server\3.2\bin;C:\Python27\;C:\Python27\Scripts\;C:\Program Files\emacs\bin\;C:\Program Files\nodejs\;C:\Program Files (x86)\Skype\Phone\;C:\Program Files\Microsoft DNX\Dnvm\;C:\Program Files\Microsoft SQL Server\130\Tools\Binn\;C:\Program Files\Git\cmd;C:\Program Files (x86)\Windows Kits\10\Windows Performance Toolkit\;C:\Users\Sleazy P Martini\.dnx\bin;C:\Users\Sleazy P Martini\AppData\Local\Pandoc\;C:\Users\Sleazy P Martini\AppData\Roaming\npm
USERNAME=Sleazy P Martini
OS=Windows_NT
PROCESSOR_IDENTIFIER=AMD64 Family 18 Model 1 Stepping 0, AuthenticAMD



---------------  S Y S T E M  ---------------

OS: Windows 7 , 64 bit Build 7601 (6.1.7601.23418)

CPU:total 4 (4 cores per cpu, 1 threads per core) family 18 model 1 stepping 0, cmov, cx8, fxsr, mmx, sse, sse2, sse3, popcnt, mmxext, 3dnowpref, lzcnt, sse4a, tsc, tscinvbit, tscinv

Memory: 4k page, physical 7842716k(751672k free), swap 8889432k(5120k free)

vm_info: Java HotSpot(TM) 64-Bit Server VM (25.101-b13) for windows-amd64 JRE (1.8.0_101-b13), built on Jun 22 2016 01:21:29 by "java_re" with MS VC++ 10.0 (VS2010)

time: Fri Sep 16 18:48:01 2016
elapsed time: 2 seconds (0d 0h 0m 2s)

