#
# There is insufficient memory for the Java Runtime Environment to continue.
# Native memory allocation (malloc) failed to allocate 131088 bytes for Chunk::new
# Possible reasons:
#   The system is out of physical RAM or swap space
#   In 32 bit mode, the process size limit was hit
# Possible solutions:
#   Reduce memory load on the system
#   Increase physical memory or swap space
#   Check if swap backing store is full
#   Use 64 bit Java on a 64 bit OS
#   Decrease Java heap size (-Xmx/-Xms)
#   Decrease number of Java threads
#   Decrease Java thread stack sizes (-Xss)
#   Set larger code cache with -XX:ReservedCodeCacheSize=
# This output file may be truncated or incomplete.
#
#  Out of Memory Error (allocation.cpp:390), pid=7976, tid=0x00000000000019c0
#
# JRE version: Java(TM) SE Runtime Environment (8.0_101-b13) (build 1.8.0_101-b13)
# Java VM: Java HotSpot(TM) 64-Bit Server VM (25.101-b13 mixed mode windows-amd64 compressed oops)
# Failed to write core dump. Minidumps are not enabled by default on client versions of Windows
#

---------------  T H R E A D  ---------------

Current thread (0x0000000055147000):  JavaThread "C2 CompilerThread0" daemon [_thread_in_native, id=6592, stack(0x0000000056ad0000,0x0000000056bd0000)]

Stack: [0x0000000056ad0000,0x0000000056bd0000]
[error occurred during error reporting (printing stack bounds), id 0xc0000005]

Native frames: (J=compiled Java code, j=interpreted, Vv=VM code, C=native code)


Current CompileTask:
C2:   2857 1452       4       com.android.dx.dex.code.OutputFinisher::addConstants (93 bytes)


---------------  P R O C E S S  ---------------

Java Threads: ( => current thread )
  0x0000000056e65000 JavaThread "Service Thread" daemon [_thread_blocked, id=2296, stack(0x0000000057270000,0x0000000057370000)]
  0x0000000056dd6000 JavaThread "C1 CompilerThread2" daemon [_thread_blocked, id=8184, stack(0x0000000056950000,0x0000000056a50000)]
  0x000000005514b800 JavaThread "C2 CompilerThread1" daemon [_thread_in_native, id=2284, stack(0x0000000056cc0000,0x0000000056dc0000)]
=>0x0000000055147000 JavaThread "C2 CompilerThread0" daemon [_thread_in_native, id=6592, stack(0x0000000056ad0000,0x0000000056bd0000)]
  0x0000000055142800 JavaThread "Attach Listener" daemon [_thread_blocked, id=5992, stack(0x00000000567f0000,0x00000000568f0000)]
  0x0000000055141000 JavaThread "Signal Dispatcher" daemon [_thread_blocked, id=1316, stack(0x0000000056270000,0x0000000056370000)]
  0x000000005512a800 JavaThread "Finalizer" daemon [_thread_blocked, id=2872, stack(0x0000000056600000,0x0000000056700000)]
  0x00000000550e3000 JavaThread "Reference Handler" daemon [_thread_blocked, id=5592, stack(0x0000000056410000,0x0000000056510000)]
  0x0000000002178000 JavaThread "main" [_thread_in_Java, id=1844, stack(0x00000000024d0000,0x00000000025d0000)]

Other Threads:
  0x00000000550db800 VMThread [stack: 0x0000000056130000,0x0000000056230000] [id=4912]
  0x0000000056e6a000 WatcherThread [stack: 0x00000000574b0000,0x00000000575b0000] [id=4344]

VM state:not at safepoint (normal execution)

VM Mutex/Monitor currently owned by a thread: None

Heap:
 PSYoungGen      total 35840K, used 20238K [0x00000000eab00000, 0x00000000ed300000, 0x0000000100000000)
  eden space 30720K, 49% used [0x00000000eab00000,0x00000000eb9c4d60,0x00000000ec900000)
  from space 5120K, 99% used [0x00000000ec900000,0x00000000ecdfeaa8,0x00000000ece00000)
  to   space 5120K, 0% used [0x00000000ece00000,0x00000000ece00000,0x00000000ed300000)
 ParOldGen       total 81920K, used 2502K [0x00000000c0000000, 0x00000000c5000000, 0x00000000eab00000)
  object space 81920K, 3% used [0x00000000c0000000,0x00000000c0271bc8,0x00000000c5000000)
 Metaspace       used 6089K, capacity 7216K, committed 7296K, reserved 1056768K
  class space    used 580K, capacity 616K, committed 640K, reserved 1048576K

Card table byte_map: [0x0000000011c60000,0x0000000011e70000] byte_map_base: 0x0000000011660000

Marking Bits: (ParMarkBitMap*) 0x000000005d72a6d0
 Begin Bits: [0x0000000012550000, 0x0000000013550000)
 End Bits:   [0x0000000013550000, 0x0000000014550000)

Polling page: 0x0000000000170000

CodeCache: size=245760Kb used=6166Kb max_used=6166Kb free=239593Kb
 bounds [0x00000000028a0000, 0x0000000002eb0000, 0x00000000118a0000]
 total_blobs=1806 nmethods=1541 adapters=178
 compilation: enabled

Compilation events (10 events):
Event: 2.839 Thread 0x0000000056dd6000 nmethod 1557 0x0000000002e9d5d0 code [0x0000000002e9d7c0, 0x0000000002e9dff8]
Event: 2.840 Thread 0x0000000056dd6000 1558       3       com.android.dx.dex.file.FieldIdsSection::get (49 bytes)
Event: 2.841 Thread 0x0000000056dd6000 nmethod 1558 0x0000000002e9e410 code [0x0000000002e9e600, 0x0000000002e9ee38]
Event: 2.841 Thread 0x0000000056dd6000 1559       3       com.android.dx.dex.code.LocalList$Entry::compareTo (9 bytes)
Event: 2.842 Thread 0x0000000056dd6000 nmethod 1559 0x0000000002e9f110 code [0x0000000002e9f280, 0x0000000002e9f508]
Event: 2.843 Thread 0x0000000056dd6000 1560       3       com.android.dx.dex.code.StdCatchBuilder::build (262 bytes)
Event: 2.849 Thread 0x0000000056dd6000 nmethod 1560 0x0000000002e9f5d0 code [0x0000000002e9fae0, 0x0000000002ea3328]
Event: 2.849 Thread 0x0000000056dd6000 1561       3       com.android.dx.dex.code.form.Form35c::wordCount (74 bytes)
Event: 2.851 Thread 0x0000000056dd6000 nmethod 1561 0x0000000002ea6510 code [0x0000000002ea6700, 0x0000000002ea7348]
Event: 2.853 Thread 0x0000000056dd6000 1562       3       com.android.dx.dex.code.form.Form21c::isCompatible (150 bytes)

GC Heap History (2 events):
Event: 1.891 GC heap before
{Heap before GC invocations=1 (full 0):
 PSYoungGen      total 35840K, used 30720K [0x00000000eab00000, 0x00000000ed300000, 0x0000000100000000)
  eden space 30720K, 100% used [0x00000000eab00000,0x00000000ec900000,0x00000000ec900000)
  from space 5120K, 0% used [0x00000000ece00000,0x00000000ece00000,0x00000000ed300000)
  to   space 5120K, 0% used [0x00000000ec900000,0x00000000ec900000,0x00000000ece00000)
 ParOldGen       total 81920K, used 0K [0x00000000c0000000, 0x00000000c5000000, 0x00000000eab00000)
  object space 81920K, 0% used [0x00000000c0000000,0x00000000c0000000,0x00000000c5000000)
 Metaspace       used 5741K, capacity 6960K, committed 7040K, reserved 1056768K
  class space    used 563K, capacity 616K, committed 640K, reserved 1048576K
Event: 2.335 GC heap after
Heap after GC invocations=1 (full 0):
 PSYoungGen      total 35840K, used 5114K [0x00000000eab00000, 0x00000000ed300000, 0x0000000100000000)
  eden space 30720K, 0% used [0x00000000eab00000,0x00000000eab00000,0x00000000ec900000)
  from space 5120K, 99% used [0x00000000ec900000,0x00000000ecdfeaa8,0x00000000ece00000)
  to   space 5120K, 0% used [0x00000000ece00000,0x00000000ece00000,0x00000000ed300000)
 ParOldGen       total 81920K, used 2502K [0x00000000c0000000, 0x00000000c5000000, 0x00000000eab00000)
  object space 81920K, 3% used [0x00000000c0000000,0x00000000c0271bc8,0x00000000c5000000)
 Metaspace       used 5741K, capacity 6960K, committed 7040K, reserved 1056768K
  class space    used 563K, capacity 616K, committed 640K, reserved 1048576K
}

Deoptimization events (10 events):
Event: 2.667 Thread 0x0000000002178000 Uncommon trap: reason=bimorphic action=maybe_recompile pc=0x0000000002ad17d0 method=java.util.HashMap.getNode(ILjava/lang/Object;)Ljava/util/HashMap$Node; @ 126
Event: 2.668 Thread 0x0000000002178000 Uncommon trap: reason=bimorphic action=maybe_recompile pc=0x0000000002a9ffd0 method=java.util.HashMap.getNode(ILjava/lang/Object;)Ljava/util/HashMap$Node; @ 126
Event: 2.671 Thread 0x0000000002178000 Uncommon trap: reason=class_check action=maybe_recompile pc=0x0000000002dee100 method=java.util.HashMap.putVal(ILjava/lang/Object;Ljava/lang/Object;ZZ)Ljava/lang/Object; @ 203
Event: 2.686 Thread 0x0000000002178000 Uncommon trap: reason=class_check action=maybe_recompile pc=0x0000000002dee100 method=java.util.HashMap.putVal(ILjava/lang/Object;Ljava/lang/Object;ZZ)Ljava/lang/Object; @ 203
Event: 2.686 Thread 0x0000000002178000 Uncommon trap: reason=class_check action=maybe_recompile pc=0x0000000002dee100 method=java.util.HashMap.putVal(ILjava/lang/Object;Ljava/lang/Object;ZZ)Ljava/lang/Object; @ 203
Event: 2.686 Thread 0x0000000002178000 Uncommon trap: reason=class_check action=maybe_recompile pc=0x0000000002dee100 method=java.util.HashMap.putVal(ILjava/lang/Object;Ljava/lang/Object;ZZ)Ljava/lang/Object; @ 203
Event: 2.753 Thread 0x0000000002178000 Uncommon trap: reason=speculate_class_check action=maybe_recompile pc=0x0000000002ca7750 method=com.android.dx.util.FixedSizeList.equals(Ljava/lang/Object;)Z @ 25
Event: 2.778 Thread 0x0000000002178000 Uncommon trap: reason=speculate_class_check action=maybe_recompile pc=0x0000000002ca7750 method=com.android.dx.util.FixedSizeList.equals(Ljava/lang/Object;)Z @ 25
Event: 2.778 Thread 0x0000000002178000 Uncommon trap: reason=speculate_class_check action=maybe_recompile pc=0x0000000002ca7750 method=com.android.dx.util.FixedSizeList.equals(Ljava/lang/Object;)Z @ 25
Event: 2.778 Thread 0x0000000002178000 Uncommon trap: reason=speculate_class_check action=maybe_recompile pc=0x0000000002ca7750 method=com.android.dx.util.FixedSizeList.equals(Ljava/lang/Object;)Z @ 25

Internal exceptions (4 events):
Event: 0.055 Thread 0x0000000002178000 Exception <a 'java/lang/NoSuchMethodError': Method sun.misc.Unsafe.defineClass(Ljava/lang/String;[BII)Ljava/lang/Class; name or signature does not match> (0x00000000eab07cc0) thrown at [C:\re\workspace\8-2-build-windows-amd64-cygwin\jdk8u101\7261\hotspot\sê:†r˙^¨?
Event: 0.055 Thread 0x0000000002178000 Exception <a 'java/lang/NoSuchMethodError': Method sun.misc.Unsafe.prefetchRead(Ljava/lang/Object;J)V name or signature does not match> (0x00000000eab07fa8) thrown at [C:\re\workspace\8-2-build-windows-amd64-cygwin\jdk8u101\7261\hotspot\src\share\vm\prims\ ù˛‡¯ù˘?
Event: 1.601 Thread 0x0000000002178000 Implicit null exception at 0x0000000002c32b90 to 0x0000000002c34455
Event: 1.602 Thread 0x0000000002178000 Implicit null exception at 0x0000000002c45135 to 0x0000000002c46945

Events (10 events):
Event: 2.754 loading class com/android/dx/util/ByteArrayAnnotatedOutput done
Event: 2.778 Thread 0x0000000002178000 Uncommon trap: trap_request=0xffffff76 fr.pc=0x0000000002ca7750
Event: 2.778 Thread 0x0000000002178000 DEOPT PACKING pc=0x0000000002ca7750 sp=0x00000000025ce970
Event: 2.778 Thread 0x0000000002178000 DEOPT UNPACKING pc=0x00000000028e582a sp=0x00000000025ce930 mode 2
Event: 2.778 Thread 0x0000000002178000 Uncommon trap: trap_request=0xffffff76 fr.pc=0x0000000002ca7750
Event: 2.778 Thread 0x0000000002178000 DEOPT PACKING pc=0x0000000002ca7750 sp=0x00000000025ce970
Event: 2.778 Thread 0x0000000002178000 DEOPT UNPACKING pc=0x00000000028e582a sp=0x00000000025ce930 mode 2
Event: 2.778 Thread 0x0000000002178000 Uncommon trap: trap_request=0xffffff76 fr.pc=0x0000000002ca7750
Event: 2.778 Thread 0x0000000002178000 DEOPT PACKING pc=0x0000000002ca7750 sp=0x00000000025ce970
Event: 2.778 Thread 0x0000000002178000 DEOPT UNPACKING pc=0x00000000028e582a sp=0x00000000025ce930 mode 2


Dynamic libraries:
0x000000013f850000 - 0x000000013f887000 	C:\Program Files\Java\jdk1.8.0_101\bin\java.exe
0x0000000077b10000 - 0x0000000077cba000 	C:\Windows\SYSTEM32\ntdll.dll
0x000007fee9ab0000 - 0x000007fee9ae3000 	C:\Program Files (x86)\AVG\Av\avghooka.dll
0x0000000077890000 - 0x00000000779af000 	C:\Windows\system32\kernel32.dll
0x000007fefcd60000 - 0x000007fefcdca000 	C:\Windows\system32\KERNELBASE.dll
0x000007fefd830000 - 0x000007fefd90b000 	C:\Windows\system32\ADVAPI32.dll
0x000007fefdc60000 - 0x000007fefdcff000 	C:\Windows\system32\msvcrt.dll
0x000007fefeac0000 - 0x000007fefeadf000 	C:\Windows\SYSTEM32\sechost.dll
0x000007fefd700000 - 0x000007fefd82d000 	C:\Windows\system32\RPCRT4.dll
0x0000000077790000 - 0x000000007788a000 	C:\Windows\system32\USER32.dll
0x000007fefd120000 - 0x000007fefd187000 	C:\Windows\system32\GDI32.dll
0x000007fefd190000 - 0x000007fefd19e000 	C:\Windows\system32\LPK.dll
0x000007fefd630000 - 0x000007fefd6fa000 	C:\Windows\system32\USP10.dll
0x000007fefb710000 - 0x000007fefb904000 	C:\Windows\WinSxS\amd64_microsoft.windows.common-controls_6595b64144ccf1df_6.0.7601.18837_none_fa3b1e3d17594757\COMCTL32.dll
0x000007fefd560000 - 0x000007fefd5d1000 	C:\Windows\system32\SHLWAPI.dll
0x000007fefea90000 - 0x000007fefeabe000 	C:\Windows\system32\IMM32.DLL
0x000007fefdb50000 - 0x000007fefdc59000 	C:\Windows\system32\MSCTF.dll
0x0000000058aa0000 - 0x0000000058b72000 	C:\Program Files\Java\jdk1.8.0_101\jre\bin\msvcr100.dll
0x000000005cf10000 - 0x000000005d7aa000 	C:\Program Files\Java\jdk1.8.0_101\jre\bin\server\jvm.dll
0x000007fee7d20000 - 0x000007fee7d29000 	C:\Windows\system32\WSOCK32.dll
0x000007fefd5e0000 - 0x000007fefd62d000 	C:\Windows\system32\WS2_32.dll
0x000007fefd470000 - 0x000007fefd478000 	C:\Windows\system32\NSI.dll
0x000007fef62d0000 - 0x000007fef630b000 	C:\Windows\system32\WINMM.dll
0x000007fefbda0000 - 0x000007fefbdac000 	C:\Windows\system32\VERSION.dll
0x0000000077ce0000 - 0x0000000077ce7000 	C:\Windows\system32\PSAPI.DLL
0x00000000647d0000 - 0x00000000647df000 	C:\Program Files\Java\jdk1.8.0_101\jre\bin\verify.dll
0x000000005cee0000 - 0x000000005cf09000 	C:\Program Files\Java\jdk1.8.0_101\jre\bin\java.dll
0x000000005da10000 - 0x000000005da26000 	C:\Program Files\Java\jdk1.8.0_101\jre\bin\zip.dll
0x000007fefdd00000 - 0x000007fefea89000 	C:\Windows\system32\SHELL32.dll
0x000007fefd260000 - 0x000007fefd463000 	C:\Windows\system32\ole32.dll
0x000007fefcc30000 - 0x000007fefcc3f000 	C:\Windows\system32\profapi.dll

VM Arguments:
jvm_args: -Djava.awt.headless=true -Xmx1024M -Dfile.encoding=windows-1252 -Duser.country=US -Duser.language=en -Duser.variant 
java_command: com.android.dx.command.Main --dex --force-jumbo --multi-dex --output C:\Users\Sleazy P Martini\Desktop\AndroidProgrammerTest\app\build\intermediates\transforms\dex\debug\folders\1000\10\retrofit-2.0.2_351c200b088dac9df090f840137b1dd048c1093a C:\Users\Sleazy P Martini\.gradle\caches\modules-2\files-2.1\com.squareup.retrofit2\retrofit\2.0.2\43eeae0b9fb087bb3194ba59ab63a38a32fbf3e\retrofit-2.0.2.jar
java_class_path (initial): C:\Android\sdk\build-tools\21.1.2\lib\dx.jar
Launcher Type: SUN_STANDARD

Environment Variables:
JAVA_HOME=C:\Program Files\Java\jdk1.8.0_101
PATH=C:\Windows\Microsoft.NET\Framework64\v4.0.30319;C:\Program Files\Microsoft\Web Platform Installer\;C:\Program Files\Microsoft SQL Server\120\Tools\Binn\;C:\Program Files\Microsoft SQL Server\Client SDK\ODBC\110\Tools\Binn\;C:\Program Files (x86)\Microsoft SQL Server\120\Tools\Binn\;C:\Program Files\Microsoft SQL Server\120\DTS\Binn\;C:\Program Files (x86)\Microsoft SQL Server\120\Tools\Binn\ManagementStudio\;C:\Program Files (x86)\Microsoft SQL Server\120\DTS\Binn\;C:\Program Files\MongoDB\Server\3.2\bin;C:\Python27\;C:\Python27\Scripts\;C:\Program Files\emacs\bin\;C:\Program Files\nodejs\;C:\Program Files (x86)\Skype\Phone\;C:\Program Files\Microsoft DNX\Dnvm\;C:\Program Files\Microsoft SQL Server\130\Tools\Binn\;C:\Program Files\Git\cmd;C:\Program Files (x86)\Windows Kits\10\Windows Performance Toolkit\;C:\Users\Sleazy P Martini\.dnx\bin;C:\Users\Sleazy P Martini\AppData\Local\Pandoc\;C:\Users\Sleazy P Martini\AppData\Roaming\npm
USERNAME=Sleazy P Martini
OS=Windows_NT
PROCESSOR_IDENTIFIER=AMD64 Family 18 Model 1 Stepping 0, AuthenticAMD



---------------  S Y S T E M  ---------------

OS: Windows 7 , 64 bit Build 7601 (6.1.7601.23418)

CPU:total 4 (4 cores per cpu, 1 threads per core) family 18 model 1 stepping 0, cmov, cx8, fxsr, mmx, sse, sse2, sse3, popcnt, mmxext, 3dnowpref, lzcnt, sse4a, tsc, tscinvbit, tscinv

Memory: 4k page, physical 7842716k(668980k free), swap 8889432k(5104k free)

vm_info: Java HotSpot(TM) 64-Bit Server VM (25.101-b13) for windows-amd64 JRE (1.8.0_101-b13), built on Jun 22 2016 01:21:29 by "java_re" with MS VC++ 10.0 (VS2010)

time: Fri Sep 16 15:59:43 2016
elapsed time: 2 seconds (0d 0h 0m 2s)

