#
# There is insufficient memory for the Java Runtime Environment to continue.
# Native memory allocation (malloc) failed to allocate 32744 bytes for ChunkPool::allocate
# Possible reasons:
#   The system is out of physical RAM or swap space
#   In 32 bit mode, the process size limit was hit
# Possible solutions:
#   Reduce memory load on the system
#   Increase physical memory or swap space
#   Check if swap backing store is full
#   Use 64 bit Java on a 64 bit OS
#   Decrease Java heap size (-Xmx/-Xms)
#   Decrease number of Java threads
#   Decrease Java thread stack sizes (-Xss)
#   Set larger code cache with -XX:ReservedCodeCacheSize=
# This output file may be truncated or incomplete.
#
#  Out of Memory Error (allocation.cpp:273), pid=4840, tid=0x0000000000002028
#
# JRE version: Java(TM) SE Runtime Environment (8.0_101-b13) (build 1.8.0_101-b13)
# Java VM: Java HotSpot(TM) 64-Bit Server VM (25.101-b13 mixed mode windows-amd64 compressed oops)
# Failed to write core dump. Minidumps are not enabled by default on client versions of Windows
#

---------------  T H R E A D  ---------------

Current thread (0x0000000055165000):  JavaThread "C2 CompilerThread1" daemon [_thread_in_native, id=8232, stack(0x0000000056be0000,0x0000000056ce0000)]

Stack: [0x0000000056be0000,0x0000000056ce0000]
[error occurred during error reporting (printing stack bounds), id 0xc0000005]

Native frames: (J=compiled Java code, j=interpreted, Vv=VM code, C=native code)


Current CompileTask:
C2:    209   26       4       java.lang.String::charAt (29 bytes)


---------------  P R O C E S S  ---------------

Java Threads: ( => current thread )
  0x0000000056820800 JavaThread "Service Thread" daemon [_thread_blocked, id=6800, stack(0x00000000570b0000,0x00000000571b0000)]
  0x00000000567c4800 JavaThread "C1 CompilerThread2" daemon [_thread_in_native, id=8124, stack(0x0000000056dc0000,0x0000000056ec0000)]
=>0x0000000055165000 JavaThread "C2 CompilerThread1" daemon [_thread_in_native, id=8232, stack(0x0000000056be0000,0x0000000056ce0000)]
  0x0000000055160800 JavaThread "C2 CompilerThread0" daemon [_thread_blocked, id=7996, stack(0x00000000566c0000,0x00000000567c0000)]
  0x000000005516e800 JavaThread "Attach Listener" daemon [_thread_blocked, id=8804, stack(0x00000000565a0000,0x00000000566a0000)]
  0x000000005516d000 JavaThread "Signal Dispatcher" daemon [_thread_blocked, id=2460, stack(0x0000000056440000,0x0000000056540000)]
  0x0000000055149800 JavaThread "Finalizer" daemon [_thread_blocked, id=3968, stack(0x0000000056300000,0x0000000056400000)]
  0x0000000055102800 JavaThread "Reference Handler" daemon [_thread_blocked, id=4288, stack(0x00000000561b0000,0x00000000562b0000)]
  0x00000000021b8000 JavaThread "main" [_thread_in_vm, id=4512, stack(0x0000000002410000,0x0000000002510000)]

Other Threads:
  0x00000000550fa800 VMThread [stack: 0x0000000056090000,0x0000000056190000] [id=1944]
  0x000000005682c800 WatcherThread [stack: 0x0000000056f70000,0x0000000057070000] [id=7432]

VM state:not at safepoint (normal execution)

VM Mutex/Monitor currently owned by a thread: None

Heap:
 PSYoungGen      total 35840K, used 1228K [0x00000000eab00000, 0x00000000ed300000, 0x0000000100000000)
  eden space 30720K, 4% used [0x00000000eab00000,0x00000000eac33358,0x00000000ec900000)
  from space 5120K, 0% used [0x00000000ece00000,0x00000000ece00000,0x00000000ed300000)
  to   space 5120K, 0% used [0x00000000ec900000,0x00000000ec900000,0x00000000ece00000)
 ParOldGen       total 81920K, used 0K [0x00000000c0000000, 0x00000000c5000000, 0x00000000eab00000)
  object space 81920K, 0% used [0x00000000c0000000,0x00000000c0000000,0x00000000c5000000)
 Metaspace       used 2449K, capacity 4480K, committed 4480K, reserved 1056768K
  class space    used 270K, capacity 384K, committed 384K, reserved 1048576K

Card table byte_map: [0x0000000011ba0000,0x0000000011db0000] byte_map_base: 0x00000000115a0000

Marking Bits: (ParMarkBitMap*) 0x00000000591ba6d0
 Begin Bits: [0x0000000012570000, 0x0000000013570000)
 End Bits:   [0x0000000013570000, 0x0000000014570000)

Polling page: 0x0000000000360000

CodeCache: size=245760Kb used=1097Kb max_used=1097Kb free=244663Kb
 bounds [0x00000000027e0000, 0x0000000002a50000, 0x00000000117e0000]
 total_blobs=250 nmethods=24 adapters=141
 compilation: enabled

Compilation events (10 events):
Event: 0.191 Thread 0x00000000567c4800   21       3       java.io.WinNTFileSystem::isSlash (18 bytes)
Event: 0.191 Thread 0x00000000567c4800 nmethod 21 0x00000000028f06d0 code [0x00000000028f0820, 0x00000000028f0a10]
Event: 0.191 Thread 0x00000000567c4800   22  s    3       java.lang.StringBuffer::append (13 bytes)
Event: 0.192 Thread 0x00000000567c4800 nmethod 22 0x00000000028f0a90 code [0x00000000028f0c20, 0x00000000028f1108]
Event: 0.192 Thread 0x00000000567c4800   24       3       java.lang.String::equals (81 bytes)
Event: 0.192 Thread 0x00000000567c4800 nmethod 24 0x00000000028f1350 code [0x00000000028f14e0, 0x00000000028f1a30]
Event: 0.192 Thread 0x00000000567c4800   23       3       java.lang.String::getChars (62 bytes)
Event: 0.192 Thread 0x00000000567c4800 nmethod 23 0x00000000028f1c10 code [0x00000000028f1dc0, 0x00000000028f21f8]
Event: 0.192 Thread 0x00000000567c4800   25       3       java.lang.AbstractStringBuilder::append (50 bytes)
Event: 0.193 Thread 0x0000000055165000   26       4       java.lang.String::charAt (29 bytes)

GC Heap History (0 events):
No events

Deoptimization events (0 events):
No events

Internal exceptions (2 events):
Event: 0.081 Thread 0x00000000021b8000 Exception <a 'java/lang/NoSuchMethodError': Method sun.misc.Unsafe.defineClass(Ljava/lang/String;[BII)Ljava/lang/Class; name or signature does not match> (0x00000000eab07cc0) thrown at [C:\re\workspace\8-2-build-windows-amd64-cygwin\jdk8u101\7261\hotspot\sr\êj£¥?
Event: 0.081 Thread 0x00000000021b8000 Exception <a 'java/lang/NoSuchMethodError': Method sun.misc.Unsafe.prefetchRead(Ljava/lang/Object;J)V name or signature does not match> (0x00000000eab07fa8) thrown at [C:\re\workspace\8-2-build-windows-amd64-cygwin\jdk8u101\7261\hotspot\src\share\vm\prims\

Events (10 events):
Event: 0.186 loading class sun/nio/cs/ThreadLocalCoders
Event: 0.186 loading class sun/nio/cs/ThreadLocalCoders done
Event: 0.186 loading class sun/nio/cs/ThreadLocalCoders$1
Event: 0.186 loading class sun/nio/cs/ThreadLocalCoders$Cache
Event: 0.186 loading class sun/nio/cs/ThreadLocalCoders$Cache done
Event: 0.186 loading class sun/nio/cs/ThreadLocalCoders$1 done
Event: 0.187 loading class sun/nio/cs/ThreadLocalCoders$2
Event: 0.187 loading class sun/nio/cs/ThreadLocalCoders$2 done
Event: 0.187 loading class sun/nio/cs/UTF_8$Decoder
Event: 0.187 loading class sun/nio/cs/UTF_8$Decoder done


Dynamic libraries:
0x000000013fe80000 - 0x000000013feb7000 	C:\Program Files\Java\jdk1.8.0_101\bin\java.exe
0x0000000077b10000 - 0x0000000077cba000 	C:\Windows\SYSTEM32\ntdll.dll
0x000007fee9ab0000 - 0x000007fee9ae3000 	C:\Program Files (x86)\AVG\Av\avghooka.dll
0x0000000077890000 - 0x00000000779af000 	C:\Windows\system32\kernel32.dll
0x000007fefcd60000 - 0x000007fefcdca000 	C:\Windows\system32\KERNELBASE.dll
0x000007fefd830000 - 0x000007fefd90b000 	C:\Windows\system32\ADVAPI32.dll
0x000007fefdc60000 - 0x000007fefdcff000 	C:\Windows\system32\msvcrt.dll
0x000007fefeac0000 - 0x000007fefeadf000 	C:\Windows\SYSTEM32\sechost.dll
0x000007fefd700000 - 0x000007fefd82d000 	C:\Windows\system32\RPCRT4.dll
0x0000000077790000 - 0x000000007788a000 	C:\Windows\system32\USER32.dll
0x000007fefd120000 - 0x000007fefd187000 	C:\Windows\system32\GDI32.dll
0x000007fefd190000 - 0x000007fefd19e000 	C:\Windows\system32\LPK.dll
0x000007fefd630000 - 0x000007fefd6fa000 	C:\Windows\system32\USP10.dll
0x000007fefb710000 - 0x000007fefb904000 	C:\Windows\WinSxS\amd64_microsoft.windows.common-controls_6595b64144ccf1df_6.0.7601.18837_none_fa3b1e3d17594757\COMCTL32.dll
0x000007fefd560000 - 0x000007fefd5d1000 	C:\Windows\system32\SHLWAPI.dll
0x000007fefea90000 - 0x000007fefeabe000 	C:\Windows\system32\IMM32.DLL
0x000007fefdb50000 - 0x000007fefdc59000 	C:\Windows\system32\MSCTF.dll
0x000000005c910000 - 0x000000005c9e2000 	C:\Program Files\Java\jdk1.8.0_101\jre\bin\msvcr100.dll
0x00000000589a0000 - 0x000000005923a000 	C:\Program Files\Java\jdk1.8.0_101\jre\bin\server\jvm.dll
0x000007fee7d20000 - 0x000007fee7d29000 	C:\Windows\system32\WSOCK32.dll
0x000007fefd5e0000 - 0x000007fefd62d000 	C:\Windows\system32\WS2_32.dll
0x000007fefd470000 - 0x000007fefd478000 	C:\Windows\system32\NSI.dll
0x000007fef62d0000 - 0x000007fef630b000 	C:\Windows\system32\WINMM.dll
0x000007fefbda0000 - 0x000007fefbdac000 	C:\Windows\system32\VERSION.dll
0x0000000077ce0000 - 0x0000000077ce7000 	C:\Windows\system32\PSAPI.DLL
0x0000000064450000 - 0x000000006445f000 	C:\Program Files\Java\jdk1.8.0_101\jre\bin\verify.dll
0x0000000063240000 - 0x0000000063269000 	C:\Program Files\Java\jdk1.8.0_101\jre\bin\java.dll
0x0000000063220000 - 0x0000000063236000 	C:\Program Files\Java\jdk1.8.0_101\jre\bin\zip.dll
0x000007fefdd00000 - 0x000007fefea89000 	C:\Windows\system32\SHELL32.dll
0x000007fefd260000 - 0x000007fefd463000 	C:\Windows\system32\ole32.dll
0x000007fefcc30000 - 0x000007fefcc3f000 	C:\Windows\system32\profapi.dll

VM Arguments:
jvm_args: -Djava.awt.headless=true -Xmx1024M -Dfile.encoding=windows-1252 -Duser.country=US -Duser.language=en -Duser.variant 
java_command: com.android.dx.command.Main --dex --force-jumbo --multi-dex --output C:\Users\Sleazy P Martini\Desktop\AndroidProgrammerTest\app\build\intermediates\transforms\dex\debug\folders\1000\10\com.android.support-support-media-compat-24.2.1_df7e4de7955c353d450cf315030eee9d272a7d14 C:\Users\Sleazy P Martini\Desktop\AndroidProgrammerTest\app\build\intermediates\exploded-aar\com.android.support\support-media-compat\24.2.1\jars\classes.jar
java_class_path (initial): C:\Android\sdk\build-tools\21.1.2\lib\dx.jar
Launcher Type: SUN_STANDARD

Environment Variables:
JAVA_HOME=C:\Program Files\Java\jdk1.8.0_101
PATH=C:\Windows\Microsoft.NET\Framework64\v4.0.30319;C:\Program Files\Microsoft\Web Platform Installer\;C:\Program Files\Microsoft SQL Server\120\Tools\Binn\;C:\Program Files\Microsoft SQL Server\Client SDK\ODBC\110\Tools\Binn\;C:\Program Files (x86)\Microsoft SQL Server\120\Tools\Binn\;C:\Program Files\Microsoft SQL Server\120\DTS\Binn\;C:\Program Files (x86)\Microsoft SQL Server\120\Tools\Binn\ManagementStudio\;C:\Program Files (x86)\Microsoft SQL Server\120\DTS\Binn\;C:\Program Files\MongoDB\Server\3.2\bin;C:\Python27\;C:\Python27\Scripts\;C:\Program Files\emacs\bin\;C:\Program Files\nodejs\;C:\Program Files (x86)\Skype\Phone\;C:\Program Files\Microsoft DNX\Dnvm\;C:\Program Files\Microsoft SQL Server\130\Tools\Binn\;C:\Program Files\Git\cmd;C:\Program Files (x86)\Windows Kits\10\Windows Performance Toolkit\;C:\Users\Sleazy P Martini\.dnx\bin;C:\Users\Sleazy P Martini\AppData\Local\Pandoc\;C:\Users\Sleazy P Martini\AppData\Roaming\npm
USERNAME=Sleazy P Martini
OS=Windows_NT
PROCESSOR_IDENTIFIER=AMD64 Family 18 Model 1 Stepping 0, AuthenticAMD



---------------  S Y S T E M  ---------------

OS:Failed to allocate version_info

CPU:total 4 (4 cores per cpu, 1 threads per core) family 18 model 1 stepping 0, cmov, cx8, fxsr, mmx, sse, sse2, sse3, popcnt, mmxext, 3dnowpref, lzcnt, sse4a, tsc, tscinvbit, tscinv

Memory: 4k page, physical 7842716k(972520k free), swap 8889432k(4680k free)

vm_info: Java HotSpot(TM) 64-Bit Server VM (25.101-b13) for windows-amd64 JRE (1.8.0_101-b13), built on Jun 22 2016 01:21:29 by "java_re" with MS VC++ 10.0 (VS2010)

time: Fri Sep 16 18:45:42 2016
elapsed time: 0 seconds (0d 0h 0m 0s)

