#
# There is insufficient memory for the Java Runtime Environment to continue.
# Native memory allocation (malloc) failed to allocate 189616 bytes for Chunk::new
# Possible reasons:
#   The system is out of physical RAM or swap space
#   In 32 bit mode, the process size limit was hit
# Possible solutions:
#   Reduce memory load on the system
#   Increase physical memory or swap space
#   Check if swap backing store is full
#   Use 64 bit Java on a 64 bit OS
#   Decrease Java heap size (-Xmx/-Xms)
#   Decrease number of Java threads
#   Decrease Java thread stack sizes (-Xss)
#   Set larger code cache with -XX:ReservedCodeCacheSize=
# This output file may be truncated or incomplete.
#
#  Out of Memory Error (allocation.cpp:390), pid=4908, tid=0x000000000000239c
#
# JRE version: Java(TM) SE Runtime Environment (8.0_101-b13) (build 1.8.0_101-b13)
# Java VM: Java HotSpot(TM) 64-Bit Server VM (25.101-b13 mixed mode windows-amd64 compressed oops)
# Failed to write core dump. Minidumps are not enabled by default on client versions of Windows
#

---------------  T H R E A D  ---------------

Current thread (0x0000000055110800):  JavaThread "C2 CompilerThread0" daemon [_thread_in_native, id=9116, stack(0x00000000563f0000,0x00000000564f0000)]

Stack: [0x00000000563f0000,0x00000000564f0000]
[error occurred during error reporting (printing stack bounds), id 0xc0000005]

Native frames: (J=compiled Java code, j=interpreted, Vv=VM code, C=native code)


Current CompileTask:
C2:   3587  966       4       com.android.dx.ssa.back.LivenessAnalyzer::handleTailRecursion (94 bytes)


---------------  P R O C E S S  ---------------

Java Threads: ( => current thread )
  0x0000000056cc1000 JavaThread "Service Thread" daemon [_thread_blocked, id=7732, stack(0x0000000057180000,0x0000000057280000)]
  0x0000000055115000 JavaThread "C1 CompilerThread2" daemon [_thread_in_native, id=5924, stack(0x0000000056b30000,0x0000000056c30000)]
  0x0000000055114000 JavaThread "C2 CompilerThread1" daemon [_thread_in_native, id=8288, stack(0x0000000056960000,0x0000000056a60000)]
=>0x0000000055110800 JavaThread "C2 CompilerThread0" daemon [_thread_in_native, id=9116, stack(0x00000000563f0000,0x00000000564f0000)]
  0x000000005511e800 JavaThread "Attach Listener" daemon [_thread_blocked, id=8908, stack(0x0000000056710000,0x0000000056810000)]
  0x000000005511d000 JavaThread "Signal Dispatcher" daemon [_thread_blocked, id=4496, stack(0x0000000056520000,0x0000000056620000)]
  0x00000000550f9800 JavaThread "Finalizer" daemon [_thread_blocked, id=7652, stack(0x0000000056120000,0x0000000056220000)]
  0x00000000550b2800 JavaThread "Reference Handler" daemon [_thread_blocked, id=1152, stack(0x0000000056260000,0x0000000056360000)]
  0x0000000002208000 JavaThread "main" [_thread_in_Java, id=4592, stack(0x0000000002370000,0x0000000002470000)]

Other Threads:
  0x00000000550aa800 VMThread [stack: 0x0000000056010000,0x0000000056110000] [id=7904]
  0x0000000056cc6000 WatcherThread [stack: 0x0000000057280000,0x0000000057380000] [id=800]

VM state:not at safepoint (normal execution)

VM Mutex/Monitor currently owned by a thread: None

Heap:
 PSYoungGen      total 35840K, used 16076K [0x00000000eab00000, 0x00000000ed300000, 0x0000000100000000)
  eden space 30720K, 52% used [0x00000000eab00000,0x00000000ebab3200,0x00000000ec900000)
  from space 5120K, 0% used [0x00000000ece00000,0x00000000ece00000,0x00000000ed300000)
  to   space 5120K, 0% used [0x00000000ec900000,0x00000000ec900000,0x00000000ece00000)
 ParOldGen       total 81920K, used 0K [0x00000000c0000000, 0x00000000c5000000, 0x00000000eab00000)
  object space 81920K, 0% used [0x00000000c0000000,0x00000000c0000000,0x00000000c5000000)
 Metaspace       used 5384K, capacity 6768K, committed 7040K, reserved 1056768K
  class space    used 550K, capacity 616K, committed 640K, reserved 1048576K

Card table byte_map: [0x0000000011b00000,0x0000000011d10000] byte_map_base: 0x0000000011500000

Marking Bits: (ParMarkBitMap*) 0x00000000591ba6d0
 Begin Bits: [0x0000000012520000, 0x0000000013520000)
 End Bits:   [0x0000000013520000, 0x0000000014520000)

Polling page: 0x0000000000350000

CodeCache: size=245760Kb used=3961Kb max_used=3961Kb free=241798Kb
 bounds [0x0000000002740000, 0x0000000002b30000, 0x0000000011740000]
 total_blobs=1240 nmethods=980 adapters=173
 compilation: enabled

Compilation events (10 events):
Event: 3.576 Thread 0x0000000055115000  987       3       com.android.dx.dex.code.RopTranslator$1::visitPlainCstInsn (64 bytes)
Event: 3.577 Thread 0x0000000055115000 nmethod 987 0x0000000002b1acd0 code [0x0000000002b1ae60, 0x0000000002b1b610]
Event: 3.577 Thread 0x0000000055115000  988       3       com.android.dx.dex.code.OutputFinisher::hasLocalInfo (75 bytes)
Event: 3.578 Thread 0x0000000055115000 nmethod 988 0x0000000002b1b810 code [0x0000000002b1ba20, 0x0000000002b1c7f8]
Event: 3.579 Thread 0x0000000055115000  989       3       com.android.dx.dex.code.RopTranslator$LocalVariableAwareTranslationVisitor::visitPlainCstInsn (11 bytes)
Event: 3.580 Thread 0x0000000055115000 nmethod 989 0x0000000002b1cc90 code [0x0000000002b1cea0, 0x0000000002b1d9d8]
Event: 3.580 Thread 0x0000000055115000  990       3       com.android.dx.rop.code.RegisterSpecSet::localItemToSpec (49 bytes)
Event: 3.581 Thread 0x0000000055115000 nmethod 990 0x0000000002b1e090 code [0x0000000002b1e220, 0x0000000002b1e7e8]
Event: 3.583 Thread 0x0000000055115000  991       3       com.android.dx.rop.code.LocalVariableInfo::addAssignment (43 bytes)
Event: 3.584 Thread 0x0000000055115000 nmethod 991 0x0000000002b1ea10 code [0x0000000002b1ebe0, 0x0000000002b1f1d8]

GC Heap History (0 events):
No events

Deoptimization events (2 events):
Event: 1.712 Thread 0x0000000002208000 Uncommon trap: reason=unstable_if action=reinterpret pc=0x00000000029051e0 method=java.util.HashMap.getNode(ILjava/lang/Object;)Ljava/util/HashMap$Node; @ 62
Event: 2.898 Thread 0x0000000002208000 Uncommon trap: reason=unstable_if action=reinterpret pc=0x0000000002936ce4 method=java.util.BitSet.ensureCapacity(I)V @ 6

Internal exceptions (2 events):
Event: 0.098 Thread 0x0000000002208000 Exception <a 'java/lang/NoSuchMethodError': Method sun.misc.Unsafe.defineClass(Ljava/lang/String;[BII)Ljava/lang/Class; name or signature does not match> (0x00000000eab07cc0) thrown at [C:\re\workspace\8-2-build-windows-amd64-cygwin\jdk8u101\7261\hotspot\sƒM)Ç×¹?
Event: 0.098 Thread 0x0000000002208000 Exception <a 'java/lang/NoSuchMethodError': Method sun.misc.Unsafe.prefetchRead(Ljava/lang/Object;J)V name or signature does not match> (0x00000000eab07fa8) thrown at [C:\re\workspace\8-2-build-windows-amd64-cygwin\jdk8u101\7261\hotspot\src\share\vm\prims\

Events (10 events):
Event: 2.560 loading class com/android/dx/cf/direct/DirectClassFile$DcfTypeList done
Event: 2.566 loading class com/android/dx/cf/attrib/AttExceptions
Event: 2.566 loading class com/android/dx/cf/attrib/AttExceptions done
Event: 2.666 loading class com/android/dx/dex/file/MethodAnnotationStruct
Event: 2.666 loading class com/android/dx/dex/file/MethodAnnotationStruct done
Event: 2.766 loading class com/android/dx/rop/code/RegOps
Event: 2.766 loading class com/android/dx/rop/code/RegOps done
Event: 2.898 Thread 0x0000000002208000 Uncommon trap: trap_request=0xffffff65 fr.pc=0x0000000002936ce4
Event: 2.898 Thread 0x0000000002208000 DEOPT PACKING pc=0x0000000002936ce4 sp=0x000000000246e520
Event: 2.898 Thread 0x0000000002208000 DEOPT UNPACKING pc=0x000000000278582a sp=0x000000000246e408 mode 2


Dynamic libraries:
0x000000013fe80000 - 0x000000013feb7000 	C:\Program Files\Java\jdk1.8.0_101\bin\java.exe
0x0000000077b10000 - 0x0000000077cba000 	C:\Windows\SYSTEM32\ntdll.dll
0x000007fee9ab0000 - 0x000007fee9ae3000 	C:\Program Files (x86)\AVG\Av\avghooka.dll
0x0000000077890000 - 0x00000000779af000 	C:\Windows\system32\kernel32.dll
0x000007fefcd60000 - 0x000007fefcdca000 	C:\Windows\system32\KERNELBASE.dll
0x000007fefd830000 - 0x000007fefd90b000 	C:\Windows\system32\ADVAPI32.dll
0x000007fefdc60000 - 0x000007fefdcff000 	C:\Windows\system32\msvcrt.dll
0x000007fefeac0000 - 0x000007fefeadf000 	C:\Windows\SYSTEM32\sechost.dll
0x000007fefd700000 - 0x000007fefd82d000 	C:\Windows\system32\RPCRT4.dll
0x0000000077790000 - 0x000000007788a000 	C:\Windows\system32\USER32.dll
0x000007fefd120000 - 0x000007fefd187000 	C:\Windows\system32\GDI32.dll
0x000007fefd190000 - 0x000007fefd19e000 	C:\Windows\system32\LPK.dll
0x000007fefd630000 - 0x000007fefd6fa000 	C:\Windows\system32\USP10.dll
0x000007fefb710000 - 0x000007fefb904000 	C:\Windows\WinSxS\amd64_microsoft.windows.common-controls_6595b64144ccf1df_6.0.7601.18837_none_fa3b1e3d17594757\COMCTL32.dll
0x000007fefd560000 - 0x000007fefd5d1000 	C:\Windows\system32\SHLWAPI.dll
0x000007fefea90000 - 0x000007fefeabe000 	C:\Windows\system32\IMM32.DLL
0x000007fefdb50000 - 0x000007fefdc59000 	C:\Windows\system32\MSCTF.dll
0x000000005c910000 - 0x000000005c9e2000 	C:\Program Files\Java\jdk1.8.0_101\jre\bin\msvcr100.dll
0x00000000589a0000 - 0x000000005923a000 	C:\Program Files\Java\jdk1.8.0_101\jre\bin\server\jvm.dll
0x000007fee7d20000 - 0x000007fee7d29000 	C:\Windows\system32\WSOCK32.dll
0x000007fefd5e0000 - 0x000007fefd62d000 	C:\Windows\system32\WS2_32.dll
0x000007fefd470000 - 0x000007fefd478000 	C:\Windows\system32\NSI.dll
0x000007fef62d0000 - 0x000007fef630b000 	C:\Windows\system32\WINMM.dll
0x000007fefbda0000 - 0x000007fefbdac000 	C:\Windows\system32\VERSION.dll
0x0000000077ce0000 - 0x0000000077ce7000 	C:\Windows\system32\PSAPI.DLL
0x0000000064450000 - 0x000000006445f000 	C:\Program Files\Java\jdk1.8.0_101\jre\bin\verify.dll
0x0000000063240000 - 0x0000000063269000 	C:\Program Files\Java\jdk1.8.0_101\jre\bin\java.dll
0x0000000063220000 - 0x0000000063236000 	C:\Program Files\Java\jdk1.8.0_101\jre\bin\zip.dll
0x000007fefdd00000 - 0x000007fefea89000 	C:\Windows\system32\SHELL32.dll
0x000007fefd260000 - 0x000007fefd463000 	C:\Windows\system32\ole32.dll
0x000007fefcc30000 - 0x000007fefcc3f000 	C:\Windows\system32\profapi.dll

VM Arguments:
jvm_args: -Djava.awt.headless=true -Xmx1024M -Dfile.encoding=windows-1252 -Duser.country=US -Duser.language=en -Duser.variant 
java_command: com.android.dx.command.Main --dex --force-jumbo --multi-dex --output C:\Users\Sleazy P Martini\Desktop\AndroidProgrammerTest\app\build\intermediates\transforms\dex\debug\folders\1000\10\internal_impl-24.2.1_b0c270f6d3b63b032ff2339a929008192a8bf518 C:\Users\Sleazy P Martini\Desktop\AndroidProgrammerTest\app\build\intermediates\exploded-aar\com.android.support\support-core-utils\24.2.1\jars\libs\internal_impl-24.2.1.jar
java_class_path (initial): C:\Android\sdk\build-tools\21.1.2\lib\dx.jar
Launcher Type: SUN_STANDARD

Environment Variables:



---------------  S Y S T E M  ---------------

OS: Windows 7 , 64 bit Build 7601 (6.1.7601.23418)

CPU:total 4 (4 cores per cpu, 1 threads per core) family 18 model 1 stepping 0, cmov, cx8, fxsr, mmx, sse, sse2, sse3, popcnt, mmxext, 3dnowpref, lzcnt, sse4a, tsc, tscinvbit, tscinv

Memory: 4k page, physical 7842716k(714640k free), swap 8889432k(4964k free)

vm_info: Java HotSpot(TM) 64-Bit Server VM (25.101-b13) for windows-amd64 JRE (1.8.0_101-b13), built on Jun 22 2016 01:21:29 by "java_re" with MS VC++ 10.0 (VS2010)

time: Fri Sep 16 18:48:06 2016
elapsed time: 3 seconds (0d 0h 0m 3s)

