#
# There is insufficient memory for the Java Runtime Environment to continue.
# Native memory allocation (malloc) failed to allocate 169936 bytes for Chunk::new
# Possible reasons:
#   The system is out of physical RAM or swap space
#   In 32 bit mode, the process size limit was hit
# Possible solutions:
#   Reduce memory load on the system
#   Increase physical memory or swap space
#   Check if swap backing store is full
#   Use 64 bit Java on a 64 bit OS
#   Decrease Java heap size (-Xmx/-Xms)
#   Decrease number of Java threads
#   Decrease Java thread stack sizes (-Xss)
#   Set larger code cache with -XX:ReservedCodeCacheSize=
# This output file may be truncated or incomplete.
#
#  Out of Memory Error (allocation.cpp:390), pid=9856, tid=0x00000000000012e8
#
# JRE version: Java(TM) SE Runtime Environment (8.0_101-b13) (build 1.8.0_101-b13)
# Java VM: Java HotSpot(TM) 64-Bit Server VM (25.101-b13 mixed mode windows-amd64 compressed oops)
# Failed to write core dump. Minidumps are not enabled by default on client versions of Windows
#

---------------  T H R E A D  ---------------

Current thread (0x00000000551fb800):  JavaThread "C2 CompilerThread1" daemon [_thread_in_native, id=4840, stack(0x0000000056a70000,0x0000000056b70000)]

Stack: [0x0000000056a70000,0x0000000056b70000]
[error occurred during error reporting (printing stack bounds), id 0xc0000005]

Native frames: (J=compiled Java code, j=interpreted, Vv=VM code, C=native code)


Current CompileTask:
C2:   2239  758   !   4       com.android.dx.rop.code.RegisterSpec::intern (70 bytes)


---------------  P R O C E S S  ---------------

Java Threads: ( => current thread )
  0x0000000056da4000 JavaThread "Service Thread" daemon [_thread_blocked, id=8264, stack(0x0000000057270000,0x0000000057370000)]
  0x00000000551fc800 JavaThread "C1 CompilerThread2" daemon [_thread_in_native, id=5552, stack(0x0000000056c40000,0x0000000056d40000)]
=>0x00000000551fb800 JavaThread "C2 CompilerThread1" daemon [_thread_in_native, id=4840, stack(0x0000000056a70000,0x0000000056b70000)]
  0x00000000551f7000 JavaThread "C2 CompilerThread0" daemon [_thread_blocked, id=8940, stack(0x00000000568f0000,0x00000000569f0000)]
  0x00000000551f2800 JavaThread "Attach Listener" daemon [_thread_blocked, id=7292, stack(0x00000000567c0000,0x00000000568c0000)]
  0x00000000551f1800 JavaThread "Signal Dispatcher" daemon [_thread_blocked, id=7340, stack(0x00000000566b0000,0x00000000567b0000)]
  0x00000000551d9800 JavaThread "Finalizer" daemon [_thread_blocked, id=7992, stack(0x0000000056530000,0x0000000056630000)]
  0x0000000055192800 JavaThread "Reference Handler" daemon [_thread_blocked, id=7516, stack(0x0000000056430000,0x0000000056530000)]
  0x0000000002368000 JavaThread "main" [_thread_in_Java, id=10120, stack(0x0000000002650000,0x0000000002750000)]

Other Threads:
  0x000000005518a800 VMThread [stack: 0x0000000056200000,0x0000000056300000] [id=7328]
  0x0000000056dab800 WatcherThread [stack: 0x0000000057150000,0x0000000057250000] [id=4736]

VM state:not at safepoint (normal execution)

VM Mutex/Monitor currently owned by a thread: None

Heap:
 PSYoungGen      total 35840K, used 11699K [0x00000000eab00000, 0x00000000ed300000, 0x0000000100000000)
  eden space 30720K, 38% used [0x00000000eab00000,0x00000000eb66cd50,0x00000000ec900000)
  from space 5120K, 0% used [0x00000000ece00000,0x00000000ece00000,0x00000000ed300000)
  to   space 5120K, 0% used [0x00000000ec900000,0x00000000ec900000,0x00000000ece00000)
 ParOldGen       total 81920K, used 0K [0x00000000c0000000, 0x00000000c5000000, 0x00000000eab00000)
  object space 81920K, 0% used [0x00000000c0000000,0x00000000c0000000,0x00000000c5000000)
 Metaspace       used 5309K, capacity 6704K, committed 6784K, reserved 1056768K
  class space    used 549K, capacity 616K, committed 640K, reserved 1048576K

Card table byte_map: [0x0000000011de0000,0x0000000011ff0000] byte_map_base: 0x00000000117e0000

Marking Bits: (ParMarkBitMap*) 0x00000000591ba6d0
 Begin Bits: [0x0000000012600000, 0x0000000013600000)
 End Bits:   [0x0000000013600000, 0x0000000014600000)

Polling page: 0x0000000000250000

CodeCache: size=245760Kb used=3396Kb max_used=3396Kb free=242363Kb
 bounds [0x0000000002a20000, 0x0000000002d80000, 0x0000000011a20000]
 total_blobs=1041 nmethods=782 adapters=173
 compilation: enabled

Compilation events (10 events):
Event: 2.227 Thread 0x00000000551f7000  778       4       java.util.Arrays::copyOf (46 bytes)
Event: 2.227 Thread 0x00000000551fc800  780       3       com.android.dx.ssa.DeadCodeRemover::pruneDeadInstructions (246 bytes)
Event: 2.229 Thread 0x00000000551f7000 nmethod 778 0x0000000002d68c90 code [0x0000000002d68de0, 0x0000000002d68f78]
Event: 2.230 Thread 0x00000000551fc800 nmethod 780 0x0000000002d690d0 code [0x0000000002d694a0, 0x0000000002d6ba08]
Event: 2.231 Thread 0x00000000551fc800  781       3       com.android.dx.ssa.SsaMethod::computeReachability (131 bytes)
Event: 2.234 Thread 0x00000000551fc800 nmethod 781 0x0000000002d6d110 code [0x0000000002d6d4c0, 0x0000000002d6f508]
Event: 2.235 Thread 0x00000000551fc800  782       3       com.android.dx.ssa.back.InterferenceGraph::ensureCapacity (42 bytes)
Event: 2.236 Thread 0x00000000551fc800 nmethod 782 0x0000000002d671d0 code [0x0000000002d67400, 0x0000000002d67fa8]
Event: 2.236 Thread 0x00000000551fc800  783       1       com.android.dx.ssa.SsaMethod::getParamWidth (5 bytes)
Event: 2.237 Thread 0x00000000551fc800 nmethod 783 0x0000000002d66f10 code [0x0000000002d67060, 0x0000000002d67170]

GC Heap History (0 events):
No events

Deoptimization events (0 events):
No events

Internal exceptions (2 events):
Event: 0.092 Thread 0x0000000002368000 Exception <a 'java/lang/NoSuchMethodError': Method sun.misc.Unsafe.defineClass(Ljava/lang/String;[BII)Ljava/lang/Class; name or signature does not match> (0x00000000eab07cc0) thrown at [C:\re\workspace\8-2-build-windows-amd64-cygwin\jdk8u101\7261\hotspot\s‚£šùKž·?
Event: 0.092 Thread 0x0000000002368000 Exception <a 'java/lang/NoSuchMethodError': Method sun.misc.Unsafe.prefetchRead(Ljava/lang/Object;J)V name or signature does not match> (0x00000000eab07fa8) thrown at [C:\re\workspace\8-2-build-windows-amd64-cygwin\jdk8u101\7261\hotspot\src\share\vm\prims\

Events (10 events):
Event: 2.114 loading class java/util/ArrayList$1
Event: 2.114 loading class java/util/ArrayList$1 done
Event: 2.148 loading class com/android/dx/cf/attrib/AttSignature
Event: 2.148 loading class com/android/dx/cf/attrib/AttSignature done
Event: 2.148 loading class com/android/dx/cf/attrib/AttLocalVariableTypeTable
Event: 2.148 loading class com/android/dx/cf/attrib/AttLocalVariableTypeTable done
Event: 2.149 loading class com/android/dx/dex/file/FieldAnnotationStruct
Event: 2.149 loading class com/android/dx/dex/file/FieldAnnotationStruct done
Event: 2.153 loading class com/android/dx/dex/file/MethodAnnotationStruct
Event: 2.153 loading class com/android/dx/dex/file/MethodAnnotationStruct done


Dynamic libraries:
0x000000013fe80000 - 0x000000013feb7000 	C:\Program Files\Java\jdk1.8.0_101\bin\java.exe
0x0000000077b10000 - 0x0000000077cba000 	C:\Windows\SYSTEM32\ntdll.dll
0x000007fee9ab0000 - 0x000007fee9ae3000 	C:\Program Files (x86)\AVG\Av\avghooka.dll
0x0000000077890000 - 0x00000000779af000 	C:\Windows\system32\kernel32.dll
0x000007fefcd60000 - 0x000007fefcdca000 	C:\Windows\system32\KERNELBASE.dll
0x000007fefd830000 - 0x000007fefd90b000 	C:\Windows\system32\ADVAPI32.dll
0x000007fefdc60000 - 0x000007fefdcff000 	C:\Windows\system32\msvcrt.dll
0x000007fefeac0000 - 0x000007fefeadf000 	C:\Windows\SYSTEM32\sechost.dll
0x000007fefd700000 - 0x000007fefd82d000 	C:\Windows\system32\RPCRT4.dll
0x0000000077790000 - 0x000000007788a000 	C:\Windows\system32\USER32.dll
0x000007fefd120000 - 0x000007fefd187000 	C:\Windows\system32\GDI32.dll
0x000007fefd190000 - 0x000007fefd19e000 	C:\Windows\system32\LPK.dll
0x000007fefd630000 - 0x000007fefd6fa000 	C:\Windows\system32\USP10.dll
0x000007fefb710000 - 0x000007fefb904000 	C:\Windows\WinSxS\amd64_microsoft.windows.common-controls_6595b64144ccf1df_6.0.7601.18837_none_fa3b1e3d17594757\COMCTL32.dll
0x000007fefd560000 - 0x000007fefd5d1000 	C:\Windows\system32\SHLWAPI.dll
0x000007fefea90000 - 0x000007fefeabe000 	C:\Windows\system32\IMM32.DLL
0x000007fefdb50000 - 0x000007fefdc59000 	C:\Windows\system32\MSCTF.dll
0x000000005c910000 - 0x000000005c9e2000 	C:\Program Files\Java\jdk1.8.0_101\jre\bin\msvcr100.dll
0x00000000589a0000 - 0x000000005923a000 	C:\Program Files\Java\jdk1.8.0_101\jre\bin\server\jvm.dll
0x000007fee7d20000 - 0x000007fee7d29000 	C:\Windows\system32\WSOCK32.dll
0x000007fefd5e0000 - 0x000007fefd62d000 	C:\Windows\system32\WS2_32.dll
0x000007fefd470000 - 0x000007fefd478000 	C:\Windows\system32\NSI.dll
0x000007fef62d0000 - 0x000007fef630b000 	C:\Windows\system32\WINMM.dll
0x000007fefbda0000 - 0x000007fefbdac000 	C:\Windows\system32\VERSION.dll
0x0000000077ce0000 - 0x0000000077ce7000 	C:\Windows\system32\PSAPI.DLL
0x0000000064450000 - 0x000000006445f000 	C:\Program Files\Java\jdk1.8.0_101\jre\bin\verify.dll
0x0000000063240000 - 0x0000000063269000 	C:\Program Files\Java\jdk1.8.0_101\jre\bin\java.dll
0x0000000063220000 - 0x0000000063236000 	C:\Program Files\Java\jdk1.8.0_101\jre\bin\zip.dll
0x000007fefdd00000 - 0x000007fefea89000 	C:\Windows\system32\SHELL32.dll
0x000007fefd260000 - 0x000007fefd463000 	C:\Windows\system32\ole32.dll
0x000007fefcc30000 - 0x000007fefcc3f000 	C:\Windows\system32\profapi.dll

VM Arguments:
jvm_args: -Djava.awt.headless=true -Xmx1024M -Dfile.encoding=windows-1252 -Duser.country=US -Duser.language=en -Duser.variant 
java_command: com.android.dx.command.Main --dex --force-jumbo --multi-dex --output C:\Users\Sleazy P Martini\Desktop\AndroidProgrammerTest\app\build\intermediates\transforms\dex\debug\folders\1000\10\internal_impl-24.2.1_6602c993330b81dfecb3d05af0e336a238fa54f5 C:\Users\Sleazy P Martini\Desktop\AndroidProgrammerTest\app\build\intermediates\exploded-aar\com.android.support\support-media-compat\24.2.1\jars\libs\internal_impl-24.2.1.jar
java_class_path (initial): C:\Android\sdk\build-tools\21.1.2\lib\dx.jar
Launcher Type: SUN_STANDARD

Environment Variables:
JAVA_HOME=C:\Program Files\Java\jdk1.8.0_101
PATH=C:\Windows\Microsoft.NET\Framework64\v4.0.30319;C:\Program Files\Microsoft\Web Platform Installer\;C:\Program Files\Microsoft SQL Server\120\Tools\Binn\;C:\Program Files\Microsoft SQL Server\Client SDK\ODBC\110\Tools\Binn\;C:\Program Files (x86)\Microsoft SQL Server\120\Tools\Binn\;C:\Program Files\Microsoft SQL Server\120\DTS\Binn\;C:\Program Files (x86)\Microsoft SQL Server\120\Tools\Binn\ManagementStudio\;C:\Program Files (x86)\Microsoft SQL Server\120\DTS\Binn\;C:\Program Files\MongoDB\Server\3.2\bin;C:\Python27\;C:\Python27\Scripts\;C:\Program Files\emacs\bin\;C:\Program Files\nodejs\;C:\Program Files (x86)\Skype\Phone\;C:\Program Files\Microsoft DNX\Dnvm\;C:\Program Files\Microsoft SQL Server\130\Tools\Binn\;C:\Program Files\Git\cmd;C:\Program Files (x86)\Windows Kits\10\Windows Performance Toolkit\;C:\Users\Sleazy P Martini\.dnx\bin;C:\Users\Sleazy P Martini\AppData\Local\Pandoc\;C:\Users\Sleazy P Martini\AppData\Roaming\npm
USERNAME=Sleazy P Martini
OS=Windows_NT
PROCESSOR_IDENTIFIER=AMD64 Family 18 Model 1 Stepping 0, AuthenticAMD



---------------  S Y S T E M  ---------------

OS: Windows 7 , 64 bit Build 7601 (6.1.7601.23418)

CPU:total 4 (4 cores per cpu, 1 threads per core) family 18 model 1 stepping 0, cmov, cx8, fxsr, mmx, sse, sse2, sse3, popcnt, mmxext, 3dnowpref, lzcnt, sse4a, tsc, tscinvbit, tscinv

Memory: 4k page, physical 7842716k(750332k free), swap 8889432k(5124k free)

vm_info: Java HotSpot(TM) 64-Bit Server VM (25.101-b13) for windows-amd64 JRE (1.8.0_101-b13), built on Jun 22 2016 01:21:29 by "java_re" with MS VC++ 10.0 (VS2010)

time: Fri Sep 16 18:48:02 2016
elapsed time: 2 seconds (0d 0h 0m 2s)

