#
# A fatal error has been detected by the Java Runtime Environment:
#
#  EXCEPTION_ACCESS_VIOLATION (0xc0000005) at pc=0x0000000056c03987, pid=9160, tid=0x00000000000005b8
#
# JRE version:  (8.0_101-b13) (build )
# Java VM: Java HotSpot(TM) 64-Bit Server VM (25.101-b13 mixed mode windows-amd64 compressed oops)
# Problematic frame:
# V  [jvm.dll+0x213987]
#
# Failed to write core dump. Minidumps are not enabled by default on client versions of Windows
#
# If you would like to submit a bug report, please visit:
#   http://bugreport.java.com/bugreport/crash.jsp
#

---------------  T H R E A D  ---------------

Current thread (0x0000000002278000):  JavaThread "Unknown thread" [_thread_in_vm, id=1464, stack(0x0000000002510000,0x0000000002610000)]

siginfo: ExceptionCode=0xc0000005, writing address 0x0000000002608e60

Registers:
RAX=0x0000000002608e60, RBX=0x0000000000000007, RCX=0x0000000000006000, RDX=0x0000000000000004
RSP=0x000000000260ee60, RBP=0x0000000000000000, RSI=0x000000000260ee60, RDI=0x0000000000000007
R8 =0x0000000000000004, R9 =0x0000000002276db0, R10=0x0000000054650ca8, R11=0x000000000251a138
R12=0x0000000002276db0, R13=0x0000000002278000, R14=0x000000000260ef90, R15=0x0000000054650ca8
RIP=0x0000000056c03987, EFLAGS=0x0000000000010206

Top of Stack: (sp=0x000000000260ee60)
0x000000000260ee60:   0000000000000000 0000000056020000
0x000000000260ee70:   0000000002278000 0000000002276db0
0x000000000260ee80:   00000000ffffffff 0000000056c048b7
0x000000000260ee90:   000000000260ef90 0000000054650ca8
0x000000000260eea0:   0000000002278000 0000000000000000
0x000000000260eeb0:   0000000014661790 0000000000000000
0x000000000260eec0:   0000000000000000 0000000056c07001
0x000000000260eed0:   0000000054650ca8 0000000002278000
0x000000000260eee0:   00000000028f31e0 0000000000000000
0x000000000260eef0:   0000000054f33b01 0000000000000000
0x000000000260ef00:   0000000000000000 00000000023aef30
0x000000000260ef10:   0000648f64136443 0000000054650ca8
0x000000000260ef20:   0000000002278000 0000000056ae703b
0x000000000260ef30:   00000000023af8e8 0000000056b198d8
0x000000000260ef40:   000000000260f0d8 0000000056a1f6b5
0x000000000260ef50:   00000000546578d0 0000000056afe8cd 

Instructions: (pc=0x0000000056c03987)
0x0000000056c03967:   48 89 6c 24 30 33 ed 66 90 e8 cb 37 08 00 ff c3
0x0000000056c03977:   48 63 c8 48 8b c6 48 0f af cf 48 ff c7 48 2b c1
0x0000000056c03987:   89 28 48 63 c3 48 3b 05 3d 0d 59 00 7e db 48 8b
0x0000000056c03997:   6c 24 30 48 8b 5c 24 38 48 8b 74 24 40 48 83 c4 


Register to memory mapping:

RAX=0x0000000002608e60 is pointing into the stack for thread: 0x0000000002278000
RBX=0x0000000000000007 is an unknown value
RCX=0x0000000000006000 is an unknown value
RDX=0x0000000000000004 is an unknown value
RSP=0x000000000260ee60 is pointing into the stack for thread: 0x0000000002278000
RBP=0x0000000000000000 is an unknown value
RSI=0x000000000260ee60 is pointing into the stack for thread: 0x0000000002278000
RDI=0x0000000000000007 is an unknown value
R8 =0x0000000000000004 is an unknown value
R9 =0x0000000002276db0 is an unknown value
R10={method} {0x0000000054650cb0} '<clinit>' '()V' in 'java/lang/Object'
R11=0x000000000251a138 is pointing into the stack for thread: 0x0000000002278000
R12=0x0000000002276db0 is an unknown value
R13=0x0000000002278000 is a thread
R14=0x000000000260ef90 is pointing into the stack for thread: 0x0000000002278000
R15={method} {0x0000000054650cb0} '<clinit>' '()V' in 'java/lang/Object'


Stack: [0x0000000002510000,0x0000000002610000],  sp=0x000000000260ee60,  free space=1019k
Native frames: (J=compiled Java code, j=interpreted, Vv=VM code, C=native code)


---------------  P R O C E S S  ---------------

Java Threads: ( => current thread )
=>0x0000000002278000 JavaThread "Unknown thread" [_thread_in_vm, id=1464, stack(0x0000000002510000,0x0000000002610000)]

Other Threads:
  0x0000000054fda800 VMThread [stack: 0x0000000056100000,0x0000000056200000] [id=1296]

VM state:not at safepoint (normal execution)

VM Mutex/Monitor currently owned by a thread: None

Heap:
 PSYoungGen      total 35840K, used 614K [0x00000000eab00000, 0x00000000ed300000, 0x0000000100000000)
  eden space 30720K, 2% used [0x00000000eab00000,0x00000000eab999a8,0x00000000ec900000)
  from space 5120K, 0% used [0x00000000ece00000,0x00000000ece00000,0x00000000ed300000)
  to   space 5120K, 0% used [0x00000000ec900000,0x00000000ec900000,0x00000000ece00000)
 ParOldGen       total 81920K, used 0K [0x00000000c0000000, 0x00000000c5000000, 0x00000000eab00000)
  object space 81920K, 0% used [0x00000000c0000000,0x00000000c0000000,0x00000000c5000000)
 Metaspace       used 773K, capacity 4480K, committed 4480K, reserved 1056768K
  class space    used 75K, capacity 384K, committed 384K, reserved 1048576K

Card table byte_map: [0x0000000011ca0000,0x0000000011eb0000] byte_map_base: 0x00000000116a0000

Marking Bits: (ParMarkBitMap*) 0x000000005720a6d0
 Begin Bits: [0x0000000012450000, 0x0000000013450000)
 End Bits:   [0x0000000013450000, 0x0000000014450000)

Polling page: 0x00000000001e0000

CodeCache: size=245760Kb used=355Kb max_used=355Kb free=245404Kb
 bounds [0x00000000028e0000, 0x0000000002b50000, 0x00000000118e0000]
 total_blobs=71 nmethods=0 adapters=48
 compilation: enabled

Compilation events (0 events):
No events

GC Heap History (0 events):
No events

Deoptimization events (0 events):
No events

Internal exceptions (0 events):
No events

Events (10 events):
Event: 0.098 loading class java/lang/Short done
Event: 0.098 loading class java/lang/Integer
Event: 0.098 loading class java/lang/Integer done
Event: 0.098 loading class java/lang/Long
Event: 0.098 loading class java/lang/Long done
Event: 0.100 loading class java/lang/NullPointerException
Event: 0.100 loading class java/lang/NullPointerException done
Event: 0.100 loading class java/lang/ArithmeticException
Event: 0.100 loading class java/lang/ArithmeticException done
Event: 0.102 Thread 0x0000000002278000 Thread added: 0x0000000002278000


Dynamic libraries:
0x000000013fae0000 - 0x000000013fb17000 	C:\Program Files\Java\jdk1.8.0_101\bin\java.exe
0x0000000077b10000 - 0x0000000077cba000 	C:\Windows\SYSTEM32\ntdll.dll
0x000007fee9ab0000 - 0x000007fee9ae3000 	C:\Program Files (x86)\AVG\Av\avghooka.dll
0x0000000077890000 - 0x00000000779af000 	C:\Windows\system32\kernel32.dll
0x000007fefcd60000 - 0x000007fefcdca000 	C:\Windows\system32\KERNELBASE.dll
0x000007fefd830000 - 0x000007fefd90b000 	C:\Windows\system32\ADVAPI32.dll
0x000007fefdc60000 - 0x000007fefdcff000 	C:\Windows\system32\msvcrt.dll
0x000007fefeac0000 - 0x000007fefeadf000 	C:\Windows\SYSTEM32\sechost.dll
0x000007fefd700000 - 0x000007fefd82d000 	C:\Windows\system32\RPCRT4.dll
0x0000000077790000 - 0x000000007788a000 	C:\Windows\system32\USER32.dll
0x000007fefd120000 - 0x000007fefd187000 	C:\Windows\system32\GDI32.dll
0x000007fefd190000 - 0x000007fefd19e000 	C:\Windows\system32\LPK.dll
0x000007fefd630000 - 0x000007fefd6fa000 	C:\Windows\system32\USP10.dll
0x000007fefb710000 - 0x000007fefb904000 	C:\Windows\WinSxS\amd64_microsoft.windows.common-controls_6595b64144ccf1df_6.0.7601.18837_none_fa3b1e3d17594757\COMCTL32.dll
0x000007fefd560000 - 0x000007fefd5d1000 	C:\Windows\system32\SHLWAPI.dll
0x000007fefea90000 - 0x000007fefeabe000 	C:\Windows\system32\IMM32.DLL
0x000007fefdb50000 - 0x000007fefdc59000 	C:\Windows\system32\MSCTF.dll
0x0000000072770000 - 0x0000000072842000 	C:\Program Files\Java\jdk1.8.0_101\jre\bin\msvcr100.dll
0x00000000569f0000 - 0x000000005728a000 	C:\Program Files\Java\jdk1.8.0_101\jre\bin\server\jvm.dll
0x000007fee7d20000 - 0x000007fee7d29000 	C:\Windows\system32\WSOCK32.dll
0x000007fefd5e0000 - 0x000007fefd62d000 	C:\Windows\system32\WS2_32.dll
0x000007fefd470000 - 0x000007fefd478000 	C:\Windows\system32\NSI.dll
0x000007fef62d0000 - 0x000007fef630b000 	C:\Windows\system32\WINMM.dll
0x000007fefbda0000 - 0x000007fefbdac000 	C:\Windows\system32\VERSION.dll
0x0000000077ce0000 - 0x0000000077ce7000 	C:\Windows\system32\PSAPI.DLL
0x0000000073740000 - 0x000000007374f000 	C:\Program Files\Java\jdk1.8.0_101\jre\bin\verify.dll
0x0000000072c00000 - 0x0000000072c29000 	C:\Program Files\Java\jdk1.8.0_101\jre\bin\java.dll
0x0000000072ba0000 - 0x0000000072bb6000 	C:\Program Files\Java\jdk1.8.0_101\jre\bin\zip.dll

VM Arguments:
jvm_args: -Djava.awt.headless=true -Xmx1024M -Dfile.encoding=windows-1252 -Duser.country=US -Duser.language=en -Duser.variant 
java_command: com.android.dx.command.Main --dex --force-jumbo --multi-dex --output C:\Users\Sleazy P Martini\Desktop\AndroidProgrammerTest\app\build\intermediates\transforms\dex\debug\folders\1000\5\slice_9 C:\Users\Sleazy P Martini\Desktop\AndroidProgrammerTest\app\build\intermediates\transforms\instantRunSlicer\debug\folders\1\5\slice_9
java_class_path (initial): C:\Android\sdk\build-tools\21.1.2\lib\dx.jar
Launcher Type: SUN_STANDARD

Environment Variables:
JAVA_HOME=C:\Program Files\Java\jdk1.8.0_101
PATH=C:\Windows\Microsoft.NET\Framework64\v4.0.30319;C:\Program Files\Microsoft\Web Platform Installer\;C:\Program Files\Microsoft SQL Server\120\Tools\Binn\;C:\Program Files\Microsoft SQL Server\Client SDK\ODBC\110\Tools\Binn\;C:\Program Files (x86)\Microsoft SQL Server\120\Tools\Binn\;C:\Program Files\Microsoft SQL Server\120\DTS\Binn\;C:\Program Files (x86)\Microsoft SQL Server\120\Tools\Binn\ManagementStudio\;C:\Program Files (x86)\Microsoft SQL Server\120\DTS\Binn\;C:\Program Files\MongoDB\Server\3.2\bin;C:\Python27\;C:\Python27\Scripts\;C:\Program Files\emacs\bin\;C:\Program Files\nodejs\;C:\Program Files (x86)\Skype\Phone\;C:\Program Files\Microsoft DNX\Dnvm\;C:\Program Files\Microsoft SQL Server\130\Tools\Binn\;C:\Program Files\Git\cmd;C:\Program Files (x86)\Windows Kits\10\Windows Performance Toolkit\;C:\Users\Sleazy P Martini\.dnx\bin;C:\Users\Sleazy P Martini\AppData\Local\Pandoc\;C:\Users\Sleazy P Martini\AppData\Roaming\npm
USERNAME=Sleazy P Martini
OS=Windows_NT
PROCESSOR_IDENTIFIER=AMD64 Family 18 Model 1 Stepping 0, AuthenticAMD



---------------  S Y S T E M  ---------------

OS: Windows 7 , 64 bit Build 7601 (6.1.7601.23418)

CPU:total 4 (4 cores per cpu, 1 threads per core) family 18 model 1 stepping 0, cmov, cx8, fxsr, mmx, sse, sse2, sse3, popcnt, mmxext, 3dnowpref, lzcnt, sse4a, tsc, tscinvbit, tscinv

Memory: 4k page, physical 7842716k(710548k free), swap 8889432k(183856k free)

vm_info: Java HotSpot(TM) 64-Bit Server VM (25.101-b13) for windows-amd64 JRE (1.8.0_101-b13), built on Jun 22 2016 01:21:29 by "java_re" with MS VC++ 10.0 (VS2010)

time: Fri Sep 16 19:37:22 2016
elapsed time: 0 seconds (0d 0h 0m 0s)

