#
# There is insufficient memory for the Java Runtime Environment to continue.
# Native memory allocation (malloc) failed to allocate 32744 bytes for ChunkPool::allocate
# Possible reasons:
#   The system is out of physical RAM or swap space
#   In 32 bit mode, the process size limit was hit
# Possible solutions:
#   Reduce memory load on the system
#   Increase physical memory or swap space
#   Check if swap backing store is full
#   Use 64 bit Java on a 64 bit OS
#   Decrease Java heap size (-Xmx/-Xms)
#   Decrease number of Java threads
#   Decrease Java thread stack sizes (-Xss)
#   Set larger code cache with -XX:ReservedCodeCacheSize=
# This output file may be truncated or incomplete.
#
#  Out of Memory Error (allocation.cpp:273), pid=10020, tid=0x0000000000001710
#
# JRE version: Java(TM) SE Runtime Environment (8.0_101-b13) (build 1.8.0_101-b13)
# Java VM: Java HotSpot(TM) 64-Bit Server VM (25.101-b13 mixed mode windows-amd64 compressed oops)
# Failed to write core dump. Minidumps are not enabled by default on client versions of Windows
#

---------------  T H R E A D  ---------------

Current thread (0x0000000055299000):  JavaThread "C2 CompilerThread0" daemon [_thread_in_native, id=5904, stack(0x00000000565d0000,0x00000000566d0000)]

Stack: [0x00000000565d0000,0x00000000566d0000]
[error occurred during error reporting (printing stack bounds), id 0xc0000005]

Native frames: (J=compiled Java code, j=interpreted, Vv=VM code, C=native code)


Current CompileTask:
C2:   3640 1163       4       com.android.dx.ssa.SCCP::simulateStmt (481 bytes)


---------------  P R O C E S S  ---------------

Java Threads: ( => current thread )
  0x0000000056a40800 JavaThread "Service Thread" daemon [_thread_blocked, id=7592, stack(0x0000000057060000,0x0000000057160000)]
  0x00000000569c8800 JavaThread "C1 CompilerThread2" daemon [_thread_blocked, id=8796, stack(0x0000000056e50000,0x0000000056f50000)]
  0x000000005529d800 JavaThread "C2 CompilerThread1" daemon [_thread_in_native, id=7460, stack(0x00000000568b0000,0x00000000569b0000)]
=>0x0000000055299000 JavaThread "C2 CompilerThread0" daemon [_thread_in_native, id=5904, stack(0x00000000565d0000,0x00000000566d0000)]
  0x0000000055294800 JavaThread "Attach Listener" daemon [_thread_blocked, id=3608, stack(0x0000000056760000,0x0000000056860000)]
  0x0000000055293800 JavaThread "Signal Dispatcher" daemon [_thread_blocked, id=7952, stack(0x00000000564b0000,0x00000000565b0000)]
  0x0000000055279800 JavaThread "Finalizer" daemon [_thread_blocked, id=4976, stack(0x00000000560c0000,0x00000000561c0000)]
  0x0000000055232000 JavaThread "Reference Handler" daemon [_thread_blocked, id=7608, stack(0x0000000056380000,0x0000000056480000)]
  0x00000000022d8000 JavaThread "main" [_thread_in_Java, id=8980, stack(0x00000000025f0000,0x00000000026f0000)]

Other Threads:
  0x000000005522a800 VMThread [stack: 0x0000000056240000,0x0000000056340000] [id=7272]
  0x0000000056a45800 WatcherThread [stack: 0x00000000572f0000,0x00000000573f0000] [id=9196]

VM state:not at safepoint (normal execution)

VM Mutex/Monitor currently owned by a thread: None

Heap:
 PSYoungGen      total 35840K, used 22380K [0x00000000eab00000, 0x00000000ed300000, 0x0000000100000000)
  eden space 30720K, 72% used [0x00000000eab00000,0x00000000ec0db330,0x00000000ec900000)
  from space 5120K, 0% used [0x00000000ece00000,0x00000000ece00000,0x00000000ed300000)
  to   space 5120K, 0% used [0x00000000ec900000,0x00000000ec900000,0x00000000ece00000)
 ParOldGen       total 81920K, used 0K [0x00000000c0000000, 0x00000000c5000000, 0x00000000eab00000)
  object space 81920K, 0% used [0x00000000c0000000,0x00000000c0000000,0x00000000c5000000)
 Metaspace       used 5624K, capacity 6832K, committed 7040K, reserved 1056768K
  class space    used 560K, capacity 616K, committed 640K, reserved 1048576K

Card table byte_map: [0x0000000011d80000,0x0000000011f90000] byte_map_base: 0x0000000011780000

Marking Bits: (ParMarkBitMap*) 0x00000000591ba6d0
 Begin Bits: [0x00000000126a0000, 0x00000000136a0000)
 End Bits:   [0x00000000136a0000, 0x00000000146a0000)

Polling page: 0x0000000000150000

CodeCache: size=245760Kb used=4747Kb max_used=4750Kb free=241012Kb
 bounds [0x00000000029c0000, 0x0000000002e70000, 0x00000000119c0000]
 total_blobs=1436 nmethods=1172 adapters=178
 compilation: enabled

Compilation events (10 events):
Event: 3.520 Thread 0x000000005529d800 1173       4       com.android.dx.ssa.SsaMethod$1::visitNonMoveInsn (26 bytes)
Event: 3.521 Thread 0x00000000569c8800 nmethod 1169 0x0000000002e63f10 code [0x0000000002e641a0, 0x0000000002e65128]
Event: 3.521 Thread 0x00000000569c8800 1171       3       com.android.dx.ssa.SsaMethod::makeExitBlock (134 bytes)
Event: 3.522 Thread 0x000000005529d800 nmethod 1173 0x0000000002e473d0 code [0x0000000002e47520, 0x0000000002e47618]
Event: 3.523 Thread 0x00000000569c8800 nmethod 1171 0x0000000002e66f50 code [0x0000000002e671e0, 0x0000000002e681c8]
Event: 3.523 Thread 0x00000000569c8800 1170       3       com.android.dx.ssa.SsaRenamer$BlockRenamer::visitPhiInsn (6 bytes)
Event: 3.523 Thread 0x000000005529d800 1174       4       com.android.dx.ssa.SCCP::simulatePhi (169 bytes)
Event: 3.523 Thread 0x00000000569c8800 nmethod 1170 0x0000000002e66bd0 code [0x0000000002e66d40, 0x0000000002e66ec8]
Event: 3.523 Thread 0x00000000569c8800 1172       3       com.android.dx.ssa.MoveParamCombiner$1::visitPhiInsn (1 bytes)
Event: 3.523 Thread 0x00000000569c8800 nmethod 1172 0x0000000002e66890 code [0x0000000002e669e0, 0x0000000002e66b30]

GC Heap History (0 events):
No events

Deoptimization events (6 events):
Event: 1.645 Thread 0x00000000022d8000 Uncommon trap: reason=unstable_if action=reinterpret pc=0x0000000002bc868c method=java.util.HashMap.getNode(ILjava/lang/Object;)Ljava/util/HashMap$Node; @ 129
Event: 2.332 Thread 0x00000000022d8000 Uncommon trap: reason=unstable_if action=reinterpret pc=0x0000000002d19098 method=com.android.dx.rop.code.RegisterSpecSet.put(Lcom/android/dx/rop/code/RegisterSpec;)V @ 77
Event: 2.332 Thread 0x00000000022d8000 Uncommon trap: reason=unstable_if action=reinterpret pc=0x0000000002d3d350 method=com.android.dx.rop.code.RegisterSpecSet.put(Lcom/android/dx/rop/code/RegisterSpec;)V @ 77
Event: 2.584 Thread 0x00000000022d8000 Uncommon trap: reason=unstable_if action=reinterpret pc=0x0000000002c13ba8 method=java.util.HashMap.getNode(ILjava/lang/Object;)Ljava/util/HashMap$Node; @ 62
Event: 2.608 Thread 0x00000000022d8000 Uncommon trap: reason=unstable_if action=reinterpret pc=0x0000000002c7d754 method=java.lang.String.<init>([CII)V @ 18
Event: 3.516 Thread 0x00000000022d8000 Uncommon trap: reason=unstable_if action=reinterpret pc=0x0000000002cfa278 method=com.android.dx.rop.code.RegisterSpec.equals(ILcom/android/dx/rop/type/TypeBearer;Lcom/android/dx/rop/code/LocalItem;)Z @ 42

Internal exceptions (2 events):
Event: 0.058 Thread 0x00000000022d8000 Exception <a 'java/lang/NoSuchMethodError': Method sun.misc.Unsafe.defineClass(Ljava/lang/String;[BII)Ljava/lang/Class; name or signature does not match> (0x00000000eab07cc0) thrown at [C:\re\workspace\8-2-build-windows-amd64-cygwin\jdk8u101\7261\hotspot\sVRi׭?
Event: 0.058 Thread 0x00000000022d8000 Exception <a 'java/lang/NoSuchMethodError': Method sun.misc.Unsafe.prefetchRead(Ljava/lang/Object;J)V name or signature does not match> (0x00000000eab07fa8) thrown at [C:\re\workspace\8-2-build-windows-amd64-cygwin\jdk8u101\7261\hotspot\src\share\vm\prims\

Events (10 events):
Event: 2.608 Thread 0x00000000022d8000 DEOPT UNPACKING pc=0x0000000002a0582a sp=0x00000000026ee348 mode 2
Event: 2.760 Executing VM operation: ForceSafepoint
Event: 2.761 Executing VM operation: ForceSafepoint done
Event: 3.258 Thread 0x00000000022d8000 DEOPT PACKING pc=0x0000000002c4fd4d sp=0x00000000026ee680
Event: 3.258 Thread 0x00000000022d8000 DEOPT UNPACKING pc=0x0000000002a0747f sp=0x00000000026ee460 mode 0
Event: 3.500 loading class com/android/dx/cf/attrib/AttDeprecated
Event: 3.500 loading class com/android/dx/cf/attrib/AttDeprecated done
Event: 3.516 Thread 0x00000000022d8000 Uncommon trap: trap_request=0xffffff65 fr.pc=0x0000000002cfa278
Event: 3.516 Thread 0x00000000022d8000 DEOPT PACKING pc=0x0000000002cfa278 sp=0x00000000026ee610
Event: 3.517 Thread 0x00000000022d8000 DEOPT UNPACKING pc=0x0000000002a0582a sp=0x00000000026ee598 mode 2


Dynamic libraries:
0x000000013fe80000 - 0x000000013feb7000 	C:\Program Files\Java\jdk1.8.0_101\bin\java.exe
0x0000000077b10000 - 0x0000000077cba000 	C:\Windows\SYSTEM32\ntdll.dll
0x000007fee9ab0000 - 0x000007fee9ae3000 	C:\Program Files (x86)\AVG\Av\avghooka.dll
0x0000000077890000 - 0x00000000779af000 	C:\Windows\system32\kernel32.dll
0x000007fefcd60000 - 0x000007fefcdca000 	C:\Windows\system32\KERNELBASE.dll
0x000007fefd830000 - 0x000007fefd90b000 	C:\Windows\system32\ADVAPI32.dll
0x000007fefdc60000 - 0x000007fefdcff000 	C:\Windows\system32\msvcrt.dll
0x000007fefeac0000 - 0x000007fefeadf000 	C:\Windows\SYSTEM32\sechost.dll
0x000007fefd700000 - 0x000007fefd82d000 	C:\Windows\system32\RPCRT4.dll
0x0000000077790000 - 0x000000007788a000 	C:\Windows\system32\USER32.dll
0x000007fefd120000 - 0x000007fefd187000 	C:\Windows\system32\GDI32.dll
0x000007fefd190000 - 0x000007fefd19e000 	C:\Windows\system32\LPK.dll
0x000007fefd630000 - 0x000007fefd6fa000 	C:\Windows\system32\USP10.dll
0x000007fefb710000 - 0x000007fefb904000 	C:\Windows\WinSxS\amd64_microsoft.windows.common-controls_6595b64144ccf1df_6.0.7601.18837_none_fa3b1e3d17594757\COMCTL32.dll
0x000007fefd560000 - 0x000007fefd5d1000 	C:\Windows\system32\SHLWAPI.dll
0x000007fefea90000 - 0x000007fefeabe000 	C:\Windows\system32\IMM32.DLL
0x000007fefdb50000 - 0x000007fefdc59000 	C:\Windows\system32\MSCTF.dll
0x000000005c910000 - 0x000000005c9e2000 	C:\Program Files\Java\jdk1.8.0_101\jre\bin\msvcr100.dll
0x00000000589a0000 - 0x000000005923a000 	C:\Program Files\Java\jdk1.8.0_101\jre\bin\server\jvm.dll
0x000007fee7d20000 - 0x000007fee7d29000 	C:\Windows\system32\WSOCK32.dll
0x000007fefd5e0000 - 0x000007fefd62d000 	C:\Windows\system32\WS2_32.dll
0x000007fefd470000 - 0x000007fefd478000 	C:\Windows\system32\NSI.dll
0x000007fef62d0000 - 0x000007fef630b000 	C:\Windows\system32\WINMM.dll
0x000007fefbda0000 - 0x000007fefbdac000 	C:\Windows\system32\VERSION.dll
0x0000000077ce0000 - 0x0000000077ce7000 	C:\Windows\system32\PSAPI.DLL
0x0000000064450000 - 0x000000006445f000 	C:\Program Files\Java\jdk1.8.0_101\jre\bin\verify.dll
0x0000000063240000 - 0x0000000063269000 	C:\Program Files\Java\jdk1.8.0_101\jre\bin\java.dll
0x0000000063220000 - 0x0000000063236000 	C:\Program Files\Java\jdk1.8.0_101\jre\bin\zip.dll
0x000007fefdd00000 - 0x000007fefea89000 	C:\Windows\system32\SHELL32.dll
0x000007fefd260000 - 0x000007fefd463000 	C:\Windows\system32\ole32.dll
0x000007fefcc30000 - 0x000007fefcc3f000 	C:\Windows\system32\profapi.dll

VM Arguments:
jvm_args: -Djava.awt.headless=true -Xmx1024M -Dfile.encoding=windows-1252 -Duser.country=US -Duser.language=en -Duser.variant 
java_command: com.android.dx.command.Main --dex --force-jumbo --multi-dex --output C:\Users\Sleazy P Martini\Desktop\AndroidProgrammerTest\app\build\intermediates\transforms\dex\debug\folders\1000\10\okhttp-3.2.0_837beccb0f0332b2ffd6c9c7627b5155836602ae C:\Users\Sleazy P Martini\.gradle\caches\modules-2\files-2.1\com.squareup.okhttp3\okhttp\3.2.0\f7873a2ebde246a45c2a8d6f3247108b4c88a879\okhttp-3.2.0.jar
java_class_path (initial): C:\Android\sdk\build-tools\21.1.2\lib\dx.jar
Launcher Type: SUN_STANDARD

Environment Variables:
JAVA_HOME=C:\Program Files\Java\jdk1.8.0_101
PATH=C:\Windows\Microsoft.NET\Framework64\v4.0.30319;C:\Program Files\Microsoft\Web Platform Installer\;C:\Program Files\Microsoft SQL Server\120\Tools\Binn\;C:\Program Files\Microsoft SQL Server\Client SDK\ODBC\110\Tools\Binn\;C:\Program Files (x86)\Microsoft SQL Server\120\Tools\Binn\;C:\Program Files\Microsoft SQL Server\120\DTS\Binn\;C:\Program Files (x86)\Microsoft SQL Server\120\Tools\Binn\ManagementStudio\;C:\Program Files (x86)\Microsoft SQL Server\120\DTS\Binn\;C:\Program Files\MongoDB\Server\3.2\bin;C:\Python27\;C:\Python27\Scripts\;C:\Program Files\emacs\bin\;C:\Program Files\nodejs\;C:\Program Files (x86)\Skype\Phone\;C:\Program Files\Microsoft DNX\Dnvm\;C:\Program Files\Microsoft SQL Server\130\Tools\Binn\;C:\Program Files\Git\cmd;C:\Program Files (x86)\Windows Kits\10\Windows Performance Toolkit\;C:\Users\Sleazy P Martini\.dnx\bin;C:\Users\Sleazy P Martini\AppData\Local\Pandoc\;C:\Users\Sleazy P Martini\AppData\Roaming\npm
USERNAME=Sleazy P Martini
OS=Windows_NT
PROCESSOR_IDENTIFIER=AMD64 Family 18 Model 1 Stepping 0, AuthenticAMD



---------------  S Y S T E M  ---------------

OS: Windows 7 , 64 bit Build 7601 (6.1.7601.23418)

CPU:total 4 (4 cores per cpu, 1 threads per core) family 18 model 1 stepping 0, cmov, cx8, fxsr, mmx, sse, sse2, sse3, popcnt, mmxext, 3dnowpref, lzcnt, sse4a, tsc, tscinvbit, tscinv

Memory: 4k page, physical 7842716k(716644k free), swap 8889432k(4996k free)

vm_info: Java HotSpot(TM) 64-Bit Server VM (25.101-b13) for windows-amd64 JRE (1.8.0_101-b13), built on Jun 22 2016 01:21:29 by "java_re" with MS VC++ 10.0 (VS2010)

time: Fri Sep 16 18:48:05 2016
elapsed time: 3 seconds (0d 0h 0m 3s)

