#
# There is insufficient memory for the Java Runtime Environment to continue.
# Native memory allocation (malloc) failed to allocate 850016 bytes for Chunk::new
# Possible reasons:
#   The system is out of physical RAM or swap space
#   In 32 bit mode, the process size limit was hit
# Possible solutions:
#   Reduce memory load on the system
#   Increase physical memory or swap space
#   Check if swap backing store is full
#   Use 64 bit Java on a 64 bit OS
#   Decrease Java heap size (-Xmx/-Xms)
#   Decrease number of Java threads
#   Decrease Java thread stack sizes (-Xss)
#   Set larger code cache with -XX:ReservedCodeCacheSize=
# This output file may be truncated or incomplete.
#
#  Out of Memory Error (allocation.cpp:390), pid=1264, tid=0x000000000000225c
#
# JRE version: Java(TM) SE Runtime Environment (8.0_101-b13) (build 1.8.0_101-b13)
# Java VM: Java HotSpot(TM) 64-Bit Server VM (25.101-b13 mixed mode windows-amd64 compressed oops)
# Failed to write core dump. Minidumps are not enabled by default on client versions of Windows
#

---------------  T H R E A D  ---------------

Current thread (0x00000000564e8800):  JavaThread "C2 CompilerThread1" daemon [_thread_in_native, id=8796, stack(0x0000000056f00000,0x0000000057000000)]

Stack: [0x0000000056f00000,0x0000000057000000]
[error occurred during error reporting (printing stack bounds), id 0xc0000005]

Native frames: (J=compiled Java code, j=interpreted, Vv=VM code, C=native code)


Current CompileTask:
C2:   4117 1254       4       com.android.dx.dex.code.OutputFinisher::addConstants (93 bytes)


---------------  P R O C E S S  ---------------

Java Threads: ( => current thread )
  0x0000000056541000 JavaThread "Service Thread" daemon [_thread_blocked, id=7892, stack(0x0000000057210000,0x0000000057310000)]
  0x00000000564ea000 JavaThread "C1 CompilerThread2" daemon [_thread_in_native, id=7356, stack(0x00000000570b0000,0x00000000571b0000)]
=>0x00000000564e8800 JavaThread "C2 CompilerThread1" daemon [_thread_in_native, id=8796, stack(0x0000000056f00000,0x0000000057000000)]
  0x00000000564e4800 JavaThread "C2 CompilerThread0" daemon [_thread_in_native, id=8752, stack(0x0000000056d60000,0x0000000056e60000)]
  0x00000000564e0800 JavaThread "Attach Listener" daemon [_thread_blocked, id=3436, stack(0x0000000056c40000,0x0000000056d40000)]
  0x00000000552d3800 JavaThread "Signal Dispatcher" daemon [_thread_blocked, id=7432, stack(0x0000000056a00000,0x0000000056b00000)]
  0x00000000552b9800 JavaThread "Finalizer" daemon [_thread_blocked, id=7816, stack(0x00000000560e0000,0x00000000561e0000)]
  0x0000000055272800 JavaThread "Reference Handler" daemon [_thread_blocked, id=5544, stack(0x00000000563e0000,0x00000000564e0000)]
  0x0000000002288000 JavaThread "main" [_thread_in_vm, id=6660, stack(0x0000000002630000,0x0000000002730000)]

Other Threads:
  0x000000005526a800 VMThread [stack: 0x0000000056290000,0x0000000056390000] [id=1048]
  0x0000000056557000 WatcherThread [stack: 0x00000000573d0000,0x00000000574d0000] [id=2300]

VM state:not at safepoint (normal execution)

VM Mutex/Monitor currently owned by a thread: None

Heap:
 PSYoungGen      total 35840K, used 27059K [0x00000000eab00000, 0x00000000ed300000, 0x0000000100000000)
  eden space 30720K, 88% used [0x00000000eab00000,0x00000000ec56cec0,0x00000000ec900000)
  from space 5120K, 0% used [0x00000000ece00000,0x00000000ece00000,0x00000000ed300000)
  to   space 5120K, 0% used [0x00000000ec900000,0x00000000ec900000,0x00000000ece00000)
 ParOldGen       total 81920K, used 0K [0x00000000c0000000, 0x00000000c5000000, 0x00000000eab00000)
  object space 81920K, 0% used [0x00000000c0000000,0x00000000c0000000,0x00000000c5000000)
 Metaspace       used 5834K, capacity 7088K, committed 7296K, reserved 1056768K
  class space    used 571K, capacity 616K, committed 640K, reserved 1048576K

Card table byte_map: [0x0000000011dc0000,0x0000000011fd0000] byte_map_base: 0x00000000117c0000

Marking Bits: (ParMarkBitMap*) 0x000000005d72a6d0
 Begin Bits: [0x00000000126e0000, 0x00000000136e0000)
 End Bits:   [0x00000000136e0000, 0x00000000146e0000)

Polling page: 0x0000000000170000

CodeCache: size=245760Kb used=5349Kb max_used=5349Kb free=240410Kb
 bounds [0x0000000002a00000, 0x0000000002f40000, 0x0000000011a00000]
 total_blobs=1593 nmethods=1334 adapters=173
 compilation: enabled

Compilation events (10 events):
Event: 4.108 Thread 0x00000000564ea000 nmethod 1337 0x0000000002f33690 code [0x0000000002f33ac0, 0x0000000002f35fd8]
Event: 4.108 Thread 0x00000000564ea000 1338       3       com.android.dx.dex.code.DalvInsnList::makeImmutable (51 bytes)
Event: 4.110 Thread 0x00000000564ea000 nmethod 1338 0x0000000002f37bd0 code [0x0000000002f37e40, 0x0000000002f38d58]
Event: 4.110 Thread 0x00000000564ea000 1339       3       com.android.dx.dex.code.LocalList::make (102 bytes)
Event: 4.111 Thread 0x00000000564ea000 nmethod 1339 0x0000000002f399d0 code [0x0000000002f39c20, 0x0000000002f3abe8]
Event: 4.112 Thread 0x00000000564ea000 1340       3       com.android.dx.dex.code.LocalList$MakeState::add (75 bytes)
Event: 4.113 Thread 0x00000000564ea000 nmethod 1340 0x0000000002f3b190 code [0x0000000002f3b3c0, 0x0000000002f3c018]
Event: 4.113 Thread 0x00000000564ea000 1341       3       com.android.dx.dex.code.LocalList::set (7 bytes)
Event: 4.114 Thread 0x00000000564ea000 nmethod 1341 0x0000000002f3c850 code [0x0000000002f3ca20, 0x0000000002f3d1e8]
Event: 4.114 Thread 0x00000000564ea000 1342       3       com.android.dx.dex.code.BlockAddresses::getLast (10 bytes)

GC Heap History (0 events):
No events

Deoptimization events (10 events):
Event: 3.934 Thread 0x0000000002288000 Uncommon trap: reason=bimorphic action=maybe_recompile pc=0x0000000002f04fdc method=java.util.HashMap.putVal(ILjava/lang/Object;Ljava/lang/Object;ZZ)Ljava/lang/Object; @ 203
Event: 3.934 Thread 0x0000000002288000 Uncommon trap: reason=bimorphic action=maybe_recompile pc=0x0000000002f04fdc method=java.util.HashMap.putVal(ILjava/lang/Object;Ljava/lang/Object;ZZ)Ljava/lang/Object; @ 203
Event: 3.935 Thread 0x0000000002288000 Uncommon trap: reason=bimorphic action=maybe_recompile pc=0x0000000002f08140 method=java.util.HashMap.putVal(ILjava/lang/Object;Ljava/lang/Object;ZZ)Ljava/lang/Object; @ 203
Event: 4.085 Thread 0x0000000002288000 Uncommon trap: reason=speculate_class_check action=maybe_recompile pc=0x0000000002dd2f44 method=com.android.dx.util.FixedSizeList.equals(Ljava/lang/Object;)Z @ 25
Event: 4.085 Thread 0x0000000002288000 Uncommon trap: reason=class_check action=maybe_recompile pc=0x0000000002dd01dc method=java.util.Arrays.equals([Ljava/lang/Object;[Ljava/lang/Object;)Z @ 62
Event: 4.085 Thread 0x0000000002288000 Uncommon trap: reason=speculate_class_check action=maybe_recompile pc=0x0000000002dd2f44 method=com.android.dx.util.FixedSizeList.equals(Ljava/lang/Object;)Z @ 25
Event: 4.085 Thread 0x0000000002288000 Uncommon trap: reason=class_check action=maybe_recompile pc=0x0000000002dd01dc method=java.util.Arrays.equals([Ljava/lang/Object;[Ljava/lang/Object;)Z @ 62
Event: 4.085 Thread 0x0000000002288000 Uncommon trap: reason=speculate_class_check action=maybe_recompile pc=0x0000000002dd2f44 method=com.android.dx.util.FixedSizeList.equals(Ljava/lang/Object;)Z @ 25
Event: 4.085 Thread 0x0000000002288000 Uncommon trap: reason=unstable_if action=reinterpret pc=0x0000000002dd01b4 method=java.util.Arrays.equals([Ljava/lang/Object;[Ljava/lang/Object;)Z @ 23
Event: 4.088 Thread 0x0000000002288000 Uncommon trap: reason=speculate_class_check action=maybe_recompile pc=0x0000000002dd2f44 method=com.android.dx.util.FixedSizeList.equals(Ljava/lang/Object;)Z @ 25

Internal exceptions (2 events):
Event: 0.102 Thread 0x0000000002288000 Exception <a 'java/lang/NoSuchMethodError': Method sun.misc.Unsafe.defineClass(Ljava/lang/String;[BII)Ljava/lang/Class; name or signature does not match> (0x00000000eab07cc0) thrown at [C:\re\workspace\8-2-build-windows-amd64-cygwin\jdk8u101\7261\hotspot\s]¿Q©…0º?
Event: 0.102 Thread 0x0000000002288000 Exception <a 'java/lang/NoSuchMethodError': Method sun.misc.Unsafe.prefetchRead(Ljava/lang/Object;J)V name or signature does not match> (0x00000000eab07fa8) thrown at [C:\re\workspace\8-2-build-windows-amd64-cygwin\jdk8u101\7261\hotspot\src\share\vm\prims\

Events (10 events):
Event: 4.085 Thread 0x0000000002288000 Uncommon trap: trap_request=0xffffff65 fr.pc=0x0000000002dd01b4
Event: 4.085 Thread 0x0000000002288000 DEOPT PACKING pc=0x0000000002dd01b4 sp=0x000000000272ee80
Event: 4.085 Thread 0x0000000002288000 DEOPT UNPACKING pc=0x0000000002a4582a sp=0x000000000272ee20 mode 2
Event: 4.085 loading class com/android/dx/dex/code/CatchTable$Entry
Event: 4.085 loading class com/android/dx/dex/code/CatchTable$Entry done
Event: 4.086 loading class com/android/dx/util/ByteArrayAnnotatedOutput
Event: 4.086 loading class com/android/dx/util/ByteArrayAnnotatedOutput done
Event: 4.088 Thread 0x0000000002288000 Uncommon trap: trap_request=0xffffff76 fr.pc=0x0000000002dd2f44
Event: 4.088 Thread 0x0000000002288000 DEOPT PACKING pc=0x0000000002dd2f44 sp=0x000000000272eef0
Event: 4.088 Thread 0x0000000002288000 DEOPT UNPACKING pc=0x0000000002a4582a sp=0x000000000272eeb0 mode 2


Dynamic libraries:
0x000000013f850000 - 0x000000013f887000 	C:\Program Files\Java\jdk1.8.0_101\bin\java.exe
0x0000000077b10000 - 0x0000000077cba000 	C:\Windows\SYSTEM32\ntdll.dll
0x000007fee9ab0000 - 0x000007fee9ae3000 	C:\Program Files (x86)\AVG\Av\avghooka.dll
0x0000000077890000 - 0x00000000779af000 	C:\Windows\system32\kernel32.dll
0x000007fefcd60000 - 0x000007fefcdca000 	C:\Windows\system32\KERNELBASE.dll
0x000007fefd830000 - 0x000007fefd90b000 	C:\Windows\system32\ADVAPI32.dll
0x000007fefdc60000 - 0x000007fefdcff000 	C:\Windows\system32\msvcrt.dll
0x000007fefeac0000 - 0x000007fefeadf000 	C:\Windows\SYSTEM32\sechost.dll
0x000007fefd700000 - 0x000007fefd82d000 	C:\Windows\system32\RPCRT4.dll
0x0000000077790000 - 0x000000007788a000 	C:\Windows\system32\USER32.dll
0x000007fefd120000 - 0x000007fefd187000 	C:\Windows\system32\GDI32.dll
0x000007fefd190000 - 0x000007fefd19e000 	C:\Windows\system32\LPK.dll
0x000007fefd630000 - 0x000007fefd6fa000 	C:\Windows\system32\USP10.dll
0x000007fefb710000 - 0x000007fefb904000 	C:\Windows\WinSxS\amd64_microsoft.windows.common-controls_6595b64144ccf1df_6.0.7601.18837_none_fa3b1e3d17594757\COMCTL32.dll
0x000007fefd560000 - 0x000007fefd5d1000 	C:\Windows\system32\SHLWAPI.dll
0x000007fefea90000 - 0x000007fefeabe000 	C:\Windows\system32\IMM32.DLL
0x000007fefdb50000 - 0x000007fefdc59000 	C:\Windows\system32\MSCTF.dll
0x0000000058aa0000 - 0x0000000058b72000 	C:\Program Files\Java\jdk1.8.0_101\jre\bin\msvcr100.dll
0x000000005cf10000 - 0x000000005d7aa000 	C:\Program Files\Java\jdk1.8.0_101\jre\bin\server\jvm.dll
0x000007fee7d20000 - 0x000007fee7d29000 	C:\Windows\system32\WSOCK32.dll
0x000007fefd5e0000 - 0x000007fefd62d000 	C:\Windows\system32\WS2_32.dll
0x000007fefd470000 - 0x000007fefd478000 	C:\Windows\system32\NSI.dll
0x000007fef62d0000 - 0x000007fef630b000 	C:\Windows\system32\WINMM.dll
0x000007fefbda0000 - 0x000007fefbdac000 	C:\Windows\system32\VERSION.dll
0x0000000077ce0000 - 0x0000000077ce7000 	C:\Windows\system32\PSAPI.DLL
0x00000000647d0000 - 0x00000000647df000 	C:\Program Files\Java\jdk1.8.0_101\jre\bin\verify.dll
0x000000005cee0000 - 0x000000005cf09000 	C:\Program Files\Java\jdk1.8.0_101\jre\bin\java.dll
0x000000005da10000 - 0x000000005da26000 	C:\Program Files\Java\jdk1.8.0_101\jre\bin\zip.dll
0x000007fefdd00000 - 0x000007fefea89000 	C:\Windows\system32\SHELL32.dll
0x000007fefd260000 - 0x000007fefd463000 	C:\Windows\system32\ole32.dll
0x000007fefcc30000 - 0x000007fefcc3f000 	C:\Windows\system32\profapi.dll

VM Arguments:
jvm_args: -Djava.awt.headless=true -Xmx1024M -Dfile.encoding=windows-1252 -Duser.country=US -Duser.language=en -Duser.variant 
java_command: com.android.dx.command.Main --dex --force-jumbo --multi-dex --output C:\Users\Sleazy P Martini\Desktop\AndroidProgrammerTest\app\build\intermediates\transforms\dex\debug\folders\1000\10\internal_impl-24.2.1_6602c993330b81dfecb3d05af0e336a238fa54f5 C:\Users\Sleazy P Martini\Desktop\AndroidProgrammerTest\app\build\intermediates\exploded-aar\com.android.support\support-media-compat\24.2.1\jars\libs\internal_impl-24.2.1.jar
java_class_path (initial): C:\Android\sdk\build-tools\21.1.2\lib\dx.jar
Launcher Type: SUN_STANDARD

Environment Variables:
JAVA_HOME=C:\Program Files\Java\jdk1.8.0_101
PATH=C:\Windows\Microsoft.NET\Framework64\v4.0.30319;C:\Program Files\Microsoft\Web Platform Installer\;C:\Program Files\Microsoft SQL Server\120\Tools\Binn\;C:\Program Files\Microsoft SQL Server\Client SDK\ODBC\110\Tools\Binn\;C:\Program Files (x86)\Microsoft SQL Server\120\Tools\Binn\;C:\Program Files\Microsoft SQL Server\120\DTS\Binn\;C:\Program Files (x86)\Microsoft SQL Server\120\Tools\Binn\ManagementStudio\;C:\Program Files (x86)\Microsoft SQL Server\120\DTS\Binn\;C:\Program Files\MongoDB\Server\3.2\bin;C:\Python27\;C:\Python27\Scripts\;C:\Program Files\emacs\bin\;C:\Program Files\nodejs\;C:\Program Files (x86)\Skype\Phone\;C:\Program Files\Microsoft DNX\Dnvm\;C:\Program Files\Microsoft SQL Server\130\Tools\Binn\;C:\Program Files\Git\cmd;C:\Program Files (x86)\Windows Kits\10\Windows Performance Toolkit\;C:\Users\Sleazy P Martini\.dnx\bin;C:\Users\Sleazy P Martini\AppData\Local\Pandoc\;C:\Users\Sleazy P Martini\AppData\Roaming\npm
USERNAME=Sleazy P Martini
OS=Windows_NT
PROCESSOR_IDENTIFIER=AMD64 Family 18 Model 1 Stepping 0, AuthenticAMD



---------------  S Y S T E M  ---------------

OS: Windows 7 , 64 bit Build 7601 (6.1.7601.23418)

CPU:total 4 (4 cores per cpu, 1 threads per core) family 18 model 1 stepping 0, cmov, cx8, fxsr, mmx, sse, sse2, sse3, popcnt, mmxext, 3dnowpref, lzcnt, sse4a, tsc, tscinvbit, tscinv

Memory: 4k page, physical 7842716k(898560k free), swap 8889432k(5448k free)

vm_info: Java HotSpot(TM) 64-Bit Server VM (25.101-b13) for windows-amd64 JRE (1.8.0_101-b13), built on Jun 22 2016 01:21:29 by "java_re" with MS VC++ 10.0 (VS2010)

time: Fri Sep 16 16:07:42 2016
elapsed time: 4 seconds (0d 0h 0m 4s)

