#
# A fatal error has been detected by the Java Runtime Environment:
#
#  EXCEPTION_STACK_OVERFLOW (0xc00000fd) at pc=0x0000000058bb3987, pid=2412, tid=0x0000000000001fdc
#
# JRE version:  (8.0_101-b13) (build )
# Java VM: Java HotSpot(TM) 64-Bit Server VM (25.101-b13 mixed mode windows-amd64 compressed oops)
# Problematic frame:
# V  [jvm.dll+0x213987]
#
# Failed to write core dump. Minidumps are not enabled by default on client versions of Windows
#
# If you would like to submit a bug report, please visit:
#   http://bugreport.java.com/bugreport/crash.jsp
#

---------------  T H R E A D  ---------------

Current thread (0x0000000055002800):  JavaThread "Reference Handler" daemon [_thread_in_vm, id=8156, stack(0x00000000560d0000,0x00000000561d0000)]

siginfo: ExceptionCode=0xc00000fd, ExceptionInformation=0x0000000000000001 0x00000000561cc3f0 

Registers:
RAX=0x00000000561cc3f0, RBX=0x0000000000000004, RCX=0x0000000000003000, RDX=0x0000000000000006
RSP=0x00000000561cf3f0, RBP=0x0000000000000000, RSI=0x00000000561cf3f0, RDI=0x0000000000000004
R8 =0x0000000000000006, R9 =0x0000000054f53c20, R10=0x000000005473b630, R11=0x00000000560da148
R12=0x0000000054f53c20, R13=0x0000000055002800, R14=0x00000000561cf4b8, R15=0x000000005473b630
RIP=0x0000000058bb3987, EFLAGS=0x0000000000010206

Top of Stack: (sp=0x00000000561cf3f0)
0x00000000561cf3f0:   0000000000000138 0000000055003258
0x00000000561cf400:   0000000055002800 0000000054f53c20
0x00000000561cf410:   00000000ffffffff 0000000058bb48b7
0x00000000561cf420:   00000000561cf520 000000005473b630
0x00000000561cf430:   0000000055002800 0000000058a604e3
0x00000000561cf440:   00000000561cf480 0000000055002800
0x00000000561cf450:   00000000561cf510 0000000055002800
0x00000000561cf460:   000000005473b630 0000000055002800
0x00000000561cf470:   00000000029731e0 0000000055002800
0x00000000561cf480:   000000005473b630 0000000055002800
0x00000000561cf490:   000000005469d4b0 0000000055002800
0x00000000561cf4a0:   0000000000000001 000000005473b630
0x00000000561cf4b0:   0000000055002800 000000000224f930
0x00000000561cf4c0:   0000000055002800 0000000058a619cd
0x00000000561cf4d0:   00000000561cf7d8 00000000146769a0
0x00000000561cf4e0:   0000000014687388 0000000055043800 

Instructions: (pc=0x0000000058bb3987)
0x0000000058bb3967:   48 89 6c 24 30 33 ed 66 90 e8 cb 37 08 00 ff c3
0x0000000058bb3977:   48 63 c8 48 8b c6 48 0f af cf 48 ff c7 48 2b c1
0x0000000058bb3987:   89 28 48 63 c3 48 3b 05 3d 0d 59 00 7e db 48 8b
0x0000000058bb3997:   6c 24 30 48 8b 5c 24 38 48 8b 74 24 40 48 83 c4 


Register to memory mapping:

RAX=0x00000000561cc3f0 is pointing into the stack for thread: 0x0000000055002800
RBX=0x0000000000000004 is an unknown value
RCX=0x0000000000003000 is an unknown value
RDX=0x0000000000000006 is an unknown value
RSP=0x00000000561cf3f0 is pointing into the stack for thread: 0x0000000055002800
RBP=0x0000000000000000 is an unknown value
RSI=0x00000000561cf3f0 is pointing into the stack for thread: 0x0000000055002800
RDI=0x0000000000000004 is an unknown value
R8 =0x0000000000000006 is an unknown value
R9 =0x0000000054f53c20 is an unknown value
R10={method} {0x000000005473b638} 'run' '()V' in 'java/lang/ref/Reference$ReferenceHandler'
R11=0x00000000560da148 is pointing into the stack for thread: 0x0000000055002800
R12=0x0000000054f53c20 is an unknown value
R13=0x0000000055002800 is a thread
R14=0x00000000561cf4b8 is pointing into the stack for thread: 0x0000000055002800
R15={method} {0x000000005473b638} 'run' '()V' in 'java/lang/ref/Reference$ReferenceHandler'


Stack: [0x00000000560d0000,0x00000000561d0000],  sp=0x00000000561cf3f0,  free space=1020k
Native frames: (J=compiled Java code, j=interpreted, Vv=VM code, C=native code)


---------------  P R O C E S S  ---------------

Java Threads: ( => current thread )
=>0x0000000055002800 JavaThread "Reference Handler" daemon [_thread_in_vm, id=8156, stack(0x00000000560d0000,0x00000000561d0000)]
  0x0000000002128000 JavaThread "main" [_thread_in_vm, id=4940, stack(0x0000000002590000,0x0000000002690000)]

Other Threads:
  0x0000000054ffa800 VMThread [stack: 0x0000000055fc0000,0x00000000560c0000] [id=2144]

VM state:not at safepoint (normal execution)

VM Mutex/Monitor currently owned by a thread:  ([mutex/lock_event])
[0x000000000224c850] Threads_lock - owner thread: 0x0000000002128000

Heap:
 PSYoungGen      total 35840K, used 614K [0x00000000eab00000, 0x00000000ed300000, 0x0000000100000000)
  eden space 30720K, 2% used [0x00000000eab00000,0x00000000eab999a8,0x00000000ec900000)
  from space 5120K, 0% used [0x00000000ece00000,0x00000000ece00000,0x00000000ed300000)
  to   space 5120K, 0% used [0x00000000ec900000,0x00000000ec900000,0x00000000ece00000)
 ParOldGen       total 81920K, used 0K [0x00000000c0000000, 0x00000000c5000000, 0x00000000eab00000)
  object space 81920K, 0% used [0x00000000c0000000,0x00000000c0000000,0x00000000c5000000)
 Metaspace       used 1097K, capacity 4480K, committed 4480K, reserved 1056768K
  class space    used 116K, capacity 384K, committed 384K, reserved 1048576K

Card table byte_map: [0x0000000011d20000,0x0000000011f30000] byte_map_base: 0x0000000011720000

Marking Bits: (ParMarkBitMap*) 0x00000000591ba6d0
 Begin Bits: [0x0000000012470000, 0x0000000013470000)
 End Bits:   [0x0000000013470000, 0x0000000014470000)

Polling page: 0x0000000000350000

CodeCache: size=245760Kb used=403Kb max_used=403Kb free=245356Kb
 bounds [0x0000000002960000, 0x0000000002bd0000, 0x0000000011960000]
 total_blobs=102 nmethods=0 adapters=77
 compilation: enabled

Compilation events (0 events):
No events

GC Heap History (0 events):
No events

Deoptimization events (0 events):
No events

Internal exceptions (1 events):
Event: 0.143 Thread 0x0000000002128000 Exception <a 'java/lang/NoSuchMethodError': Method sun.misc.Unsafe.defineClass(Ljava/lang/String;[BII)Ljava/lang/Class; name or signature does not match> (0x00000000eab07cc0) thrown at [C:\re\workspace\8-2-build-windows-amd64-cygwin\jdk8u101\7261\hotspot\s

Events (10 events):
Event: 0.136 loading class java/lang/ref/Reference$1
Event: 0.137 loading class sun/misc/JavaLangRefAccess
Event: 0.137 loading class sun/misc/JavaLangRefAccess done
Event: 0.137 loading class java/lang/ref/Reference$1 done
Event: 0.137 loading class sun/misc/SharedSecrets
Event: 0.137 loading class sun/misc/SharedSecrets done
Event: 0.137 loading class java/lang/NoSuchMethodError
Event: 0.137 loading class java/lang/IncompatibleClassChangeError
Event: 0.137 loading class java/lang/IncompatibleClassChangeError done
Event: 0.137 loading class java/lang/NoSuchMethodError done


Dynamic libraries:
0x000000013fe80000 - 0x000000013feb7000 	C:\Program Files\Java\jdk1.8.0_101\bin\java.exe
0x0000000077b10000 - 0x0000000077cba000 	C:\Windows\SYSTEM32\ntdll.dll
0x000007fee9ab0000 - 0x000007fee9ae3000 	C:\Program Files (x86)\AVG\Av\avghooka.dll
0x0000000077890000 - 0x00000000779af000 	C:\Windows\system32\kernel32.dll
0x000007fefcd60000 - 0x000007fefcdca000 	C:\Windows\system32\KERNELBASE.dll
0x000007fefd830000 - 0x000007fefd90b000 	C:\Windows\system32\ADVAPI32.dll
0x000007fefdc60000 - 0x000007fefdcff000 	C:\Windows\system32\msvcrt.dll
0x000007fefeac0000 - 0x000007fefeadf000 	C:\Windows\SYSTEM32\sechost.dll
0x000007fefd700000 - 0x000007fefd82d000 	C:\Windows\system32\RPCRT4.dll
0x0000000077790000 - 0x000000007788a000 	C:\Windows\system32\USER32.dll
0x000007fefd120000 - 0x000007fefd187000 	C:\Windows\system32\GDI32.dll
0x000007fefd190000 - 0x000007fefd19e000 	C:\Windows\system32\LPK.dll
0x000007fefd630000 - 0x000007fefd6fa000 	C:\Windows\system32\USP10.dll
0x000007fefb710000 - 0x000007fefb904000 	C:\Windows\WinSxS\amd64_microsoft.windows.common-controls_6595b64144ccf1df_6.0.7601.18837_none_fa3b1e3d17594757\COMCTL32.dll
0x000007fefd560000 - 0x000007fefd5d1000 	C:\Windows\system32\SHLWAPI.dll
0x000007fefea90000 - 0x000007fefeabe000 	C:\Windows\system32\IMM32.DLL
0x000007fefdb50000 - 0x000007fefdc59000 	C:\Windows\system32\MSCTF.dll
0x000000005c910000 - 0x000000005c9e2000 	C:\Program Files\Java\jdk1.8.0_101\jre\bin\msvcr100.dll
0x00000000589a0000 - 0x000000005923a000 	C:\Program Files\Java\jdk1.8.0_101\jre\bin\server\jvm.dll
0x000007fee7d20000 - 0x000007fee7d29000 	C:\Windows\system32\WSOCK32.dll
0x000007fefd5e0000 - 0x000007fefd62d000 	C:\Windows\system32\WS2_32.dll
0x000007fefd470000 - 0x000007fefd478000 	C:\Windows\system32\NSI.dll
0x000007fef62d0000 - 0x000007fef630b000 	C:\Windows\system32\WINMM.dll
0x000007fefbda0000 - 0x000007fefbdac000 	C:\Windows\system32\VERSION.dll
0x0000000077ce0000 - 0x0000000077ce7000 	C:\Windows\system32\PSAPI.DLL
0x0000000064450000 - 0x000000006445f000 	C:\Program Files\Java\jdk1.8.0_101\jre\bin\verify.dll
0x0000000063240000 - 0x0000000063269000 	C:\Program Files\Java\jdk1.8.0_101\jre\bin\java.dll
0x0000000063220000 - 0x0000000063236000 	C:\Program Files\Java\jdk1.8.0_101\jre\bin\zip.dll

VM Arguments:
jvm_args: -Djava.awt.headless=true -Xmx1024M -Dfile.encoding=windows-1252 -Duser.country=US -Duser.language=en -Duser.variant 
java_command: com.android.dx.command.Main --dex --force-jumbo --multi-dex --output C:\Users\Sleazy P Martini\Desktop\AndroidProgrammerTest\app\build\intermediates\transforms\dex\debug\folders\1000\10\com.android.support-support-compat-24.2.1_ae6b986da6aaef8b001c2716b07e15f54cfbb32c C:\Users\Sleazy P Martini\Desktop\AndroidProgrammerTest\app\build\intermediates\exploded-aar\com.android.support\support-compat\24.2.1\jars\classes.jar
java_class_path (initial): C:\Android\sdk\build-tools\21.1.2\lib\dx.jar
Launcher Type: SUN_STANDARD

Environment Variables:
JAVA_HOME=C:\Program Files\Java\jdk1.8.0_101
PATH=C:\Windows\Microsoft.NET\Framework64\v4.0.30319;C:\Program Files\Microsoft\Web Platform Installer\;C:\Program Files\Microsoft SQL Server\120\Tools\Binn\;C:\Program Files\Microsoft SQL Server\Client SDK\ODBC\110\Tools\Binn\;C:\Program Files (x86)\Microsoft SQL Server\120\Tools\Binn\;C:\Program Files\Microsoft SQL Server\120\DTS\Binn\;C:\Program Files (x86)\Microsoft SQL Server\120\Tools\Binn\ManagementStudio\;C:\Program Files (x86)\Microsoft SQL Server\120\DTS\Binn\;C:\Program Files\MongoDB\Server\3.2\bin;C:\Python27\;C:\Python27\Scripts\;C:\Program Files\emacs\bin\;C:\Program Files\nodejs\;C:\Program Files (x86)\Skype\Phone\;C:\Program Files\Microsoft DNX\Dnvm\;C:\Program Files\Microsoft SQL Server\130\Tools\Binn\;C:\Program Files\Git\cmd;C:\Program Files (x86)\Windows Kits\10\Windows Performance Toolkit\;C:\Users\Sleazy P Martini\.dnx\bin;C:\Users\Sleazy P Martini\AppData\Local\Pandoc\;C:\Users\Sleazy P Martini\AppData\Roaming\npm
USERNAME=Sleazy P Martini
OS=Windows_NT
PROCESSOR_IDENTIFIER=AMD64 Family 18 Model 1 Stepping 0, AuthenticAMD



---------------  S Y S T E M  ---------------

OS:Failed to allocate version_info

CPU:total 4 (4 cores per cpu, 1 threads per core) family 18 model 1 stepping 0, cmov, cx8, fxsr, mmx, sse, sse2, sse3, popcnt, mmxext, 3dnowpref, lzcnt, sse4a, tsc, tscinvbit, tscinv

Memory: 4k page, physical 7842716k(971156k free), swap 8889432k(4972k free)

vm_info: Java HotSpot(TM) 64-Bit Server VM (25.101-b13) for windows-amd64 JRE (1.8.0_101-b13), built on Jun 22 2016 01:21:29 by "java_re" with MS VC++ 10.0 (VS2010)

time: Fri Sep 16 18:45:42 2016
elapsed time: 0 seconds (0d 0h 0m 0s)

