#
# There is insufficient memory for the Java Runtime Environment to continue.
# Native memory allocation (malloc) failed to allocate 672016 bytes for Chunk::new
# Possible reasons:
#   The system is out of physical RAM or swap space
#   In 32 bit mode, the process size limit was hit
# Possible solutions:
#   Reduce memory load on the system
#   Increase physical memory or swap space
#   Check if swap backing store is full
#   Use 64 bit Java on a 64 bit OS
#   Decrease Java heap size (-Xmx/-Xms)
#   Decrease number of Java threads
#   Decrease Java thread stack sizes (-Xss)
#   Set larger code cache with -XX:ReservedCodeCacheSize=
# This output file may be truncated or incomplete.
#
#  Out of Memory Error (allocation.cpp:390), pid=8688, tid=0x0000000000002254
#
# JRE version: Java(TM) SE Runtime Environment (8.0_101-b13) (build 1.8.0_101-b13)
# Java VM: Java HotSpot(TM) 64-Bit Server VM (25.101-b13 mixed mode windows-amd64 compressed oops)
# Failed to write core dump. Minidumps are not enabled by default on client versions of Windows
#

---------------  T H R E A D  ---------------

Current thread (0x00000000550ab000):  JavaThread "C2 CompilerThread1" daemon [_thread_in_native, id=8788, stack(0x0000000056810000,0x0000000056910000)]

Stack: [0x0000000056810000,0x0000000056910000]
[error occurred during error reporting (printing stack bounds), id 0xc0000005]

Native frames: (J=compiled Java code, j=interpreted, Vv=VM code, C=native code)


Current CompileTask:
C2:   2297 1167   !   4       com.android.dx.cf.code.BytecodeArray::parseInstruction (2764 bytes)


---------------  P R O C E S S  ---------------

Java Threads: ( => current thread )
  0x00000000550af000 JavaThread "Service Thread" daemon [_thread_blocked, id=7904, stack(0x0000000056480000,0x0000000056580000)]
  0x00000000550ac800 JavaThread "C1 CompilerThread2" daemon [_thread_blocked, id=8776, stack(0x0000000056cb0000,0x0000000056db0000)]
=>0x00000000550ab000 JavaThread "C2 CompilerThread1" daemon [_thread_in_native, id=8788, stack(0x0000000056810000,0x0000000056910000)]
  0x00000000550a7000 JavaThread "C2 CompilerThread0" daemon [_thread_in_native, id=8004, stack(0x0000000056a90000,0x0000000056b90000)]
  0x00000000550a4800 JavaThread "Attach Listener" daemon [_thread_blocked, id=9076, stack(0x0000000056910000,0x0000000056a10000)]
  0x00000000550a1000 JavaThread "Signal Dispatcher" daemon [_thread_blocked, id=9104, stack(0x00000000566b0000,0x00000000567b0000)]
  0x0000000055089000 JavaThread "Finalizer" daemon [_thread_blocked, id=1040, stack(0x0000000056590000,0x0000000056690000)]
  0x0000000055042000 JavaThread "Reference Handler" daemon [_thread_blocked, id=816, stack(0x0000000056370000,0x0000000056470000)]
  0x00000000021c8000 JavaThread "main" [_thread_in_Java, id=9008, stack(0x0000000002380000,0x0000000002480000)]

Other Threads:
  0x000000005503a800 VMThread [stack: 0x00000000561f0000,0x00000000562f0000] [id=6872]
  0x0000000056e42800 WatcherThread [stack: 0x00000000572b0000,0x00000000573b0000] [id=8952]

VM state:not at safepoint (normal execution)

VM Mutex/Monitor currently owned by a thread: None

Heap:
 PSYoungGen      total 35840K, used 29753K [0x00000000eab00000, 0x00000000ed300000, 0x0000000100000000)
  eden space 30720K, 96% used [0x00000000eab00000,0x00000000ec80e670,0x00000000ec900000)
  from space 5120K, 0% used [0x00000000ece00000,0x00000000ece00000,0x00000000ed300000)
  to   space 5120K, 0% used [0x00000000ec900000,0x00000000ec900000,0x00000000ece00000)
 ParOldGen       total 81920K, used 0K [0x00000000c0000000, 0x00000000c5000000, 0x00000000eab00000)
  object space 81920K, 0% used [0x00000000c0000000,0x00000000c0000000,0x00000000c5000000)
 Metaspace       used 5705K, capacity 6896K, committed 7040K, reserved 1056768K
  class space    used 562K, capacity 616K, committed 640K, reserved 1048576K

Card table byte_map: [0x0000000011bd0000,0x0000000011de0000] byte_map_base: 0x00000000115d0000

Marking Bits: (ParMarkBitMap*) 0x000000005d72a6d0
 Begin Bits: [0x00000000124b0000, 0x00000000134b0000)
 End Bits:   [0x00000000134b0000, 0x00000000144b0000)

Polling page: 0x0000000000250000

CodeCache: size=245760Kb used=5225Kb max_used=5225Kb free=240534Kb
 bounds [0x0000000002810000, 0x0000000002d40000, 0x0000000011810000]
 total_blobs=1534 nmethods=1270 adapters=178
 compilation: enabled

Compilation events (10 events):
Event: 2.275 Thread 0x00000000550ac800 nmethod 1266 0x0000000002d19e50 code [0x0000000002d1a000, 0x0000000002d1a5c8]
Event: 2.277 Thread 0x00000000550a7000 1267       4       com.android.dx.rop.code.Insn::hashCode (5 bytes)
Event: 2.278 Thread 0x00000000550a7000 nmethod 1267 0x0000000002d1bc90 code [0x0000000002d1bde0, 0x0000000002d1be68]
Event: 2.281 Thread 0x00000000550a7000 1268       4       com.android.dx.ssa.MoveParamCombiner$1::visitNonMoveInsn (213 bytes)
Event: 2.281 Thread 0x00000000550ac800 1269       3       com.android.dx.cf.code.BasicBlocker::visitBranch (98 bytes)
Event: 2.284 Thread 0x00000000550ac800 nmethod 1269 0x0000000002d29dd0 code [0x0000000002d2a0c0, 0x0000000002d2b658]
Event: 2.284 Thread 0x00000000550ac800 1270       3       com.android.dx.cf.code.Simulator$SimVisitor::visitBranch (341 bytes)
Event: 2.286 Thread 0x00000000550ac800 nmethod 1270 0x0000000002d2cb10 code [0x0000000002d2cda0, 0x0000000002d2de48]
Event: 2.288 Thread 0x00000000550ac800 1271   !   3       com.android.dx.cf.code.Ropper::doit (126 bytes)
Event: 2.290 Thread 0x00000000550ac800 nmethod 1271 0x0000000002d2e750 code [0x0000000002d2ea40, 0x0000000002d2fe38]

GC Heap History (0 events):
No events

Deoptimization events (7 events):
Event: 0.911 Thread 0x00000000021c8000 Uncommon trap: reason=unstable_if action=reinterpret pc=0x00000000029f453c method=java.util.HashMap.getNode(ILjava/lang/Object;)Ljava/util/HashMap$Node; @ 129
Event: 1.436 Thread 0x00000000021c8000 Uncommon trap: reason=class_check action=maybe_recompile pc=0x0000000002b0aea8 method=com.android.dx.ssa.NormalSsaInsn.accept(Lcom/android/dx/ssa/SsaInsn$Visitor;)V @ 9
Event: 1.436 Thread 0x00000000021c8000 Uncommon trap: reason=class_check action=maybe_recompile pc=0x0000000002a3dea0 method=com.android.dx.ssa.NormalSsaInsn.accept(Lcom/android/dx/ssa/SsaInsn$Visitor;)V @ 9
Event: 1.436 Thread 0x00000000021c8000 Uncommon trap: reason=class_check action=maybe_recompile pc=0x0000000002a3dea0 method=com.android.dx.ssa.NormalSsaInsn.accept(Lcom/android/dx/ssa/SsaInsn$Visitor;)V @ 9
Event: 1.436 Thread 0x00000000021c8000 Uncommon trap: reason=class_check action=maybe_recompile pc=0x0000000002a3dea0 method=com.android.dx.ssa.NormalSsaInsn.accept(Lcom/android/dx/ssa/SsaInsn$Visitor;)V @ 9
Event: 1.641 Thread 0x00000000021c8000 Uncommon trap: reason=null_check action=make_not_entrant pc=0x0000000002b0b550 method=com.android.dx.ssa.SsaRenamer.getLocalForNewReg(I)Lcom/android/dx/rop/code/LocalItem; @ 19
Event: 1.819 Thread 0x00000000021c8000 Uncommon trap: reason=unstable_if action=reinterpret pc=0x0000000002ba94f8 method=java.lang.String.<init>([CII)V @ 18

Internal exceptions (3 events):
Event: 0.063 Thread 0x00000000021c8000 Exception <a 'java/lang/NoSuchMethodError': Method sun.misc.Unsafe.defineClass(Ljava/lang/String;[BII)Ljava/lang/Class; name or signature does not match> (0x00000000eab07cc0) thrown at [C:\re\workspace\8-2-build-windows-amd64-cygwin\jdk8u101\7261\hotspot\sš©Ä6°?
Event: 0.063 Thread 0x00000000021c8000 Exception <a 'java/lang/NoSuchMethodError': Method sun.misc.Unsafe.prefetchRead(Ljava/lang/Object;J)V name or signature does not match> (0x00000000eab07fa8) thrown at [C:\re\workspace\8-2-build-windows-amd64-cygwin\jdk8u101\7261\hotspot\src\share\vm\prims\"ÄŠÕò?ú?
Event: 1.641 Thread 0x00000000021c8000 Implicit null exception at 0x0000000002b09fdc to 0x0000000002b0b52d

Events (10 events):
Event: 1.436 Thread 0x00000000021c8000 DEOPT PACKING pc=0x0000000002a3dea0 sp=0x000000000247eb40
Event: 1.436 Thread 0x00000000021c8000 DEOPT UNPACKING pc=0x000000000285582a sp=0x000000000247eae0 mode 2
Event: 1.641 Thread 0x00000000021c8000 Uncommon trap: trap_request=0xfffffff4 fr.pc=0x0000000002b0b550
Event: 1.641 Thread 0x00000000021c8000 DEOPT PACKING pc=0x0000000002b0b550 sp=0x000000000247eb50
Event: 1.641 Thread 0x00000000021c8000 DEOPT UNPACKING pc=0x000000000285582a sp=0x000000000247e988 mode 2
Event: 1.819 Thread 0x00000000021c8000 Uncommon trap: trap_request=0xffffff65 fr.pc=0x0000000002ba94f8
Event: 1.819 Thread 0x00000000021c8000 DEOPT PACKING pc=0x0000000002ba94f8 sp=0x000000000247e9c0
Event: 1.819 Thread 0x00000000021c8000 DEOPT UNPACKING pc=0x000000000285582a sp=0x000000000247e8f0 mode 2
Event: 2.017 Executing VM operation: ForceSafepoint
Event: 2.017 Executing VM operation: ForceSafepoint done


Dynamic libraries:
0x000000013f850000 - 0x000000013f887000 	C:\Program Files\Java\jdk1.8.0_101\bin\java.exe
0x0000000077b10000 - 0x0000000077cba000 	C:\Windows\SYSTEM32\ntdll.dll
0x000007fee9ab0000 - 0x000007fee9ae3000 	C:\Program Files (x86)\AVG\Av\avghooka.dll
0x0000000077890000 - 0x00000000779af000 	C:\Windows\system32\kernel32.dll
0x000007fefcd60000 - 0x000007fefcdca000 	C:\Windows\system32\KERNELBASE.dll
0x000007fefd830000 - 0x000007fefd90b000 	C:\Windows\system32\ADVAPI32.dll
0x000007fefdc60000 - 0x000007fefdcff000 	C:\Windows\system32\msvcrt.dll
0x000007fefeac0000 - 0x000007fefeadf000 	C:\Windows\SYSTEM32\sechost.dll
0x000007fefd700000 - 0x000007fefd82d000 	C:\Windows\system32\RPCRT4.dll
0x0000000077790000 - 0x000000007788a000 	C:\Windows\system32\USER32.dll
0x000007fefd120000 - 0x000007fefd187000 	C:\Windows\system32\GDI32.dll
0x000007fefd190000 - 0x000007fefd19e000 	C:\Windows\system32\LPK.dll
0x000007fefd630000 - 0x000007fefd6fa000 	C:\Windows\system32\USP10.dll
0x000007fefb710000 - 0x000007fefb904000 	C:\Windows\WinSxS\amd64_microsoft.windows.common-controls_6595b64144ccf1df_6.0.7601.18837_none_fa3b1e3d17594757\COMCTL32.dll
0x000007fefd560000 - 0x000007fefd5d1000 	C:\Windows\system32\SHLWAPI.dll
0x000007fefea90000 - 0x000007fefeabe000 	C:\Windows\system32\IMM32.DLL
0x000007fefdb50000 - 0x000007fefdc59000 	C:\Windows\system32\MSCTF.dll
0x0000000058aa0000 - 0x0000000058b72000 	C:\Program Files\Java\jdk1.8.0_101\jre\bin\msvcr100.dll
0x000000005cf10000 - 0x000000005d7aa000 	C:\Program Files\Java\jdk1.8.0_101\jre\bin\server\jvm.dll
0x000007fee7d20000 - 0x000007fee7d29000 	C:\Windows\system32\WSOCK32.dll
0x000007fefd5e0000 - 0x000007fefd62d000 	C:\Windows\system32\WS2_32.dll
0x000007fefd470000 - 0x000007fefd478000 	C:\Windows\system32\NSI.dll
0x000007fef62d0000 - 0x000007fef630b000 	C:\Windows\system32\WINMM.dll
0x000007fefbda0000 - 0x000007fefbdac000 	C:\Windows\system32\VERSION.dll
0x0000000077ce0000 - 0x0000000077ce7000 	C:\Windows\system32\PSAPI.DLL
0x00000000647d0000 - 0x00000000647df000 	C:\Program Files\Java\jdk1.8.0_101\jre\bin\verify.dll
0x000000005cee0000 - 0x000000005cf09000 	C:\Program Files\Java\jdk1.8.0_101\jre\bin\java.dll
0x000000005da10000 - 0x000000005da26000 	C:\Program Files\Java\jdk1.8.0_101\jre\bin\zip.dll
0x000007fefdd00000 - 0x000007fefea89000 	C:\Windows\system32\SHELL32.dll
0x000007fefd260000 - 0x000007fefd463000 	C:\Windows\system32\ole32.dll
0x000007fefcc30000 - 0x000007fefcc3f000 	C:\Windows\system32\profapi.dll

VM Arguments:
jvm_args: -Djava.awt.headless=true -Xmx1024M -Dfile.encoding=windows-1252 -Duser.country=US -Duser.language=en -Duser.variant 
java_command: com.android.dx.command.Main --dex --force-jumbo --multi-dex --output C:\Users\Sleazy P Martini\Desktop\AndroidProgrammerTest\app\build\intermediates\transforms\dex\debug\folders\1000\10\gson-2.6.2_545325868db2ba7abd5ecfe87f9a3ebe9eb49820 C:\Users\Sleazy P Martini\.gradle\caches\modules-2\files-2.1\com.google.code.gson\gson\2.6.2\f1bc476cc167b18e66c297df599b2377131a8947\gson-2.6.2.jar
java_class_path (initial): C:\Android\sdk\build-tools\21.1.2\lib\dx.jar
Launcher Type: SUN_STANDARD

Environment Variables:
JAVA_HOME=C:\Program Files\Java\jdk1.8.0_101
PATH=C:\Windows\Microsoft.NET\Framework64\v4.0.30319;C:\Program Files\Microsoft\Web Platform Installer\;C:\Program Files\Microsoft SQL Server\120\Tools\Binn\;C:\Program Files\Microsoft SQL Server\Client SDK\ODBC\110\Tools\Binn\;C:\Program Files (x86)\Microsoft SQL Server\120\Tools\Binn\;C:\Program Files\Microsoft SQL Server\120\DTS\Binn\;C:\Program Files (x86)\Microsoft SQL Server\120\Tools\Binn\ManagementStudio\;C:\Program Files (x86)\Microsoft SQL Server\120\DTS\Binn\;C:\Program Files\MongoDB\Server\3.2\bin;C:\Python27\;C:\Python27\Scripts\;C:\Program Files\emacs\bin\;C:\Program Files\nodejs\;C:\Program Files (x86)\Skype\Phone\;C:\Program Files\Microsoft DNX\Dnvm\;C:\Program Files\Microsoft SQL Server\130\Tools\Binn\;C:\Program Files\Git\cmd;C:\Program Files (x86)\Windows Kits\10\Windows Performance Toolkit\;C:\Users\Sleazy P Martini\.dnx\bin;C:\Users\Sleazy P Martini\AppData\Local\Pandoc\;C:\Users\Sleazy P Martini\AppData\Roaming\npm
USERNAME=Sleazy P Martini
OS=Windows_NT
PROCESSOR_IDENTIFIER=AMD64 Family 18 Model 1 Stepping 0, AuthenticAMD



---------------  S Y S T E M  ---------------

OS: Windows 7 , 64 bit Build 7601 (6.1.7601.23418)

CPU:total 4 (4 cores per cpu, 1 threads per core) family 18 model 1 stepping 0, cmov, cx8, fxsr, mmx, sse, sse2, sse3, popcnt, mmxext, 3dnowpref, lzcnt, sse4a, tsc, tscinvbit, tscinv

Memory: 4k page, physical 7842716k(1040584k free), swap 8889432k(5480k free)

vm_info: Java HotSpot(TM) 64-Bit Server VM (25.101-b13) for windows-amd64 JRE (1.8.0_101-b13), built on Jun 22 2016 01:21:29 by "java_re" with MS VC++ 10.0 (VS2010)

time: Fri Sep 16 16:09:33 2016
elapsed time: 2 seconds (0d 0h 0m 2s)

