#
# There is insufficient memory for the Java Runtime Environment to continue.
# Native memory allocation (malloc) failed to allocate 352336 bytes for Chunk::new
# Possible reasons:
#   The system is out of physical RAM or swap space
#   In 32 bit mode, the process size limit was hit
# Possible solutions:
#   Reduce memory load on the system
#   Increase physical memory or swap space
#   Check if swap backing store is full
#   Use 64 bit Java on a 64 bit OS
#   Decrease Java heap size (-Xmx/-Xms)
#   Decrease number of Java threads
#   Decrease Java thread stack sizes (-Xss)
#   Set larger code cache with -XX:ReservedCodeCacheSize=
# This output file may be truncated or incomplete.
#
#  Out of Memory Error (allocation.cpp:390), pid=7344, tid=0x0000000000001788
#
# JRE version: Java(TM) SE Runtime Environment (8.0_101-b13) (build 1.8.0_101-b13)
# Java VM: Java HotSpot(TM) 64-Bit Server VM (25.101-b13 mixed mode windows-amd64 compressed oops)
# Failed to write core dump. Minidumps are not enabled by default on client versions of Windows
#

---------------  T H R E A D  ---------------

Current thread (0x0000000054f87000):  JavaThread "C2 CompilerThread0" daemon [_thread_in_native, id=6024, stack(0x0000000056940000,0x0000000056a40000)]

Stack: [0x0000000056940000,0x0000000056a40000]
[error occurred during error reporting (printing stack bounds), id 0xc0000005]

Native frames: (J=compiled Java code, j=interpreted, Vv=VM code, C=native code)


Current CompileTask:
C2:   4155 1283   !   4       com.android.dx.cf.code.BytecodeArray::parseInstruction (2764 bytes)


---------------  P R O C E S S  ---------------

Java Threads: ( => current thread )
  0x0000000054f8e800 JavaThread "Service Thread" daemon [_thread_blocked, id=5172, stack(0x0000000057180000,0x0000000057280000)]
  0x0000000054f8c000 JavaThread "C1 CompilerThread2" daemon [_thread_blocked, id=7516, stack(0x0000000056c60000,0x0000000056d60000)]
  0x0000000054f8b000 JavaThread "C2 CompilerThread1" daemon [_thread_in_native, id=7292, stack(0x0000000056b10000,0x0000000056c10000)]
=>0x0000000054f87000 JavaThread "C2 CompilerThread0" daemon [_thread_in_native, id=6024, stack(0x0000000056940000,0x0000000056a40000)]
  0x0000000054f82800 JavaThread "Attach Listener" daemon [_thread_blocked, id=3216, stack(0x00000000567f0000,0x00000000568f0000)]
  0x0000000054f81800 JavaThread "Signal Dispatcher" daemon [_thread_blocked, id=9092, stack(0x0000000056610000,0x0000000056710000)]
  0x0000000054f69800 JavaThread "Finalizer" daemon [_thread_blocked, id=5660, stack(0x0000000056290000,0x0000000056390000)]
  0x0000000054f22800 JavaThread "Reference Handler" daemon [_thread_blocked, id=3952, stack(0x00000000560e0000,0x00000000561e0000)]
  0x0000000002128000 JavaThread "main" [_thread_in_Java, id=6288, stack(0x0000000002320000,0x0000000002420000)]

Other Threads:
  0x0000000054f1a800 VMThread [stack: 0x0000000055fe0000,0x00000000560e0000] [id=8028]
  0x0000000056e1c800 WatcherThread [stack: 0x0000000057280000,0x0000000057380000] [id=7116]

VM state:not at safepoint (normal execution)

VM Mutex/Monitor currently owned by a thread: None

Heap:
 PSYoungGen      total 66560K, used 17667K [0x00000000eab00000, 0x00000000ef100000, 0x0000000100000000)
  eden space 61440K, 20% used [0x00000000eab00000,0x00000000eb744680,0x00000000ee700000)
  from space 5120K, 99% used [0x00000000eec00000,0x00000000ef0fc610,0x00000000ef100000)
  to   space 5120K, 0% used [0x00000000ee700000,0x00000000ee700000,0x00000000eec00000)
 ParOldGen       total 81920K, used 5365K [0x00000000c0000000, 0x00000000c5000000, 0x00000000eab00000)
  object space 81920K, 6% used [0x00000000c0000000,0x00000000c053d738,0x00000000c5000000)
 Metaspace       used 5797K, capacity 7088K, committed 7296K, reserved 1056768K
  class space    used 559K, capacity 616K, committed 640K, reserved 1048576K

Card table byte_map: [0x0000000011ab0000,0x0000000011cc0000] byte_map_base: 0x00000000114b0000

Marking Bits: (ParMarkBitMap*) 0x000000005d72a6d0
 Begin Bits: [0x0000000012390000, 0x0000000013390000)
 End Bits:   [0x0000000013390000, 0x0000000014390000)

Polling page: 0x0000000002090000

CodeCache: size=245760Kb used=6256Kb max_used=6260Kb free=239503Kb
 bounds [0x00000000026f0000, 0x0000000002d20000, 0x00000000116f0000]
 total_blobs=1750 nmethods=1491 adapters=173
 compilation: enabled

Compilation events (10 events):
Event: 4.035 Thread 0x0000000054f8b000 nmethod 1431 0x0000000002d0d550 code [0x0000000002d0d6a0, 0x0000000002d0d858]
Event: 4.035 Thread 0x0000000054f8b000 1497       4       com.android.dx.ssa.SsaRenamer$BlockRenamer::process (191 bytes)
Event: 4.037 Thread 0x0000000054f8c000 1499       3       com.android.dx.cf.code.LocalVariableList::get (9 bytes)
Event: 4.037 Thread 0x0000000054f8c000 nmethod 1499 0x0000000002d0cfd0 code [0x0000000002d0d140, 0x0000000002d0d428]
Event: 4.045 Thread 0x0000000054f8c000 1504       2       java.util.Collections$UnmodifiableList::get (11 bytes)
Event: 4.046 Thread 0x0000000054f8c000 nmethod 1504 0x0000000002cfdfd0 code [0x0000000002cfe140, 0x0000000002cfe2c8]
Event: 4.047 Thread 0x0000000054f8c000 1505       2       com.android.dx.cf.direct.DirectClassFile::getAccessFlags (9 bytes)
Event: 4.047 Thread 0x0000000054f8c000 nmethod 1505 0x0000000002cfdc10 code [0x0000000002cfdd80, 0x0000000002cfdf08]
Event: 4.050 Thread 0x0000000054f8c000 1506       2       com.android.dx.ssa.back.SsaToRop$PhiVisitor::visitPhiInsn (67 bytes)
Event: 4.051 Thread 0x0000000054f8c000 nmethod 1506 0x0000000002d129d0 code [0x0000000002d12bc0, 0x0000000002d13148]

GC Heap History (4 events):
Event: 2.817 GC heap before
{Heap before GC invocations=1 (full 0):
 PSYoungGen      total 35840K, used 30720K [0x00000000eab00000, 0x00000000ed300000, 0x0000000100000000)
  eden space 30720K, 100% used [0x00000000eab00000,0x00000000ec900000,0x00000000ec900000)
  from space 5120K, 0% used [0x00000000ece00000,0x00000000ece00000,0x00000000ed300000)
  to   space 5120K, 0% used [0x00000000ec900000,0x00000000ec900000,0x00000000ece00000)
 ParOldGen       total 81920K, used 0K [0x00000000c0000000, 0x00000000c5000000, 0x00000000eab00000)
  object space 81920K, 0% used [0x00000000c0000000,0x00000000c0000000,0x00000000c5000000)
 Metaspace       used 5644K, capacity 6960K, committed 7040K, reserved 1056768K
  class space    used 557K, capacity 616K, committed 640K, reserved 1048576K
Event: 2.998 GC heap after
Heap after GC invocations=1 (full 0):
 PSYoungGen      total 35840K, used 5089K [0x00000000eab00000, 0x00000000ef100000, 0x0000000100000000)
  eden space 30720K, 0% used [0x00000000eab00000,0x00000000eab00000,0x00000000ec900000)
  from space 5120K, 99% used [0x00000000ec900000,0x00000000ecdf85f0,0x00000000ece00000)
  to   space 5120K, 0% used [0x00000000eec00000,0x00000000eec00000,0x00000000ef100000)
 ParOldGen       total 81920K, used 1196K [0x00000000c0000000, 0x00000000c5000000, 0x00000000eab00000)
  object space 81920K, 1% used [0x00000000c0000000,0x00000000c012b2f0,0x00000000c5000000)
 Metaspace       used 5644K, capacity 6960K, committed 7040K, reserved 1056768K
  class space    used 557K, capacity 616K, committed 640K, reserved 1048576K
}
Event: 3.710 GC heap before
{Heap before GC invocations=2 (full 0):
 PSYoungGen      total 35840K, used 35809K [0x00000000eab00000, 0x00000000ef100000, 0x0000000100000000)
  eden space 30720K, 100% used [0x00000000eab00000,0x00000000ec900000,0x00000000ec900000)
  from space 5120K, 99% used [0x00000000ec900000,0x00000000ecdf85f0,0x00000000ece00000)
  to   space 5120K, 0% used [0x00000000eec00000,0x00000000eec00000,0x00000000ef100000)
 ParOldGen       total 81920K, used 1196K [0x00000000c0000000, 0x00000000c5000000, 0x00000000eab00000)
  object space 81920K, 1% used [0x00000000c0000000,0x00000000c012b2f0,0x00000000c5000000)
 Metaspace       used 5794K, capacity 7088K, committed 7296K, reserved 1056768K
  class space    used 559K, capacity 616K, committed 640K, reserved 1048576K
Event: 3.785 GC heap after
Heap after GC invocations=2 (full 0):
 PSYoungGen      total 66560K, used 5105K [0x00000000eab00000, 0x00000000ef100000, 0x0000000100000000)
  eden space 61440K, 0% used [0x00000000eab00000,0x00000000eab00000,0x00000000ee700000)
  from space 5120K, 99% used [0x00000000eec00000,0x00000000ef0fc610,0x00000000ef100000)
  to   space 5120K, 0% used [0x00000000ee700000,0x00000000ee700000,0x00000000eec00000)
 ParOldGen       total 81920K, used 5365K [0x00000000c0000000, 0x00000000c5000000, 0x00000000eab00000)
  object space 81920K, 6% used [0x00000000c0000000,0x00000000c053d738,0x00000000c5000000)
 Metaspace       used 5794K, capacity 7088K, committed 7296K, reserved 1056768K
  class space    used 559K, capacity 616K, committed 640K, reserved 1048576K
}

Deoptimization events (10 events):
Event: 1.978 Thread 0x0000000002128000 Uncommon trap: reason=class_check action=maybe_recompile pc=0x0000000002a26900 method=com.android.dx.ssa.NormalSsaInsn.accept(Lcom/android/dx/ssa/SsaInsn$Visitor;)V @ 9
Event: 1.979 Thread 0x0000000002128000 Uncommon trap: reason=class_check action=maybe_recompile pc=0x00000000029d4460 method=com.android.dx.ssa.NormalSsaInsn.accept(Lcom/android/dx/ssa/SsaInsn$Visitor;)V @ 9
Event: 2.365 Thread 0x0000000002128000 Uncommon trap: reason=unstable_if action=reinterpret pc=0x0000000002a71594 method=com.android.dx.rop.code.RegisterSpecSet.put(Lcom/android/dx/rop/code/RegisterSpec;)V @ 77
Event: 2.365 Thread 0x0000000002128000 Uncommon trap: reason=unstable_if action=reinterpret pc=0x0000000002a8790c method=com.android.dx.rop.code.RegisterSpecSet.put(Lcom/android/dx/rop/code/RegisterSpec;)V @ 77
Event: 2.610 Thread 0x0000000002128000 Uncommon trap: reason=null_check action=make_not_entrant pc=0x0000000002acb938 method=com.android.dx.ssa.SsaRenamer.getLocalForNewReg(I)Lcom/android/dx/rop/code/LocalItem; @ 19
Event: 2.671 Thread 0x0000000002128000 Uncommon trap: reason=unstable_if action=reinterpret pc=0x0000000002b1da4c method=com.android.dx.ssa.SsaMethod.updateOneDefinition(Lcom/android/dx/ssa/SsaInsn;Lcom/android/dx/rop/code/RegisterSpec;)V @ 4
Event: 3.070 Thread 0x0000000002128000 Uncommon trap: reason=unstable_if action=reinterpret pc=0x0000000002b00184 method=com.android.dx.rop.cst.Constant.compareTo(Lcom/android/dx/rop/cst/Constant;)I @ 12
Event: 3.176 Thread 0x0000000002128000 Uncommon trap: reason=null_check action=make_not_entrant pc=0x0000000002af4ff0 method=com.android.dx.ssa.SsaRenamer.getLocalForNewReg(I)Lcom/android/dx/rop/code/LocalItem; @ 19
Event: 3.322 Thread 0x0000000002128000 Uncommon trap: reason=unstable_if action=reinterpret pc=0x0000000002a9b520 method=com.android.dx.ssa.SsaRenamer$BlockRenamer.addMapping(ILcom/android/dx/rop/code/RegisterSpec;)V @ 120
Event: 3.532 Thread 0x0000000002128000 Uncommon trap: reason=unstable_if action=reinterpret pc=0x0000000002cb6588 method=com.android.dx.rop.code.LocalItem.compareHandlesNulls(Lcom/android/dx/rop/cst/CstString;Lcom/android/dx/rop/cst/CstString;)I @ 14

Internal exceptions (5 events):
Event: 0.098 Thread 0x0000000002128000 Exception <a 'java/lang/NoSuchMethodError': Method sun.misc.Unsafe.defineClass(Ljava/lang/String;[BII)Ljava/lang/Class; name or signature does not match> (0x00000000eab07cc0) thrown at [C:\re\workspace\8-2-build-windows-amd64-cygwin\jdk8u101\7261\hotspot\s`¸´$7¹?
Event: 0.098 Thread 0x0000000002128000 Exception <a 'java/lang/NoSuchMethodError': Method sun.misc.Unsafe.prefetchRead(Ljava/lang/Object;J)V name or signature does not match> (0x00000000eab07fa8) thrown at [C:\re\workspace\8-2-build-windows-amd64-cygwin\jdk8u101\7261\hotspot\src\share\vm\prims\ˆñ±0öà@
Event: 2.610 Thread 0x0000000002128000 Implicit null exception at 0x0000000002acac65 to 0x0000000002acb915
Event: 3.176 Thread 0x0000000002128000 Implicit null exception at 0x0000000002af3053 to 0x0000000002af4fcd
Event: 3.532 Thread 0x0000000002128000 Implicit null exception at 0x0000000002cb557e to 0x0000000002cb6559

Events (10 events):
Event: 3.590 loading class com/android/dx/cf/attrib/AttDeprecated
Event: 3.590 loading class com/android/dx/cf/attrib/AttDeprecated done
Event: 3.601 Thread 0x0000000002128000 DEOPT PACKING pc=0x0000000002a952d3 sp=0x000000000241e470
Event: 3.601 Thread 0x0000000002128000 DEOPT UNPACKING pc=0x000000000273747f sp=0x000000000241e238 mode 0
Event: 3.708 Thread 0x0000000002128000 DEOPT PACKING pc=0x0000000002a952ea sp=0x000000000241e450
Event: 3.708 Thread 0x0000000002128000 DEOPT UNPACKING pc=0x000000000273747f sp=0x000000000241e218 mode 0
Event: 3.709 Executing VM operation: ParallelGCFailedAllocation
Event: 3.785 Executing VM operation: ParallelGCFailedAllocation done
Event: 3.908 Thread 0x0000000002128000 DEOPT PACKING pc=0x0000000002a952d3 sp=0x000000000241e450
Event: 3.908 Thread 0x0000000002128000 DEOPT UNPACKING pc=0x000000000273747f sp=0x000000000241e218 mode 0


Dynamic libraries:
0x000000013f850000 - 0x000000013f887000 	C:\Program Files\Java\jdk1.8.0_101\bin\java.exe
0x0000000077b10000 - 0x0000000077cba000 	C:\Windows\SYSTEM32\ntdll.dll
0x000007fee9ab0000 - 0x000007fee9ae3000 	C:\Program Files (x86)\AVG\Av\avghooka.dll
0x0000000077890000 - 0x00000000779af000 	C:\Windows\system32\kernel32.dll
0x000007fefcd60000 - 0x000007fefcdca000 	C:\Windows\system32\KERNELBASE.dll
0x000007fefd830000 - 0x000007fefd90b000 	C:\Windows\system32\ADVAPI32.dll
0x000007fefdc60000 - 0x000007fefdcff000 	C:\Windows\system32\msvcrt.dll
0x000007fefeac0000 - 0x000007fefeadf000 	C:\Windows\SYSTEM32\sechost.dll
0x000007fefd700000 - 0x000007fefd82d000 	C:\Windows\system32\RPCRT4.dll
0x0000000077790000 - 0x000000007788a000 	C:\Windows\system32\USER32.dll
0x000007fefd120000 - 0x000007fefd187000 	C:\Windows\system32\GDI32.dll
0x000007fefd190000 - 0x000007fefd19e000 	C:\Windows\system32\LPK.dll
0x000007fefd630000 - 0x000007fefd6fa000 	C:\Windows\system32\USP10.dll
0x000007fefb710000 - 0x000007fefb904000 	C:\Windows\WinSxS\amd64_microsoft.windows.common-controls_6595b64144ccf1df_6.0.7601.18837_none_fa3b1e3d17594757\COMCTL32.dll
0x000007fefd560000 - 0x000007fefd5d1000 	C:\Windows\system32\SHLWAPI.dll
0x000007fefea90000 - 0x000007fefeabe000 	C:\Windows\system32\IMM32.DLL
0x000007fefdb50000 - 0x000007fefdc59000 	C:\Windows\system32\MSCTF.dll
0x0000000058aa0000 - 0x0000000058b72000 	C:\Program Files\Java\jdk1.8.0_101\jre\bin\msvcr100.dll
0x000000005cf10000 - 0x000000005d7aa000 	C:\Program Files\Java\jdk1.8.0_101\jre\bin\server\jvm.dll
0x000007fee7d20000 - 0x000007fee7d29000 	C:\Windows\system32\WSOCK32.dll
0x000007fefd5e0000 - 0x000007fefd62d000 	C:\Windows\system32\WS2_32.dll
0x000007fefd470000 - 0x000007fefd478000 	C:\Windows\system32\NSI.dll
0x000007fef62d0000 - 0x000007fef630b000 	C:\Windows\system32\WINMM.dll
0x000007fefbda0000 - 0x000007fefbdac000 	C:\Windows\system32\VERSION.dll
0x0000000077ce0000 - 0x0000000077ce7000 	C:\Windows\system32\PSAPI.DLL
0x00000000647d0000 - 0x00000000647df000 	C:\Program Files\Java\jdk1.8.0_101\jre\bin\verify.dll
0x000000005cee0000 - 0x000000005cf09000 	C:\Program Files\Java\jdk1.8.0_101\jre\bin\java.dll
0x000000005da10000 - 0x000000005da26000 	C:\Program Files\Java\jdk1.8.0_101\jre\bin\zip.dll
0x000007fefdd00000 - 0x000007fefea89000 	C:\Windows\system32\SHELL32.dll
0x000007fefd260000 - 0x000007fefd463000 	C:\Windows\system32\ole32.dll
0x000007fefcc30000 - 0x000007fefcc3f000 	C:\Windows\system32\profapi.dll

VM Arguments:
jvm_args: -Djava.awt.headless=true -Xmx1024M -Dfile.encoding=windows-1252 -Duser.country=US -Duser.language=en -Duser.variant 
java_command: com.android.dx.command.Main --dex --force-jumbo --multi-dex --output C:\Users\Sleazy P Martini\Desktop\AndroidProgrammerTest\app\build\intermediates\transforms\dex\debug\folders\1000\10\com.android.support-support-media-compat-24.2.1_df7e4de7955c353d450cf315030eee9d272a7d14 C:\Users\Sleazy P Martini\Desktop\AndroidProgrammerTest\app\build\intermediates\exploded-aar\com.android.support\support-media-compat\24.2.1\jars\classes.jar
java_class_path (initial): C:\Android\sdk\build-tools\21.1.2\lib\dx.jar
Launcher Type: SUN_STANDARD

Environment Variables:
JAVA_HOME=C:\Program Files\Java\jdk1.8.0_101
PATH=C:\Windows\Microsoft.NET\Framework64\v4.0.30319;C:\Program Files\Microsoft\Web Platform Installer\;C:\Program Files\Microsoft SQL Server\120\Tools\Binn\;C:\Program Files\Microsoft SQL Server\Client SDK\ODBC\110\Tools\Binn\;C:\Program Files (x86)\Microsoft SQL Server\120\Tools\Binn\;C:\Program Files\Microsoft SQL Server\120\DTS\Binn\;C:\Program Files (x86)\Microsoft SQL Server\120\Tools\Binn\ManagementStudio\;C:\Program Files (x86)\Microsoft SQL Server\120\DTS\Binn\;C:\Program Files\MongoDB\Server\3.2\bin;C:\Python27\;C:\Python27\Scripts\;C:\Program Files\emacs\bin\;C:\Program Files\nodejs\;C:\Program Files (x86)\Skype\Phone\;C:\Program Files\Microsoft DNX\Dnvm\;C:\Program Files\Microsoft SQL Server\130\Tools\Binn\;C:\Program Files\Git\cmd;C:\Program Files (x86)\Windows Kits\10\Windows Performance Toolkit\;C:\Users\Sleazy P Martini\.dnx\bin;C:\Users\Sleazy P Martini\AppData\Local\Pandoc\;C:\Users\Sleazy P Martini\AppData\Roaming\npm
USERNAME=Sleazy P Martini
OS=Windows_NT
PROCESSOR_IDENTIFIER=AMD64 Family 18 Model 1 Stepping 0, AuthenticAMD



---------------  S Y S T E M  ---------------

OS: Windows 7 , 64 bit Build 7601 (6.1.7601.23418)

CPU:total 4 (4 cores per cpu, 1 threads per core) family 18 model 1 stepping 0, cmov, cx8, fxsr, mmx, sse, sse2, sse3, popcnt, mmxext, 3dnowpref, lzcnt, sse4a, tsc, tscinvbit, tscinv

Memory: 4k page, physical 7842716k(897844k free), swap 8889432k(5336k free)

vm_info: Java HotSpot(TM) 64-Bit Server VM (25.101-b13) for windows-amd64 JRE (1.8.0_101-b13), built on Jun 22 2016 01:21:29 by "java_re" with MS VC++ 10.0 (VS2010)

time: Fri Sep 16 16:07:42 2016
elapsed time: 4 seconds (0d 0h 0m 4s)

