#
# There is insufficient memory for the Java Runtime Environment to continue.
# Native memory allocation (malloc) failed to allocate 175536 bytes for Chunk::new
# Possible reasons:
#   The system is out of physical RAM or swap space
#   In 32 bit mode, the process size limit was hit
# Possible solutions:
#   Reduce memory load on the system
#   Increase physical memory or swap space
#   Check if swap backing store is full
#   Use 64 bit Java on a 64 bit OS
#   Decrease Java heap size (-Xmx/-Xms)
#   Decrease number of Java threads
#   Decrease Java thread stack sizes (-Xss)
#   Set larger code cache with -XX:ReservedCodeCacheSize=
# This output file may be truncated or incomplete.
#
#  Out of Memory Error (allocation.cpp:390), pid=5988, tid=0x0000000000001c4c
#
# JRE version: Java(TM) SE Runtime Environment (8.0_101-b13) (build 1.8.0_101-b13)
# Java VM: Java HotSpot(TM) 64-Bit Server VM (25.101-b13 mixed mode windows-amd64 compressed oops)
# Failed to write core dump. Minidumps are not enabled by default on client versions of Windows
#

---------------  T H R E A D  ---------------

Current thread (0x0000000055430000):  JavaThread "C2 CompilerThread0" daemon [_thread_in_native, id=7244, stack(0x0000000056980000,0x0000000056a80000)]

Stack: [0x0000000056980000,0x0000000056a80000]
[error occurred during error reporting (printing stack bounds), id 0xc0000005]

Native frames: (J=compiled Java code, j=interpreted, Vv=VM code, C=native code)


Current CompileTask:
C2:   2593 1010   !   4       com.android.dx.cf.cst.ConstantPoolParser::parse0 (731 bytes)


---------------  P R O C E S S  ---------------

Java Threads: ( => current thread )
  0x0000000055437800 JavaThread "Service Thread" daemon [_thread_blocked, id=8716, stack(0x0000000057260000,0x0000000057360000)]
  0x0000000055435000 JavaThread "C1 CompilerThread2" daemon [_thread_blocked, id=8868, stack(0x0000000056d30000,0x0000000056e30000)]
  0x0000000055434000 JavaThread "C2 CompilerThread1" daemon [_thread_blocked, id=4884, stack(0x0000000056b70000,0x0000000056c70000)]
=>0x0000000055430000 JavaThread "C2 CompilerThread0" daemon [_thread_in_native, id=7244, stack(0x0000000056980000,0x0000000056a80000)]
  0x000000005543e800 JavaThread "Attach Listener" daemon [_thread_blocked, id=7436, stack(0x0000000056840000,0x0000000056940000)]
  0x000000005543d000 JavaThread "Signal Dispatcher" daemon [_thread_blocked, id=7624, stack(0x0000000056620000,0x0000000056720000)]
  0x0000000055419800 JavaThread "Finalizer" daemon [_thread_blocked, id=5660, stack(0x00000000563a0000,0x00000000564a0000)]
  0x00000000553d2000 JavaThread "Reference Handler" daemon [_thread_blocked, id=7680, stack(0x00000000564a0000,0x00000000565a0000)]
  0x00000000021e8000 JavaThread "main" [_thread_in_vm, id=6932, stack(0x00000000024d0000,0x00000000025d0000)]

Other Threads:
  0x00000000553ca800 VMThread [stack: 0x0000000056220000,0x0000000056320000] [id=5980]
  0x0000000056ed8800 WatcherThread [stack: 0x00000000574c0000,0x00000000575c0000] [id=5308]

VM state:not at safepoint (normal execution)

VM Mutex/Monitor currently owned by a thread: None

Heap:
 PSYoungGen      total 35840K, used 17461K [0x00000000eab00000, 0x00000000ed300000, 0x0000000100000000)
  eden space 30720K, 56% used [0x00000000eab00000,0x00000000ebc0d518,0x00000000ec900000)
  from space 5120K, 0% used [0x00000000ece00000,0x00000000ece00000,0x00000000ed300000)
  to   space 5120K, 0% used [0x00000000ec900000,0x00000000ec900000,0x00000000ece00000)
 ParOldGen       total 81920K, used 0K [0x00000000c0000000, 0x00000000c5000000, 0x00000000eab00000)
  object space 81920K, 0% used [0x00000000c0000000,0x00000000c0000000,0x00000000c5000000)
 Metaspace       used 5383K, capacity 6768K, committed 7040K, reserved 1056768K
  class space    used 538K, capacity 616K, committed 640K, reserved 1048576K

Card table byte_map: [0x0000000011c60000,0x0000000011e70000] byte_map_base: 0x0000000011660000

Marking Bits: (ParMarkBitMap*) 0x000000005d72a6d0
 Begin Bits: [0x0000000012840000, 0x0000000013840000)
 End Bits:   [0x0000000013840000, 0x0000000014840000)

Polling page: 0x0000000000260000

CodeCache: size=245760Kb used=4149Kb max_used=4159Kb free=241610Kb
 bounds [0x00000000028a0000, 0x0000000002cc0000, 0x00000000118a0000]
 total_blobs=1265 nmethods=1009 adapters=170
 compilation: enabled

Compilation events (10 events):
Event: 2.544 Thread 0x0000000055435000 nmethod 1005 0x0000000002cb2510 code [0x0000000002cb26e0, 0x0000000002cb2ee8]
Event: 2.544 Thread 0x0000000055435000 1006       3       com.android.dx.rop.cst.CstBaseMethodRef::getType (8 bytes)
Event: 2.545 Thread 0x0000000055435000 nmethod 1006 0x0000000002ca9950 code [0x0000000002ca9aa0, 0x0000000002ca9c90]
Event: 2.545 Thread 0x0000000055434000 1007       4       com.android.dx.ssa.SsaMethod$2::visitNonMoveInsn (6 bytes)
Event: 2.546 Thread 0x0000000055435000 1008       3       com.android.dx.rop.cst.TypedConstant::getBasicType (8 bytes)
Event: 2.546 Thread 0x0000000055435000 nmethod 1008 0x0000000002cb0b50 code [0x0000000002cb0cc0, 0x0000000002cb0f68]
Event: 2.546 Thread 0x0000000055434000 nmethod 1007 0x0000000002c94a10 code [0x0000000002c94b60, 0x0000000002c94bc8]
Event: 2.548 Thread 0x0000000055435000 1009       3       com.android.dx.rop.type.Type::compareTo (12 bytes)
Event: 2.548 Thread 0x0000000055435000 nmethod 1009 0x0000000002cb06d0 code [0x0000000002cb0840, 0x0000000002cb0a48]
Event: 2.552 Thread 0x0000000055430000 1010   !   4       com.android.dx.cf.cst.ConstantPoolParser::parse0 (731 bytes)

GC Heap History (0 events):
No events

Deoptimization events (1 events):
Event: 2.509 Thread 0x00000000021e8000 Uncommon trap: reason=unstable_if action=reinterpret pc=0x0000000002c91f2c method=com.android.dx.rop.code.RegisterSpec.withReg(I)Lcom/android/dx/rop/code/RegisterSpec; @ 5

Internal exceptions (2 events):
Event: 0.080 Thread 0x00000000021e8000 Exception <a 'java/lang/NoSuchMethodError': Method sun.misc.Unsafe.defineClass(Ljava/lang/String;[BII)Ljava/lang/Class; name or signature does not match> (0x00000000eab07cc0) thrown at [C:\re\workspace\8-2-build-windows-amd64-cygwin\jdk8u101\7261\hotspot\sÏ¨`…´?
Event: 0.080 Thread 0x00000000021e8000 Exception <a 'java/lang/NoSuchMethodError': Method sun.misc.Unsafe.prefetchRead(Ljava/lang/Object;J)V name or signature does not match> (0x00000000eab07fa8) thrown at [C:\re\workspace\8-2-build-windows-amd64-cygwin\jdk8u101\7261\hotspot\src\share\vm\prims\

Events (10 events):
Event: 1.010 loading class java/util/DualPivotQuicksort done
Event: 1.299 loading class java/util/ArrayList$1
Event: 1.299 loading class java/util/ArrayList$1 done
Event: 2.059 Executing VM operation: ForceSafepoint
Event: 2.060 Executing VM operation: ForceSafepoint done
Event: 2.390 loading class com/android/dx/cf/code/BytecodeArray$ConstantParserVisitor
Event: 2.390 loading class com/android/dx/cf/code/BytecodeArray$ConstantParserVisitor done
Event: 2.509 Thread 0x00000000021e8000 Uncommon trap: trap_request=0xffffff65 fr.pc=0x0000000002c91f2c
Event: 2.509 Thread 0x00000000021e8000 DEOPT PACKING pc=0x0000000002c91f2c sp=0x00000000025ce370
Event: 2.509 Thread 0x00000000021e8000 DEOPT UNPACKING pc=0x00000000028e582a sp=0x00000000025ce2a0 mode 2


Dynamic libraries:
0x000000013f850000 - 0x000000013f887000 	C:\Program Files\Java\jdk1.8.0_101\bin\java.exe
0x0000000077b10000 - 0x0000000077cba000 	C:\Windows\SYSTEM32\ntdll.dll
0x000007fee9ab0000 - 0x000007fee9ae3000 	C:\Program Files (x86)\AVG\Av\avghooka.dll
0x0000000077890000 - 0x00000000779af000 	C:\Windows\system32\kernel32.dll
0x000007fefcd60000 - 0x000007fefcdca000 	C:\Windows\system32\KERNELBASE.dll
0x000007fefd830000 - 0x000007fefd90b000 	C:\Windows\system32\ADVAPI32.dll
0x000007fefdc60000 - 0x000007fefdcff000 	C:\Windows\system32\msvcrt.dll
0x000007fefeac0000 - 0x000007fefeadf000 	C:\Windows\SYSTEM32\sechost.dll
0x000007fefd700000 - 0x000007fefd82d000 	C:\Windows\system32\RPCRT4.dll
0x0000000077790000 - 0x000000007788a000 	C:\Windows\system32\USER32.dll
0x000007fefd120000 - 0x000007fefd187000 	C:\Windows\system32\GDI32.dll
0x000007fefd190000 - 0x000007fefd19e000 	C:\Windows\system32\LPK.dll
0x000007fefd630000 - 0x000007fefd6fa000 	C:\Windows\system32\USP10.dll
0x000007fefb710000 - 0x000007fefb904000 	C:\Windows\WinSxS\amd64_microsoft.windows.common-controls_6595b64144ccf1df_6.0.7601.18837_none_fa3b1e3d17594757\COMCTL32.dll
0x000007fefd560000 - 0x000007fefd5d1000 	C:\Windows\system32\SHLWAPI.dll
0x000007fefea90000 - 0x000007fefeabe000 	C:\Windows\system32\IMM32.DLL
0x000007fefdb50000 - 0x000007fefdc59000 	C:\Windows\system32\MSCTF.dll
0x0000000058aa0000 - 0x0000000058b72000 	C:\Program Files\Java\jdk1.8.0_101\jre\bin\msvcr100.dll
0x000000005cf10000 - 0x000000005d7aa000 	C:\Program Files\Java\jdk1.8.0_101\jre\bin\server\jvm.dll
0x000007fee7d20000 - 0x000007fee7d29000 	C:\Windows\system32\WSOCK32.dll
0x000007fefd5e0000 - 0x000007fefd62d000 	C:\Windows\system32\WS2_32.dll
0x000007fefd470000 - 0x000007fefd478000 	C:\Windows\system32\NSI.dll
0x000007fef62d0000 - 0x000007fef630b000 	C:\Windows\system32\WINMM.dll
0x000007fefbda0000 - 0x000007fefbdac000 	C:\Windows\system32\VERSION.dll
0x0000000077ce0000 - 0x0000000077ce7000 	C:\Windows\system32\PSAPI.DLL
0x00000000647d0000 - 0x00000000647df000 	C:\Program Files\Java\jdk1.8.0_101\jre\bin\verify.dll
0x000000005cee0000 - 0x000000005cf09000 	C:\Program Files\Java\jdk1.8.0_101\jre\bin\java.dll
0x000000005da10000 - 0x000000005da26000 	C:\Program Files\Java\jdk1.8.0_101\jre\bin\zip.dll
0x000007fefdd00000 - 0x000007fefea89000 	C:\Windows\system32\SHELL32.dll
0x000007fefd260000 - 0x000007fefd463000 	C:\Windows\system32\ole32.dll
0x000007fefcc30000 - 0x000007fefcc3f000 	C:\Windows\system32\profapi.dll

VM Arguments:
jvm_args: -Djava.awt.headless=true -Xmx1024M -Dfile.encoding=windows-1252 -Duser.country=US -Duser.language=en -Duser.variant 
java_command: com.android.dx.command.Main --dex --force-jumbo --multi-dex --output C:\Users\Sleazy P Martini\Desktop\AndroidProgrammerTest\app\build\intermediates\transforms\dex\debug\folders\1000\5\slice_2 C:\Users\Sleazy P Martini\Desktop\AndroidProgrammerTest\app\build\intermediates\transforms\instantRunSlicer\debug\folders\1\5\slice_2
java_class_path (initial): C:\Android\sdk\build-tools\21.1.2\lib\dx.jar
Launcher Type: SUN_STANDARD

Environment Variables:
JAVA_HOME=C:\Program Files\Java\jdk1.8.0_101
PATH=C:\Windows\Microsoft.NET\Framework64\v4.0.30319;C:\Program Files\Microsoft\Web Platform Installer\;C:\Program Files\Microsoft SQL Server\120\Tools\Binn\;C:\Program Files\Microsoft SQL Server\Client SDK\ODBC\110\Tools\Binn\;C:\Program Files (x86)\Microsoft SQL Server\120\Tools\Binn\;C:\Program Files\Microsoft SQL Server\120\DTS\Binn\;C:\Program Files (x86)\Microsoft SQL Server\120\Tools\Binn\ManagementStudio\;C:\Program Files (x86)\Microsoft SQL Server\120\DTS\Binn\;C:\Program Files\MongoDB\Server\3.2\bin;C:\Python27\;C:\Python27\Scripts\;C:\Program Files\emacs\bin\;C:\Program Files\nodejs\;C:\Program Files (x86)\Skype\Phone\;C:\Program Files\Microsoft DNX\Dnvm\;C:\Program Files\Microsoft SQL Server\130\Tools\Binn\;C:\Program Files\Git\cmd;C:\Program Files (x86)\Windows Kits\10\Windows Performance Toolkit\;C:\Users\Sleazy P Martini\.dnx\bin;C:\Users\Sleazy P Martini\AppData\Local\Pandoc\;C:\Users\Sleazy P Martini\AppData\Roaming\npm
USERNAME=Sleazy P Martini
OS=Windows_NT
PROCESSOR_IDENTIFIER=AMD64 Family 18 Model 1 Stepping 0, AuthenticAMD



---------------  S Y S T E M  ---------------

OS: Windows 7 , 64 bit Build 7601 (6.1.7601.23418)

CPU:total 4 (4 cores per cpu, 1 threads per core) family 18 model 1 stepping 0, cmov, cx8, fxsr, mmx, sse, sse2, sse3, popcnt, mmxext, 3dnowpref, lzcnt, sse4a, tsc, tscinvbit, tscinv

Memory: 4k page, physical 7842716k(1001628k free), swap 8889432k(4956k free)

vm_info: Java HotSpot(TM) 64-Bit Server VM (25.101-b13) for windows-amd64 JRE (1.8.0_101-b13), built on Jun 22 2016 01:21:29 by "java_re" with MS VC++ 10.0 (VS2010)

time: Fri Sep 16 16:09:39 2016
elapsed time: 2 seconds (0d 0h 0m 2s)

